#
# There is insufficient memory for the Java Runtime Environment to continue.
# Native memory allocation (malloc) failed to allocate 32744 bytes for ChunkPool::allocate
# Possible reasons:
#   The system is out of physical RAM or swap space
#   In 32 bit mode, the process size limit was hit
# Possible solutions:
#   Reduce memory load on the system
#   Increase physical memory or swap space
#   Check if swap backing store is full
#   Use 64 bit Java on a 64 bit OS
#   Decrease Java heap size (-Xmx/-Xms)
#   Decrease number of Java threads
#   Decrease Java thread stack sizes (-Xss)
#   Set larger code cache with -XX:ReservedCodeCacheSize=
# This output file may be truncated or incomplete.
#
#  Out of Memory Error (allocation.cpp:273), pid=7580, tid=0x0000000000001ec4
#
# JRE version: Java(TM) SE Runtime Environment (8.0_121-b13) (build 1.8.0_121-b13)
# Java VM: Java HotSpot(TM) 64-Bit Server VM (25.121-b13 mixed mode windows-amd64 compressed oops)
# Failed to write core dump. Minidumps are not enabled by default on client versions of Windows
#

---------------  T H R E A D  ---------------

Current thread (0x00000000162be000):  JavaThread "C2 CompilerThread0" daemon [_thread_in_native, id=7876, stack(0x0000000017910000,0x0000000017a10000)]

Stack: [0x0000000017910000,0x0000000017a10000]
[error occurred during error reporting (printing stack bounds), id 0xc0000005]

Native frames: (J=compiled Java code, j=interpreted, Vv=VM code, C=native code)


Current CompileTask:
C2:3425364 23320       4       com.android.manifmerger.XmlNode::fromXmlName (69 bytes)


---------------  P R O C E S S  ---------------

Java Threads: ( => current thread )
  0x000000001de63000 JavaThread "stdout" [_thread_in_native, id=5720, stack(0x0000000028cb0000,0x0000000028db0000)]
  0x000000001de6a000 JavaThread "stderr" [_thread_in_native, id=7484, stack(0x0000000028bb0000,0x0000000028cb0000)]
  0x000000001de61000 JavaThread "stdout" [_thread_in_native, id=3424, stack(0x00000000288b0000,0x00000000289b0000)]
  0x000000001de67800 JavaThread "stderr" [_thread_in_native, id=5460, stack(0x00000000287b0000,0x00000000288b0000)]
  0x000000001de61800 JavaThread "stdout" [_thread_in_native, id=3484, stack(0x00000000286b0000,0x00000000287b0000)]
  0x000000001de67000 JavaThread "stderr" [_thread_in_native, id=3896, stack(0x00000000285b0000,0x00000000286b0000)]
  0x000000001de60000 JavaThread "WorkerExecutor Queue Thread 4" [_thread_blocked, id=4596, stack(0x00000000284b0000,0x00000000285b0000)]
  0x000000001de5f000 JavaThread "WorkerExecutor Queue Thread 3" [_thread_blocked, id=6968, stack(0x00000000283b0000,0x00000000284b0000)]
  0x000000001de64800 JavaThread "pool-17-thread-1" [_thread_blocked, id=7752, stack(0x00000000282b0000,0x00000000283b0000)]
  0x000000001de62800 JavaThread "WorkerExecutor Queue Thread 2" [_thread_blocked, id=5736, stack(0x00000000281b0000,0x00000000282b0000)]
  0x000000001de66000 JavaThread "WorkerExecutor Queue" [_thread_blocked, id=4340, stack(0x00000000280b0000,0x00000000281b0000)]
  0x000000001cac1800 JavaThread "Cache worker for execution history cache (C:\Users\ALEXANDRE\sms\.gradle\5.4.1\executionHistory)" [_thread_blocked, id=3404, stack(0x0000000027db0000,0x0000000027eb0000)]
  0x00000000197d2000 JavaThread "Execution worker for ':' Thread 3" [_thread_blocked, id=7428, stack(0x0000000027cb0000,0x0000000027db0000)]
  0x00000000197cd800 JavaThread "Execution worker for ':' Thread 2" [_thread_blocked, id=5404, stack(0x0000000027bb0000,0x0000000027cb0000)]
  0x00000000197cf000 JavaThread "Execution worker for ':'" [_thread_blocked, id=1140, stack(0x0000000027ab0000,0x0000000027bb0000)]
  0x000000001bfa4000 JavaThread "Cache worker for file content cache (C:\Users\ALEXANDRE\sms\.gradle\5.4.1\fileContent)" [_thread_blocked, id=8156, stack(0x00000000279b0000,0x0000000027ab0000)]
  0x000000001bfa9800 JavaThread "Cache worker for Build Output Cleanup Cache (C:\Users\ALEXANDRE\sms\.gradle\buildOutputCleanup)" [_thread_blocked, id=7652, stack(0x00000000235a0000,0x00000000236a0000)]
  0x000000001bfa7000 JavaThread "pool-16-thread-1" [_thread_blocked, id=4216, stack(0x0000000022fa0000,0x00000000230a0000)]
  0x00000000189dd800 JavaThread "Build operations Thread 4" [_thread_blocked, id=2436, stack(0x0000000022ca0000,0x0000000022da0000)]
  0x00000000189dd000 JavaThread "Build operations Thread 3" [_thread_blocked, id=3520, stack(0x00000000225a0000,0x00000000226a0000)]
  0x00000000189dc000 JavaThread "Build operations Thread 2" [_thread_blocked, id=4088, stack(0x0000000021470000,0x0000000021570000)]
  0x00000000189cf800 JavaThread "Build operations" [_thread_blocked, id=4072, stack(0x0000000021170000,0x0000000021270000)]
  0x00000000189db800 JavaThread "Cache worker for cache directory md-rule (C:\Users\ALEXANDRE\FamilyLife\.gradle\caches\5.4.1\md-rule)" [_thread_blocked, id=3908, stack(0x0000000020a70000,0x0000000020b70000)]
  0x00000000189d9000 JavaThread "Cache worker for cache directory md-supplier (C:\Users\ALEXANDRE\FamilyLife\.gradle\caches\5.4.1\md-supplier)" [_thread_blocked, id=7596, stack(0x0000000020970000,0x0000000020a70000)]
  0x00000000189da000 JavaThread "Cache worker for file hash cache (C:\Users\ALEXANDRE\sms\.gradle\5.4.1\fileHashes)" [_thread_blocked, id=2988, stack(0x0000000020730000,0x0000000020830000)]
  0x00000000189da800 JavaThread "Thread-187" [_thread_blocked, id=5536, stack(0x0000000020630000,0x0000000020730000)]
  0x00000000189d7000 JavaThread "Asynchronous log dispatcher for DefaultDaemonConnection: socket connection from /127.0.0.1:16439 to /127.0.0.1:20600" [_thread_blocked, id=2560, stack(0x000000001ab00000,0x000000001ac00000)]
  0x00000000189d1000 JavaThread "Cancel handler" [_thread_blocked, id=6784, stack(0x000000001a800000,0x000000001a900000)]
  0x00000000189d4800 JavaThread "Handler for socket connection from /127.0.0.1:16439 to /127.0.0.1:20600" [_thread_in_native, id=8136, stack(0x0000000000b10000,0x0000000000c10000)]
  0x00000000189d6000 JavaThread "Daemon worker Thread 6" [_thread_in_Java, id=5288, stack(0x000000001fc30000,0x000000001fd30000)]
  0x000000001cac0000 JavaThread "Daemon Thread 6" [_thread_blocked, id=1472, stack(0x000000001a700000,0x000000001a800000)]
  0x00000000197cf800 JavaThread "Cache worker for Java compile cache (C:\Users\ALEXANDRE\FamilyLife\.gradle\caches\5.4.1\javaCompile)" [_thread_blocked, id=6860, stack(0x0000000023ba0000,0x0000000023ca0000)]
  0x00000000197d2800 JavaThread "RMI Reaper" [_thread_blocked, id=4508, stack(0x00000000238a0000,0x00000000239a0000)]
  0x000000001cabb000 JavaThread "RMI TCP Accept-0" daemon [_thread_in_native, id=7112, stack(0x00000000237a0000,0x00000000238a0000)]
  0x000000001cac2000 JavaThread "GC Daemon" daemon [_thread_blocked, id=2456, stack(0x00000000236a0000,0x00000000237a0000)]
  0x000000001cac0800 JavaThread "RMI Scheduler(0)" daemon [_thread_blocked, id=4664, stack(0x00000000234a0000,0x00000000235a0000)]
  0x00000000189d5800 JavaThread "Cache worker for file content cache (C:\Users\ALEXANDRE\FamilyLife\.gradle\caches\5.4.1\fileContent)" [_thread_blocked, id=7604, stack(0x0000000022270000,0x0000000022370000)]
  0x00000000189d4000 JavaThread "Memory manager" [_thread_blocked, id=5648, stack(0x0000000021f70000,0x0000000022070000)]
  0x00000000189ce800 JavaThread "Cache worker for execution history cache (C:\Users\ALEXANDRE\FamilyLife\.gradle\caches\5.4.1\executionHistory)" [_thread_blocked, id=7356, stack(0x0000000020870000,0x0000000020970000)]
  0x0000000018894000 JavaThread "Cache worker for journal cache (C:\Users\ALEXANDRE\FamilyLife\.gradle\caches\journal-1)" [_thread_blocked, id=8044, stack(0x000000001ae00000,0x000000001af00000)]
  0x000000001889b000 JavaThread "File lock request listener" [_thread_in_native, id=8020, stack(0x000000001ad00000,0x000000001ae00000)]
  0x0000000018899000 JavaThread "Cache worker for file hash cache (C:\Users\ALEXANDRE\FamilyLife\.gradle\caches\5.4.1\fileHashes)" [_thread_blocked, id=8016, stack(0x000000001ac00000,0x000000001ad00000)]
  0x0000000019147000 JavaThread "Daemon periodic checks" [_thread_blocked, id=7188, stack(0x000000001a200000,0x000000001a300000)]
  0x0000000019145800 JavaThread "Incoming local TCP Connector on port 16439" [_thread_in_native, id=3836, stack(0x000000001a020000,0x000000001a120000)]
  0x000000001973a000 JavaThread "Daemon health stats" [_thread_blocked, id=1104, stack(0x00000000199e0000,0x0000000019ae0000)]
  0x000000001631d000 JavaThread "Service Thread" daemon [_thread_blocked, id=7900, stack(0x0000000018010000,0x0000000018110000)]
  0x00000000162c6000 JavaThread "C1 CompilerThread2" daemon [_thread_blocked, id=7972, stack(0x0000000017b10000,0x0000000017c10000)]
  0x00000000162c1000 JavaThread "C2 CompilerThread1" daemon [_thread_in_native, id=7864, stack(0x0000000017a10000,0x0000000017b10000)]
=>0x00000000162be000 JavaThread "C2 CompilerThread0" daemon [_thread_in_native, id=7876, stack(0x0000000017910000,0x0000000017a10000)]
  0x00000000162bb800 JavaThread "Attach Listener" daemon [_thread_blocked, id=6324, stack(0x0000000017810000,0x0000000017910000)]
  0x00000000162ba800 JavaThread "Signal Dispatcher" daemon [_thread_blocked, id=592, stack(0x0000000017710000,0x0000000017810000)]
  0x000000000294a000 JavaThread "Finalizer" daemon [_thread_blocked, id=4180, stack(0x0000000017530000,0x0000000017630000)]
  0x0000000002941000 JavaThread "Reference Handler" daemon [_thread_blocked, id=7984, stack(0x0000000017430000,0x0000000017530000)]
  0x000000000284e000 JavaThread "main" [_thread_blocked, id=7980, stack(0x00000000026a0000,0x00000000027a0000)]

Other Threads:
  0x0000000016287000 VMThread [stack: 0x0000000017330000,0x0000000017430000] [id=7872]
  0x0000000017c3d800 WatcherThread [stack: 0x0000000018110000,0x0000000018210000] [id=7212]

VM state:not at safepoint (normal execution)

VM Mutex/Monitor currently owned by a thread: None

Heap:
 PSYoungGen      total 310272K, used 76243K [0x00000000e0000000, 0x00000000f8e00000, 0x0000000100000000)
  eden space 224256K, 7% used [0x00000000e0000000,0x00000000e1030928,0x00000000edb00000)
  from space 86016K, 69% used [0x00000000f3a00000,0x00000000f7444688,0x00000000f8e00000)
  to   space 91648K, 0% used [0x00000000edb00000,0x00000000edb00000,0x00000000f3480000)
 ParOldGen       total 163328K, used 106829K [0x00000000a0000000, 0x00000000a9f80000, 0x00000000e0000000)
  object space 163328K, 65% used [0x00000000a0000000,0x00000000a68534b8,0x00000000a9f80000)
 Metaspace       used 115087K, capacity 121084K, committed 121216K, reserved 1155072K
  class space    used 15256K, capacity 16470K, committed 16512K, reserved 1048576K

Card table byte_map: [0x0000000011d10000,0x0000000012020000] byte_map_base: 0x0000000011810000

Marking Bits: (ParMarkBitMap*) 0x0000000051a5b6d0
 Begin Bits: [0x0000000012620000, 0x0000000013e20000)
 End Bits:   [0x0000000013e20000, 0x0000000015620000)

Polling page: 0x00000000025d0000

CodeCache: size=245760Kb used=64611Kb max_used=64730Kb free=181148Kb
 bounds [0x0000000002950000, 0x0000000006900000, 0x0000000011950000]
 total_blobs=18997 nmethods=18090 adapters=815
 compilation: enabled

Compilation events (10 events):
Event: 3424.972 Thread 0x00000000162c6000 23325       3       com.sun.org.apache.xerces.internal.impl.XMLDocumentFragmentScannerImpl::startEntity (137 bytes)
Event: 3424.974 Thread 0x00000000162c6000 nmethod 23325 0x0000000003af6210 code [0x0000000003af6420, 0x0000000003af71f8]
Event: 3424.974 Thread 0x00000000162c6000 23326       3       com.sun.org.apache.xerces.internal.impl.XMLScanner::startEntity (33 bytes)
Event: 3424.975 Thread 0x00000000162c6000 nmethod 23326 0x000000000336e550 code [0x000000000336e6c0, 0x000000000336e8c8]
Event: 3424.975 Thread 0x00000000162c6000 23327   !   3       com.sun.org.apache.xerces.internal.impl.XMLDocumentScannerImpl$XMLDeclDriver::next (268 bytes)
Event: 3424.977 Thread 0x00000000162c6000 nmethod 23327 0x0000000003b1d610 code [0x0000000003b1d8c0, 0x0000000003b1e7d8]
Event: 3424.977 Thread 0x00000000162c6000 23329   !   3       com.sun.org.apache.xerces.internal.parsers.XML11Configuration::parse (148 bytes)
Event: 3424.979 Thread 0x00000000162c6000 nmethod 23329 0x000000000324f190 code [0x000000000324f3e0, 0x0000000003250028]
Event: 3424.979 Thread 0x00000000162c6000 23331       3       com.sun.org.apache.xerces.internal.impl.XMLEntityManager::reset (319 bytes)
Event: 3425.023 Thread 0x00000000162c6000 nmethod 23331 0x0000000005c514d0 code [0x0000000005c51a00, 0x0000000005c55a08]

GC Heap History (10 events):
Event: 2229.200 GC heap before
{Heap before GC invocations=33 (full 5):
 PSYoungGen      total 309248K, used 308940K [0x00000000e0000000, 0x00000000f7d80000, 0x0000000100000000)
  eden space 276992K, 99% used [0x00000000e0000000,0x00000000f0e7da98,0x00000000f0e80000)
  from space 32256K, 99% used [0x00000000f1a80000,0x00000000f39b56a0,0x00000000f3a00000)
  to   space 56832K, 0% used [0x00000000f4600000,0x00000000f4600000,0x00000000f7d80000)
 ParOldGen       total 163328K, used 105642K [0x00000000a0000000, 0x00000000a9f80000, 0x00000000e0000000)
  object space 163328K, 64% used [0x00000000a0000000,0x00000000a672aa80,0x00000000a9f80000)
 Metaspace       used 107728K, capacity 113042K, committed 113280K, reserved 1146880K
  class space    used 14586K, capacity 15685K, committed 15744K, reserved 1048576K
Event: 2229.315 GC heap after
Heap after GC invocations=33 (full 5):
 PSYoungGen      total 322560K, used 51432K [0x00000000e0000000, 0x00000000f8080000, 0x0000000100000000)
  eden space 265728K, 0% used [0x00000000e0000000,0x00000000e0000000,0x00000000f0380000)
  from space 56832K, 90% used [0x00000000f4600000,0x00000000f783a330,0x00000000f7d80000)
  to   space 64000K, 0% used [0x00000000f0380000,0x00000000f0380000,0x00000000f4200000)
 ParOldGen       total 163328K, used 105650K [0x00000000a0000000, 0x00000000a9f80000, 0x00000000e0000000)
  object space 163328K, 64% used [0x00000000a0000000,0x00000000a672ca80,0x00000000a9f80000)
 Metaspace       used 107728K, capacity 113042K, committed 113280K, reserved 1146880K
  class space    used 14586K, capacity 15685K, committed 15744K, reserved 1048576K
}
Event: 2293.636 GC heap before
{Heap before GC invocations=34 (full 5):
 PSYoungGen      total 322560K, used 317160K [0x00000000e0000000, 0x00000000f8080000, 0x0000000100000000)
  eden space 265728K, 100% used [0x00000000e0000000,0x00000000f0380000,0x00000000f0380000)
  from space 56832K, 90% used [0x00000000f4600000,0x00000000f783a330,0x00000000f7d80000)
  to   space 64000K, 0% used [0x00000000f0380000,0x00000000f0380000,0x00000000f4200000)
 ParOldGen       total 163328K, used 105650K [0x00000000a0000000, 0x00000000a9f80000, 0x00000000e0000000)
  object space 163328K, 64% used [0x00000000a0000000,0x00000000a672ca80,0x00000000a9f80000)
 Metaspace       used 109772K, capacity 115394K, committed 115584K, reserved 1148928K
  class space    used 14821K, capacity 15963K, committed 16000K, reserved 1048576K
Event: 2293.724 GC heap after
Heap after GC invocations=34 (full 5):
 PSYoungGen      total 314368K, used 59384K [0x00000000e0000000, 0x00000000f8700000, 0x0000000100000000)
  eden space 254976K, 0% used [0x00000000e0000000,0x00000000e0000000,0x00000000ef900000)
  from space 59392K, 99% used [0x00000000f0380000,0x00000000f3d7e068,0x00000000f3d80000)
  to   space 72704K, 0% used [0x00000000f4000000,0x00000000f4000000,0x00000000f8700000)
 ParOldGen       total 163328K, used 105658K [0x00000000a0000000, 0x00000000a9f80000, 0x00000000e0000000)
  object space 163328K, 64% used [0x00000000a0000000,0x00000000a672ea80,0x00000000a9f80000)
 Metaspace       used 109772K, capacity 115394K, committed 115584K, reserved 1148928K
  class space    used 14821K, capacity 15963K, committed 16000K, reserved 1048576K
}
Event: 3336.564 GC heap before
{Heap before GC invocations=35 (full 5):
 PSYoungGen      total 314368K, used 314360K [0x00000000e0000000, 0x00000000f8700000, 0x0000000100000000)
  eden space 254976K, 100% used [0x00000000e0000000,0x00000000ef900000,0x00000000ef900000)
  from space 59392K, 99% used [0x00000000f0380000,0x00000000f3d7e068,0x00000000f3d80000)
  to   space 72704K, 0% used [0x00000000f4000000,0x00000000f4000000,0x00000000f8700000)
 ParOldGen       total 163328K, used 105658K [0x00000000a0000000, 0x00000000a9f80000, 0x00000000e0000000)
  object space 163328K, 64% used [0x00000000a0000000,0x00000000a672ea80,0x00000000a9f80000)
 Metaspace       used 113899K, capacity 119632K, committed 119808K, reserved 1153024K
  class space    used 15162K, capacity 16322K, committed 16384K, reserved 1048576K
Event: 3336.942 GC heap after
Heap after GC invocations=35 (full 5):
 PSYoungGen      total 315904K, used 72688K [0x00000000e0000000, 0x00000000f9400000, 0x0000000100000000)
  eden space 243200K, 0% used [0x00000000e0000000,0x00000000e0000000,0x00000000eed80000)
  from space 72704K, 99% used [0x00000000f4000000,0x00000000f86fc008,0x00000000f8700000)
  to   space 84480K, 0% used [0x00000000eed80000,0x00000000eed80000,0x00000000f4000000)
 ParOldGen       total 163328K, used 106629K [0x00000000a0000000, 0x00000000a9f80000, 0x00000000e0000000)
  object space 163328K, 65% used [0x00000000a0000000,0x00000000a68214b8,0x00000000a9f80000)
 Metaspace       used 113899K, capacity 119632K, committed 119808K, reserved 1153024K
  class space    used 15162K, capacity 16322K, committed 16384K, reserved 1048576K
}
Event: 3379.905 GC heap before
{Heap before GC invocations=36 (full 5):
 PSYoungGen      total 315904K, used 315888K [0x00000000e0000000, 0x00000000f9400000, 0x0000000100000000)
  eden space 243200K, 100% used [0x00000000e0000000,0x00000000eed80000,0x00000000eed80000)
  from space 72704K, 99% used [0x00000000f4000000,0x00000000f86fc008,0x00000000f8700000)
  to   space 84480K, 0% used [0x00000000eed80000,0x00000000eed80000,0x00000000f4000000)
 ParOldGen       total 163328K, used 106629K [0x00000000a0000000, 0x00000000a9f80000, 0x00000000e0000000)
  object space 163328K, 65% used [0x00000000a0000000,0x00000000a68214b8,0x00000000a9f80000)
 Metaspace       used 114719K, capacity 120704K, committed 120960K, reserved 1153024K
  class space    used 15249K, capacity 16462K, committed 16512K, reserved 1048576K
Event: 3380.103 GC heap after
Heap after GC invocations=36 (full 5):
 PSYoungGen      total 289792K, used 56255K [0x00000000e0000000, 0x00000000f9000000, 0x0000000100000000)
  eden space 233472K, 0% used [0x00000000e0000000,0x00000000e0000000,0x00000000ee400000)
  from space 56320K, 99% used [0x00000000eed80000,0x00000000f246fe20,0x00000000f2480000)
  to   space 88064K, 0% used [0x00000000f3a00000,0x00000000f3a00000,0x00000000f9000000)
 ParOldGen       total 163328K, used 106821K [0x00000000a0000000, 0x00000000a9f80000, 0x00000000e0000000)
  object space 163328K, 65% used [0x00000000a0000000,0x00000000a68514b8,0x00000000a9f80000)
 Metaspace       used 114719K, capacity 120704K, committed 120960K, reserved 1153024K
  class space    used 15249K, capacity 16462K, committed 16512K, reserved 1048576K
}
Event: 3407.009 GC heap before
{Heap before GC invocations=37 (full 5):
 PSYoungGen      total 289792K, used 289727K [0x00000000e0000000, 0x00000000f9000000, 0x0000000100000000)
  eden space 233472K, 100% used [0x00000000e0000000,0x00000000ee400000,0x00000000ee400000)
  from space 56320K, 99% used [0x00000000eed80000,0x00000000f246fe20,0x00000000f2480000)
  to   space 88064K, 0% used [0x00000000f3a00000,0x00000000f3a00000,0x00000000f9000000)
 ParOldGen       total 163328K, used 106821K [0x00000000a0000000, 0x00000000a9f80000, 0x00000000e0000000)
  object space 163328K, 65% used [0x00000000a0000000,0x00000000a68514b8,0x00000000a9f80000)
 Metaspace       used 115021K, capacity 121016K, committed 121216K, reserved 1155072K
  class space    used 15256K, capacity 16470K, committed 16512K, reserved 1048576K
Event: 3407.096 GC heap after
Heap after GC invocations=37 (full 5):
 PSYoungGen      total 310272K, used 59665K [0x00000000e0000000, 0x00000000f8e00000, 0x0000000100000000)
  eden space 224256K, 0% used [0x00000000e0000000,0x00000000e0000000,0x00000000edb00000)
  from space 86016K, 69% used [0x00000000f3a00000,0x00000000f7444688,0x00000000f8e00000)
  to   space 91648K, 0% used [0x00000000edb00000,0x00000000edb00000,0x00000000f3480000)
 ParOldGen       total 163328K, used 106829K [0x00000000a0000000, 0x00000000a9f80000, 0x00000000e0000000)
  object space 163328K, 65% used [0x00000000a0000000,0x00000000a68534b8,0x00000000a9f80000)
 Metaspace       used 115021K, capacity 121016K, committed 121216K, reserved 1155072K
  class space    used 15256K, capacity 16470K, committed 16512K, reserved 1048576K
}

Deoptimization events (10 events):
Event: 3399.130 Thread 0x00000000197cf000 Uncommon trap: reason=unstable_if action=reinterpret pc=0x00000000065aeeb8 method=com.sun.org.apache.xerces.internal.dom.ParentNode.nodeListItem(I)Lorg/w3c/dom/Node; @ 15
Event: 3399.132 Thread 0x00000000197cf000 Uncommon trap: reason=unstable_if action=reinterpret pc=0x00000000065a4ab8 method=com.sun.org.apache.xerces.internal.dom.ParentNode.nodeListItem(I)Lorg/w3c/dom/Node; @ 15
Event: 3399.135 Thread 0x00000000197cf000 Uncommon trap: reason=unstable_if action=reinterpret pc=0x00000000065ffb14 method=com.android.utils.XmlUtils.append(Lcom/android/utils/XmlUtils$PositionAwareStringBuilder;Lorg/w3c/dom/Node;Ljava/util/Map;Ljava/util/Set;)V @ 540
Event: 3399.135 Thread 0x00000000197cf000 Uncommon trap: reason=unstable_if action=reinterpret pc=0x00000000065ffb14 method=com.android.utils.XmlUtils.append(Lcom/android/utils/XmlUtils$PositionAwareStringBuilder;Lorg/w3c/dom/Node;Ljava/util/Map;Ljava/util/Set;)V @ 540
Event: 3399.197 Thread 0x00000000197cf000 Uncommon trap: reason=unstable_if action=reinterpret pc=0x00000000065ffb14 method=com.android.utils.XmlUtils.append(Lcom/android/utils/XmlUtils$PositionAwareStringBuilder;Lorg/w3c/dom/Node;Ljava/util/Map;Ljava/util/Set;)V @ 540
Event: 3399.470 Thread 0x00000000197cf000 Uncommon trap: reason=unstable_if action=reinterpret pc=0x00000000067f8b34 method=java.util.ComparableTimSort.mergeLo(IIII)V @ 350
Event: 3400.380 Thread 0x00000000197cf000 Uncommon trap: reason=class_check action=maybe_recompile pc=0x000000000682034c method=com.android.ide.common.resources.NodeUtils.duplicateNode(Lorg/w3c/dom/Document;Lorg/w3c/dom/Node;)Lorg/w3c/dom/Node; @ 11
Event: 3400.381 Thread 0x00000000197cf000 Uncommon trap: reason=class_check action=maybe_recompile pc=0x000000000682034c method=com.android.ide.common.resources.NodeUtils.duplicateNode(Lorg/w3c/dom/Document;Lorg/w3c/dom/Node;)Lorg/w3c/dom/Node; @ 11
Event: 3400.381 Thread 0x00000000197cf000 Uncommon trap: reason=class_check action=maybe_recompile pc=0x000000000682034c method=com.android.ide.common.resources.NodeUtils.duplicateNode(Lorg/w3c/dom/Document;Lorg/w3c/dom/Node;)Lorg/w3c/dom/Node; @ 11
Event: 3400.381 Thread 0x00000000197cf000 Uncommon trap: reason=class_check action=maybe_recompile pc=0x000000000682034c method=com.android.ide.common.resources.NodeUtils.duplicateNode(Lorg/w3c/dom/Document;Lorg/w3c/dom/Node;)Lorg/w3c/dom/Node; @ 11

Internal exceptions (10 events):
Event: 3387.266 Thread 0x00000000197cf000 Implicit null exception at 0x0000000006483524 to 0x0000000006483b55
Event: 3398.719 Thread 0x00000000197cf000 Implicit null exception at 0x0000000006540673 to 0x0000000006540f8d
Event: 3398.830 Thread 0x00000000197cf000 Implicit null exception at 0x0000000006750e8c to 0x0000000006752b69
Event: 3399.087 Thread 0x00000000197cf000 Implicit null exception at 0x00000000065ea1cb to 0x00000000065ed2f5
Event: 3399.087 Thread 0x00000000197cf000 Implicit null exception at 0x00000000065e023b to 0x00000000065e0885
Event: 3401.716 Thread 0x000000001de5f000 Exception <a 'java/io/IOException'> (0x00000000ecc3f278) thrown at [C:\re\workspace\8-2-build-windows-amd64-cygwin\jdk8u121\8372\hotspot\src\share\vm\prims\jni.cpp, line 709]
Event: 3402.012 Thread 0x000000001de5f000 Exception <a 'java/io/IOException'> (0x00000000edaa6ea0) thrown at [C:\re\workspace\8-2-build-windows-amd64-cygwin\jdk8u121\8372\hotspot\src\share\vm\prims\jni.cpp, line 709]
Event: 3402.271 Thread 0x000000001de5f000 Exception <a 'java/io/IOException'> (0x00000000edbcfde8) thrown at [C:\re\workspace\8-2-build-windows-amd64-cygwin\jdk8u121\8372\hotspot\src\share\vm\prims\jni.cpp, line 709]
Event: 3411.471 Thread 0x000000001de5f000 Exception <a 'java/io/IOException'> (0x00000000e0391690) thrown at [C:\re\workspace\8-2-build-windows-amd64-cygwin\jdk8u121\8372\hotspot\src\share\vm\prims\jni.cpp, line 709]
Event: 3413.361 Thread 0x000000001de5f000 Exception <a 'java/io/IOException'> (0x00000000e04c2818) thrown at [C:\re\workspace\8-2-build-windows-amd64-cygwin\jdk8u121\8372\hotspot\src\share\vm\prims\jni.cpp, line 709]

Events (10 events):
Event: 3424.956 Thread 0x00000000162c6000 flushing nmethod 0x0000000005633810
Event: 3424.959 Thread 0x00000000162c6000 flushing nmethod 0x0000000005a88750
Event: 3424.962 Thread 0x00000000162c6000 flushing nmethod 0x0000000005ee6850
Event: 3424.965 Thread 0x00000000162c6000 flushing nmethod 0x000000000627ae10
Event: 3424.968 Thread 0x00000000162c6000 flushing nmethod 0x0000000006565e10
Event: 3424.969 Thread 0x00000000162c6000 flushing nmethod 0x0000000006569f50
Event: 3424.969 Thread 0x00000000162c6000 flushing nmethod 0x000000000656e150
Event: 3424.969 Thread 0x00000000162c6000 flushing nmethod 0x0000000006571d10
Event: 3425.021 Thread 0x00000000189d6000 DEOPT PACKING pc=0x0000000006593630 sp=0x000000001fd29020
Event: 3425.021 Thread 0x00000000189d6000 DEOPT UNPACKING pc=0x000000000299787f sp=0x000000001fd28d88 mode 0


Dynamic libraries:
0x00007ff659300000 - 0x00007ff659337000 	C:\Program Files\Java\jdk1.8.0_121\bin\java.exe
0x00007ffe88d70000 - 0x00007ffe88f32000 	C:\Windows\SYSTEM32\ntdll.dll
0x00007ffe86770000 - 0x00007ffe8681d000 	C:\Windows\system32\KERNEL32.DLL
0x00007ffe85830000 - 0x00007ffe85a0d000 	C:\Windows\system32\KERNELBASE.dll
0x00007ffe86820000 - 0x00007ffe868c6000 	C:\Windows\system32\ADVAPI32.dll
0x00007ffe87400000 - 0x00007ffe8749d000 	C:\Windows\system32\msvcrt.dll
0x00007ffe86ff0000 - 0x00007ffe8704b000 	C:\Windows\system32\sechost.dll
0x00007ffe86a20000 - 0x00007ffe86b46000 	C:\Windows\system32\RPCRT4.dll
0x00007ffe86b50000 - 0x00007ffe86c9e000 	C:\Windows\system32\USER32.dll
0x00007ffe870c0000 - 0x00007ffe87243000 	C:\Windows\system32\GDI32.dll
0x00007ffe7c390000 - 0x00007ffe7c604000 	C:\Windows\WinSxS\amd64_microsoft.windows.common-controls_6595b64144ccf1df_6.0.10240.17184_none_f41d7a705752bce6\COMCTL32.dll
0x00007ffe87250000 - 0x00007ffe87286000 	C:\Windows\system32\IMM32.DLL
0x00007ffe87290000 - 0x00007ffe873ec000 	C:\Windows\system32\MSCTF.dll
0x0000000051ae0000 - 0x0000000051bb2000 	C:\Program Files\Java\jdk1.8.0_121\jre\bin\msvcr100.dll
0x0000000051240000 - 0x0000000051adb000 	C:\Program Files\Java\jdk1.8.0_121\jre\bin\server\jvm.dll
0x00007ffe87670000 - 0x00007ffe87678000 	C:\Windows\system32\PSAPI.DLL
0x00007ffe7ca60000 - 0x00007ffe7ca6a000 	C:\Windows\SYSTEM32\VERSION.dll
0x00007ffe83f00000 - 0x00007ffe83f23000 	C:\Windows\SYSTEM32\WINMM.dll
0x00007ffe7f570000 - 0x00007ffe7f579000 	C:\Windows\SYSTEM32\WSOCK32.dll
0x00007ffe87760000 - 0x00007ffe877c9000 	C:\Windows\system32\WS2_32.dll
0x00000000025a0000 - 0x00000000025cc000 	C:\Windows\SYSTEM32\WINMMBASE.dll
0x00007ffe88d60000 - 0x00007ffe88d68000 	C:\Windows\system32\NSI.dll
0x00007ffe86270000 - 0x00007ffe862b4000 	C:\Windows\system32\cfgmgr32.dll
0x00007ffe83f30000 - 0x00007ffe83f57000 	C:\Windows\SYSTEM32\DEVOBJ.dll
0x0000000051230000 - 0x000000005123f000 	C:\Program Files\Java\jdk1.8.0_121\jre\bin\verify.dll
0x0000000051200000 - 0x0000000051229000 	C:\Program Files\Java\jdk1.8.0_121\jre\bin\java.dll
0x00000000511e0000 - 0x00000000511f6000 	C:\Program Files\Java\jdk1.8.0_121\jre\bin\zip.dll
0x00007ffe87830000 - 0x00007ffe88d53000 	C:\Windows\system32\SHELL32.dll
0x00007ffe85be0000 - 0x00007ffe86209000 	C:\Windows\system32\windows.storage.dll
0x00007ffe864f0000 - 0x00007ffe8676c000 	C:\Windows\system32\combase.dll
0x00007ffe86430000 - 0x00007ffe86481000 	C:\Windows\system32\shlwapi.dll
0x00007ffe857b0000 - 0x00007ffe857bf000 	C:\Windows\system32\kernel.appcore.dll
0x00007ffe862c0000 - 0x00007ffe86373000 	C:\Windows\system32\shcore.dll
0x00007ffe857e0000 - 0x00007ffe8582a000 	C:\Windows\system32\powrprof.dll
0x00007ffe857c0000 - 0x00007ffe857d3000 	C:\Windows\system32\profapi.dll
0x00000000511c0000 - 0x00000000511da000 	C:\Program Files\Java\jdk1.8.0_121\jre\bin\net.dll
0x00007ffe84fa0000 - 0x00007ffe84ffd000 	C:\Windows\system32\mswsock.dll
0x00000000511a0000 - 0x00000000511b1000 	C:\Program Files\Java\jdk1.8.0_121\jre\bin\nio.dll
0x00007ffe7f510000 - 0x00007ffe7f536000 	C:\Users\ALEXANDRE\FamilyLife\.gradle\native\29\windows-amd64\native-platform.dll
0x0000000051190000 - 0x000000005119d000 	C:\Program Files\Java\jdk1.8.0_121\jre\bin\management.dll
0x00007ffe85000000 - 0x00007ffe85017000 	C:\Windows\SYSTEM32\CRYPTSP.dll
0x00007ffe856c0000 - 0x00007ffe856e8000 	C:\Windows\SYSTEM32\bcrypt.dll
0x00007ffe84c50000 - 0x00007ffe84c83000 	C:\Windows\system32\rsaenh.dll
0x00007ffe84d40000 - 0x00007ffe84d5f000 	C:\Windows\SYSTEM32\USERENV.dll
0x00007ffe85550000 - 0x00007ffe855bb000 	C:\Windows\system32\bcryptprimitives.dll
0x00007ffe85170000 - 0x00007ffe8517b000 	C:\Windows\SYSTEM32\CRYPTBASE.dll
0x00007ffe833c0000 - 0x00007ffe833f8000 	C:\Windows\SYSTEM32\IPHLPAPI.DLL
0x00007ffe833b0000 - 0x00007ffe833bb000 	C:\Windows\SYSTEM32\WINNSI.DLL
0x00007ffe81be0000 - 0x00007ffe81bf6000 	C:\Windows\SYSTEM32\dhcpcsvc6.DLL
0x00007ffe81650000 - 0x00007ffe8166a000 	C:\Windows\SYSTEM32\dhcpcsvc.DLL

VM Arguments:
jvm_args: -Xmx1536m -Dfile.encoding=windows-1252 -Duser.country=US -Duser.language=en -Duser.variant 
java_command: org.gradle.launcher.daemon.bootstrap.GradleDaemon 5.4.1
java_class_path (initial): C:\Users\ALEXANDRE\FamilyLife\.gradle\wrapper\dists\gradle-5.4.1-all\3221gyojl5jsh0helicew7rwx\gradle-5.4.1\lib\gradle-launcher-5.4.1.jar
Launcher Type: SUN_STANDARD

Environment Variables:
JAVA_HOME=C:\Program Files\Java\jdk1.8.0_121
PATH=C:\Python27\;C:\Python27\Scripts;C:\ProgramData\Oracle\Java\javapath;C:\Windows\system32;C:\Windows;C:\Windows\System32\Wbem;C:\Windows\System32\WindowsPowerShell\v1.0\;C:\Qt\Qt5.6.2\5.6\mingw49_32\bin;C:\Qt\Qt5.6.2\Tools\QtCreator\bin;C:\vstudio;C:\Program Files\Java\jdk1.8.0_121\bin;C:\Qt\Qt5.6.2\5.6\mingw49_32\bin;C:\Qt\Qt5.6.2\Tools\mingw492_32;C:\Program Files (x86)\Windows Kits\8.1\Windows Performance Toolkit\;C:\Program Files (x86)\Microsoft Emulator Manager\1.0\C:\MinGW\bin;C:\MinGW\include;C:\MinGW\mingw32\bin;C:\Qt\Qt5.6.2\Tools\mingw492_32\bin;C:\Users\ALEXANDRE\Desktop\gradle-3.5\bin;C:\Program Files\Android\Android Studio\bin;C:\Program Files\Microsoft\Web Platform Installer\;C:\Program Files (x86)\Microsoft ASP.NET\ASP.NET Web Pages\v1.0\;C:\Program Files\Microsoft SQL Server\110\Tools\Binn\;C:\Program Files (x86)\MATLAB\R2013\runtime\win32;C:\Program Files (x86)\MATLAB\R2013\bin;C:\Program Files (x86)\Common Files\lenovo\easyplussdk\bin;C:\android-studio-ide-162.3934792-windows\android-studio\gradle\gradle-4.6-bin;C:\Users\ALEXANDRE\Desktop\bin;C:\Program Files\Java\jre7\bin;C:\Program Files (x86)\MiKTeX 2.9\miktex\bin\;C:\Program Files\MATLAB\R2017a\runtime\win64;C:\Program Files\MATLAB\R2017a\bin;C:\Program Files\MiKTeX 2.9\miktex\bin\x64\;C:\Program Files\nodejs\;C:\ProgramData\chocolatey\bin;C:\Program Files\PuTTY\;C:\Program Files\Git\cmd;C:\Program Files\Git\bin;C:\Users\ALEXANDRE\AppData\Local\Programs\Python\Python37\Scripts\;C:\Users\ALEXANDRE\AppData\Local\Programs\Python\Python37\;C:\Program Files (x86)\Microsoft VS Code\bin;C:\Users\ALEXANDRE\AppData\Roaming\npm
USERNAME=ALEXANDRE
OS=Windows_NT
PROCESSOR_IDENTIFIER=Intel64 Family 6 Model 42 Stepping 7, GenuineIntel



---------------  S Y S T E M  ---------------

OS: Windows 10.0 , 64 bit Build 10240 (10.0.10240.17113)

CPU:total 4 (2 cores per cpu, 2 threads per core) family 6 model 42 stepping 7, cmov, cx8, fxsr, mmx, sse, sse2, sse3, ssse3, sse4.1, sse4.2, popcnt, avx, clmul, ht, tsc, tscinvbit

Memory: 4k page, physical 4140908k(314680k free), swap 5575532k(1944k free)

vm_info: Java HotSpot(TM) 64-Bit Server VM (25.121-b13) for windows-amd64 JRE (1.8.0_121-b13), built on Dec 12 2016 18:21:36 by "java_re" with MS VC++ 10.0 (VS2010)

time: Fri Oct 16 19:18:09 2020
elapsed time: 3425 seconds (0d 0h 57m 5s)

