#
# There is insufficient memory for the Java Runtime Environment to continue.
# Native memory allocation (malloc) failed to allocate 1144096 bytes for Chunk::new
# Possible reasons:
#   The system is out of physical RAM or swap space
#   The process is running with CompressedOops enabled, and the Java Heap may be blocking the growth of the native heap
# Possible solutions:
#   Reduce memory load on the system
#   Increase physical memory or swap space
#   Check if swap backing store is full
#   Decrease Java heap size (-Xmx/-Xms)
#   Decrease number of Java threads
#   Decrease Java thread stack sizes (-Xss)
#   Set larger code cache with -XX:ReservedCodeCacheSize=
#   JVM is running with Unscaled Compressed Oops mode in which the Java heap is
#     placed in the first 4GB address space. The Java Heap base address is the
#     maximum limit for the native heap growth. Please use -XX:HeapBaseMinAddress
#     to set the Java Heap base and to place the Java Heap above 4GB virtual address.
# This output file may be truncated or incomplete.
#
#  Out of Memory Error (allocation.cpp:389), pid=2756, tid=0x0000000000001680
#
# JRE version: OpenJDK Runtime Environment (8.0_202-b03) (build 1.8.0_202-release-1483-b03)
# Java VM: OpenJDK 64-Bit Server VM (25.202-b03 mixed mode windows-amd64 compressed oops)
# Failed to write core dump. Minidumps are not enabled by default on client versions of Windows
#

---------------  T H R E A D  ---------------

Current thread (0x0000000016033000):  JavaThread "C2 CompilerThread1" daemon [_thread_in_native, id=5760, stack(0x0000000017760000,0x0000000017860000)]

Stack: [0x0000000017760000,0x0000000017860000]
[error occurred during error reporting (printing stack bounds), id 0xc0000005]

Native frames: (J=compiled Java code, j=interpreted, Vv=VM code, C=native code)


Current CompileTask:
C2:3399261 22544       4       java.io.ObjectOutputStream::writeClassDesc (60 bytes)


---------------  P R O C E S S  ---------------

Java Threads: ( => current thread )
  0x000000001fc20000 JavaThread "GC Daemon" daemon [_thread_blocked, id=6684, stack(0x000000002bfa0000,0x000000002c0a0000)]
  0x000000001fc1f800 JavaThread "RMI RenewClean-[127.0.0.1:17247,org.jetbrains.kotlin.daemon.common.LoopbackNetworkInterface$ClientLoopbackSocketFactory@2123b34a]" daemon [_thread_blocked, id=480, stack(0x000000002bea0000,0x000000002bfa0000)]
  0x000000001fc1b000 JavaThread "RMI Scheduler(0)" daemon [_thread_blocked, id=6616, stack(0x000000002bda0000,0x000000002bea0000)]
  0x000000001fc1d000 JavaThread "stdout" [_thread_in_native, id=6344, stack(0x000000002b8a0000,0x000000002b9a0000)]
  0x000000001fc1c800 JavaThread "stdout" [_thread_in_native, id=3288, stack(0x000000002b7a0000,0x000000002b8a0000)]
  0x000000001fc15800 JavaThread "stdout" [_thread_in_native, id=4068, stack(0x000000002b6a0000,0x000000002b7a0000)]
  0x000000001fc18800 JavaThread "stderr" [_thread_in_native, id=5380, stack(0x000000002b5a0000,0x000000002b6a0000)]
  0x000000001fc15000 JavaThread "stderr" [_thread_in_native, id=6484, stack(0x000000002b4a0000,0x000000002b5a0000)]
  0x000000001fc1b800 JavaThread "stderr" [_thread_in_native, id=6448, stack(0x000000002b3a0000,0x000000002b4a0000)]
  0x000000001fc11000 JavaThread "stdout" [_thread_in_native, id=364, stack(0x000000002b2a0000,0x000000002b3a0000)]
  0x000000001fc14000 JavaThread "stderr" [_thread_in_native, id=6040, stack(0x000000002b1a0000,0x000000002b2a0000)]
  0x000000001fc13800 JavaThread "pool-17-thread-1" [_thread_blocked, id=4900, stack(0x000000002b0a0000,0x000000002b1a0000)]
  0x000000001fc12000 JavaThread "WorkerExecutor Queue Thread 4" [_thread_blocked, id=1276, stack(0x000000002afa0000,0x000000002b0a0000)]
  0x000000001fc16800 JavaThread "WorkerExecutor Queue Thread 3" [_thread_blocked, id=2564, stack(0x000000002aea0000,0x000000002afa0000)]
  0x000000001fc18000 JavaThread "WorkerExecutor Queue Thread 2" [_thread_blocked, id=3168, stack(0x000000002ada0000,0x000000002aea0000)]
  0x000000001fc17000 JavaThread "WorkerExecutor Queue" [_thread_blocked, id=196, stack(0x000000001a950000,0x000000001aa50000)]
  0x00000000194dc800 JavaThread "Cache worker for execution history cache (C:\Users\ALEXANDRE\sms\.gradle\5.4.1\executionHistory)" [_thread_blocked, id=5172, stack(0x000000002aca0000,0x000000002ada0000)]
  0x00000000194df800 JavaThread "Execution worker for ':' Thread 3" [_thread_blocked, id=1048, stack(0x000000002aba0000,0x000000002aca0000)]
  0x00000000194d5000 JavaThread "Execution worker for ':' Thread 2" [_thread_blocked, id=6224, stack(0x000000002a8a0000,0x000000002a9a0000)]
  0x00000000194da000 JavaThread "Execution worker for ':'" [_thread_in_native, id=6712, stack(0x000000002a7a0000,0x000000002a8a0000)]
  0x00000000194db000 JavaThread "Cache worker for file content cache (C:\Users\ALEXANDRE\sms\.gradle\5.4.1\fileContent)" [_thread_blocked, id=6976, stack(0x0000000029260000,0x0000000029360000)]
  0x00000000194d4000 JavaThread "Cache worker for file content cache (C:\Users\ALEXANDRE\FamilyLife\.gradle\caches\5.4.1\fileContent)" [_thread_blocked, id=5788, stack(0x0000000024a20000,0x0000000024b20000)]
  0x00000000194d8000 JavaThread "Cache worker for Build Output Cleanup Cache (C:\Users\ALEXANDRE\sms\.gradle\buildOutputCleanup)" [_thread_blocked, id=5284, stack(0x0000000023ca0000,0x0000000023da0000)]
  0x00000000194d6800 JavaThread "pool-16-thread-1" [_thread_blocked, id=3588, stack(0x0000000022730000,0x0000000022830000)]
  0x00000000194d5800 JavaThread "Build operations Thread 4" [_thread_blocked, id=6792, stack(0x0000000021310000,0x0000000021410000)]
  0x00000000194d7000 JavaThread "Build operations Thread 3" [_thread_blocked, id=3420, stack(0x0000000020e10000,0x0000000020f10000)]
  0x00000000194d8800 JavaThread "Build operations Thread 2" [_thread_blocked, id=1976, stack(0x0000000020a30000,0x0000000020b30000)]
  0x000000001bf14800 JavaThread "Build operations" [_thread_blocked, id=5968, stack(0x0000000020830000,0x0000000020930000)]
  0x000000001bf15800 JavaThread "Cache worker for cache directory md-rule (C:\Users\ALEXANDRE\FamilyLife\.gradle\caches\5.4.1\md-rule)" [_thread_blocked, id=4680, stack(0x0000000020730000,0x0000000020830000)]
  0x000000001bf13000 JavaThread "Cache worker for cache directory md-supplier (C:\Users\ALEXANDRE\FamilyLife\.gradle\caches\5.4.1\md-supplier)" [_thread_blocked, id=7060, stack(0x000000001eab0000,0x000000001ebb0000)]
  0x000000001bf11800 JavaThread "Cache worker for file hash cache (C:\Users\ALEXANDRE\sms\.gradle\5.4.1\fileHashes)" [_thread_blocked, id=6680, stack(0x000000001e4c0000,0x000000001e5c0000)]
  0x000000001bf0e000 JavaThread "Thread-156" [_thread_blocked, id=5272, stack(0x000000001e3c0000,0x000000001e4c0000)]
  0x000000001bf0c800 JavaThread "Asynchronous log dispatcher for DefaultDaemonConnection: socket connection from /127.0.0.1:20629 to /127.0.0.1:24307" [_thread_blocked, id=3136, stack(0x000000001a650000,0x000000001a750000)]
  0x000000001bf0b800 JavaThread "Daemon worker Thread 6" [_thread_blocked, id=3580, stack(0x000000001a550000,0x000000001a650000)]
  0x000000001bf0b000 JavaThread "Cancel handler" [_thread_blocked, id=2980, stack(0x0000000019a30000,0x0000000019b30000)]
  0x000000001bf0d000 JavaThread "Handler for socket connection from /127.0.0.1:20629 to /127.0.0.1:24307" [_thread_in_native, id=5776, stack(0x0000000000af0000,0x0000000000bf0000)]
  0x000000001bf0e800 JavaThread "Daemon Thread 6" [_thread_blocked, id=4088, stack(0x00000000009f0000,0x0000000000af0000)]
  0x00000000194de800 JavaThread "google-crash-pool-0" daemon [_thread_blocked, id=6000, stack(0x0000000020930000,0x0000000020a30000)]
  0x000000001bf12800 JavaThread "Memory manager" [_thread_blocked, id=6988, stack(0x0000000021410000,0x0000000021510000)]
  0x000000001bf08000 JavaThread "Cache worker for execution history cache (C:\Users\ALEXANDRE\FamilyLife\.gradle\caches\5.4.1\executionHistory)" [_thread_blocked, id=5424, stack(0x000000001fe30000,0x000000001ff30000)]
  0x00000000194ab800 JavaThread "Cache worker for journal cache (C:\Users\ALEXANDRE\FamilyLife\.gradle\caches\journal-1)" [_thread_blocked, id=7080, stack(0x000000001ae50000,0x000000001af50000)]
  0x00000000194a6800 JavaThread "File lock request listener" [_thread_in_native, id=5264, stack(0x000000001ab50000,0x000000001ac50000)]
  0x00000000194a7800 JavaThread "Cache worker for file hash cache (C:\Users\ALEXANDRE\FamilyLife\.gradle\caches\5.4.1\fileHashes)" [_thread_blocked, id=900, stack(0x000000001aa50000,0x000000001ab50000)]
  0x0000000018d36000 JavaThread "Daemon periodic checks" [_thread_blocked, id=1628, stack(0x000000001a050000,0x000000001a150000)]
  0x0000000018d34800 JavaThread "Incoming local TCP Connector on port 20629" [_thread_in_native, id=5012, stack(0x0000000019e70000,0x0000000019f70000)]
  0x00000000192c2000 JavaThread "Daemon health stats" [_thread_blocked, id=2284, stack(0x0000000019730000,0x0000000019830000)]
  0x0000000017988800 JavaThread "Service Thread" daemon [_thread_blocked, id=4976, stack(0x0000000017d60000,0x0000000017e60000)]
  0x000000001603c000 JavaThread "C1 CompilerThread2" daemon [_thread_blocked, id=6044, stack(0x0000000017860000,0x0000000017960000)]
=>0x0000000016033000 JavaThread "C2 CompilerThread1" daemon [_thread_in_native, id=5760, stack(0x0000000017760000,0x0000000017860000)]
  0x000000001602d000 JavaThread "C2 CompilerThread0" daemon [_thread_blocked, id=6708, stack(0x0000000017660000,0x0000000017760000)]
  0x000000001602b800 JavaThread "Attach Listener" daemon [_thread_blocked, id=3184, stack(0x0000000017560000,0x0000000017660000)]
  0x000000001602a800 JavaThread "Signal Dispatcher" daemon [_thread_blocked, id=5252, stack(0x0000000017460000,0x0000000017560000)]
  0x00000000026bc800 JavaThread "Finalizer" daemon [_thread_blocked, id=2928, stack(0x0000000017280000,0x0000000017380000)]
  0x0000000016019000 JavaThread "Reference Handler" daemon [_thread_blocked, id=3044, stack(0x0000000017180000,0x0000000017280000)]
  0x00000000025c2800 JavaThread "main" [_thread_blocked, id=3484, stack(0x0000000002400000,0x0000000002500000)]

Other Threads:
  0x0000000015ff7800 VMThread [stack: 0x0000000017080000,0x0000000017180000] [id=3132]
  0x000000001606e000 WatcherThread [stack: 0x0000000017e60000,0x0000000017f60000] [id=2224]

VM state:not at safepoint (normal execution)

VM Mutex/Monitor currently owned by a thread: None

heap address: 0x00000000a0000000, size: 1536 MB, Compressed Oops mode: 32-bit
Narrow klass base: 0x0000000000000000, Narrow klass shift: 3
Compressed class space size: 1073741824 Address: 0x0000000100000000

Heap:
 PSYoungGen      total 436224K, used 162468K [0x00000000e0000000, 0x00000000ff780000, 0x0000000100000000)
  eden space 364032K, 29% used [0x00000000e0000000,0x00000000e6843d90,0x00000000f6380000)
  from space 72192K, 77% used [0x00000000fae00000,0x00000000fe465608,0x00000000ff480000)
  to   space 75776K, 0% used [0x00000000f6380000,0x00000000f6380000,0x00000000fad80000)
 ParOldGen       total 198144K, used 130746K [0x00000000a0000000, 0x00000000ac180000, 0x00000000e0000000)
  object space 198144K, 65% used [0x00000000a0000000,0x00000000a7faebe0,0x00000000ac180000)
 Metaspace       used 132322K, capacity 139766K, committed 139944K, reserved 1171456K
  class space    used 16734K, capacity 18204K, committed 18344K, reserved 1048576K

Card table byte_map: [0x0000000011a80000,0x0000000011d90000] byte_map_base: 0x0000000011580000

Marking Bits: (ParMarkBitMap*) 0x0000000056b89f30
 Begin Bits: [0x0000000012390000, 0x0000000013b90000)
 End Bits:   [0x0000000013b90000, 0x0000000015390000)

Polling page: 0x0000000000cb0000

CodeCache: size=245760Kb used=67354Kb max_used=67466Kb free=178405Kb
 bounds [0x00000000026c0000, 0x0000000006910000, 0x00000000116c0000]
 total_blobs=18786 nmethods=17868 adapters=830
 compilation: enabled

Compilation events (10 events):
Event: 3387.134 Thread 0x000000001602d000 nmethod 22537 0x00000000068f2210 code [0x00000000068f2360, 0x00000000068f2538]
Event: 3387.300 Thread 0x000000001603c000 22541       1       java.lang.Byte::valueOf (10 bytes)
Event: 3387.301 Thread 0x000000001603c000 nmethod 22541 0x00000000068f1950 code [0x00000000068f1aa0, 0x00000000068f1bb0]
Event: 3398.807 Thread 0x0000000016033000 22542  s    4       java.io.DataOutputStream::write (14 bytes)
Event: 3398.830 Thread 0x0000000016033000 nmethod 22542 0x0000000006903350 code [0x00000000069034e0, 0x0000000006904128]
Event: 3399.051 Thread 0x000000001602d000 22543       4       java.io.ObjectOutputStream$BlockDataOutputStream::setBlockDataMode (35 bytes)
Event: 3399.055 Thread 0x0000000016033000 22544       4       java.io.ObjectOutputStream::writeClassDesc (60 bytes)
Event: 3399.062 Thread 0x000000001602d000 nmethod 22543 0x00000000068f1390 code [0x00000000068f14e0, 0x00000000068f16c8]
Event: 3399.108 Thread 0x000000001603c000 22545       1       java.util.logging.LogManager::access$1400 (5 bytes)
Event: 3399.108 Thread 0x000000001603c000 nmethod 22545 0x0000000002909bd0 code [0x0000000002909d20, 0x0000000002909e10]

GC Heap History (10 events):
Event: 2014.727 GC heap before
{Heap before GC invocations=45 (full 5):
 PSYoungGen      total 350720K, used 324982K [0x00000000e0000000, 0x00000000fa900000, 0x0000000100000000)
  eden space 289792K, 100% used [0x00000000e0000000,0x00000000f1b00000,0x00000000f1b00000)
  from space 60928K, 57% used [0x00000000f1b00000,0x00000000f3d5d8b0,0x00000000f5680000)
  to   space 59904K, 0% used [0x00000000f6e80000,0x00000000f6e80000,0x00000000fa900000)
 ParOldGen       total 198144K, used 124011K [0x00000000a0000000, 0x00000000ac180000, 0x00000000e0000000)
  object space 198144K, 62% used [0x00000000a0000000,0x00000000a791ad28,0x00000000ac180000)
 Metaspace       used 119975K, capacity 126358K, committed 126504K, reserved 1159168K
  class space    used 15327K, capacity 16579K, committed 16680K, reserved 1048576K
Event: 2014.815 GC heap after
Heap after GC invocations=45 (full 5):
 PSYoungGen      total 375808K, used 35963K [0x00000000e0000000, 0x00000000fad80000, 0x0000000100000000)
  eden space 315904K, 0% used [0x00000000e0000000,0x00000000e0000000,0x00000000f3480000)
  from space 59904K, 60% used [0x00000000f6e80000,0x00000000f919edb0,0x00000000fa900000)
  to   space 59392K, 0% used [0x00000000f3480000,0x00000000f3480000,0x00000000f6e80000)
 ParOldGen       total 198144K, used 124011K [0x00000000a0000000, 0x00000000ac180000, 0x00000000e0000000)
  object space 198144K, 62% used [0x00000000a0000000,0x00000000a791ad28,0x00000000ac180000)
 Metaspace       used 119975K, capacity 126358K, committed 126504K, reserved 1159168K
  class space    used 15327K, capacity 16579K, committed 16680K, reserved 1048576K
}
Event: 2019.928 GC heap before
{Heap before GC invocations=46 (full 5):
 PSYoungGen      total 375808K, used 351867K [0x00000000e0000000, 0x00000000fad80000, 0x0000000100000000)
  eden space 315904K, 100% used [0x00000000e0000000,0x00000000f3480000,0x00000000f3480000)
  from space 59904K, 60% used [0x00000000f6e80000,0x00000000f919edb0,0x00000000fa900000)
  to   space 59392K, 0% used [0x00000000f3480000,0x00000000f3480000,0x00000000f6e80000)
 ParOldGen       total 198144K, used 124011K [0x00000000a0000000, 0x00000000ac180000, 0x00000000e0000000)
  object space 198144K, 62% used [0x00000000a0000000,0x00000000a791ad28,0x00000000ac180000)
 Metaspace       used 120007K, capacity 126358K, committed 126504K, reserved 1159168K
  class space    used 15329K, capacity 16579K, committed 16680K, reserved 1048576K
Event: 2020.001 GC heap after
Heap after GC invocations=46 (full 5):
 PSYoungGen      total 375296K, used 32554K [0x00000000e0000000, 0x00000000fc280000, 0x0000000100000000)
  eden space 315904K, 0% used [0x00000000e0000000,0x00000000e0000000,0x00000000f3480000)
  from space 59392K, 54% used [0x00000000f3480000,0x00000000f544abb8,0x00000000f6e80000)
  to   space 57344K, 0% used [0x00000000f8a80000,0x00000000f8a80000,0x00000000fc280000)
 ParOldGen       total 198144K, used 124019K [0x00000000a0000000, 0x00000000ac180000, 0x00000000e0000000)
  object space 198144K, 62% used [0x00000000a0000000,0x00000000a791cd28,0x00000000ac180000)
 Metaspace       used 120007K, capacity 126358K, committed 126504K, reserved 1159168K
  class space    used 15329K, capacity 16579K, committed 16680K, reserved 1048576K
}
Event: 2036.468 GC heap before
{Heap before GC invocations=47 (full 5):
 PSYoungGen      total 375296K, used 348458K [0x00000000e0000000, 0x00000000fc280000, 0x0000000100000000)
  eden space 315904K, 100% used [0x00000000e0000000,0x00000000f3480000,0x00000000f3480000)
  from space 59392K, 54% used [0x00000000f3480000,0x00000000f544abb8,0x00000000f6e80000)
  to   space 57344K, 0% used [0x00000000f8a80000,0x00000000f8a80000,0x00000000fc280000)
 ParOldGen       total 198144K, used 124019K [0x00000000a0000000, 0x00000000ac180000, 0x00000000e0000000)
  object space 198144K, 62% used [0x00000000a0000000,0x00000000a791cd28,0x00000000ac180000)
 Metaspace       used 123554K, capacity 130401K, committed 130728K, reserved 1163264K
  class space    used 15843K, capacity 17203K, committed 17320K, reserved 1048576K
Event: 2036.587 GC heap after
Heap after GC invocations=47 (full 5):
 PSYoungGen      total 399360K, used 50151K [0x00000000e0000000, 0x00000000fc980000, 0x0000000100000000)
  eden space 342016K, 0% used [0x00000000e0000000,0x00000000e0000000,0x00000000f4e00000)
  from space 57344K, 87% used [0x00000000f8a80000,0x00000000fbb79fe8,0x00000000fc280000)
  to   space 61952K, 0% used [0x00000000f4e00000,0x00000000f4e00000,0x00000000f8a80000)
 ParOldGen       total 198144K, used 124027K [0x00000000a0000000, 0x00000000ac180000, 0x00000000e0000000)
  object space 198144K, 62% used [0x00000000a0000000,0x00000000a791ed28,0x00000000ac180000)
 Metaspace       used 123554K, capacity 130401K, committed 130728K, reserved 1163264K
  class space    used 15843K, capacity 17203K, committed 17320K, reserved 1048576K
}
Event: 3268.868 GC heap before
{Heap before GC invocations=48 (full 5):
 PSYoungGen      total 399360K, used 392167K [0x00000000e0000000, 0x00000000fc980000, 0x0000000100000000)
  eden space 342016K, 100% used [0x00000000e0000000,0x00000000f4e00000,0x00000000f4e00000)
  from space 57344K, 87% used [0x00000000f8a80000,0x00000000fbb79fe8,0x00000000fc280000)
  to   space 61952K, 0% used [0x00000000f4e00000,0x00000000f4e00000,0x00000000f8a80000)
 ParOldGen       total 198144K, used 124027K [0x00000000a0000000, 0x00000000ac180000, 0x00000000e0000000)
  object space 198144K, 62% used [0x00000000a0000000,0x00000000a791ed28,0x00000000ac180000)
 Metaspace       used 127671K, capacity 134937K, committed 135208K, reserved 1167360K
  class space    used 16186K, capacity 17633K, committed 17704K, reserved 1048576K
Event: 3269.265 GC heap after
Heap after GC invocations=48 (full 5):
 PSYoungGen      total 403968K, used 61926K [0x00000000e0000000, 0x00000000ff480000, 0x0000000100000000)
  eden space 342016K, 0% used [0x00000000e0000000,0x00000000e0000000,0x00000000f4e00000)
  from space 61952K, 99% used [0x00000000f4e00000,0x00000000f8a79af8,0x00000000f8a80000)
  to   space 72192K, 0% used [0x00000000fae00000,0x00000000fae00000,0x00000000ff480000)
 ParOldGen       total 198144K, used 130738K [0x00000000a0000000, 0x00000000ac180000, 0x00000000e0000000)
  object space 198144K, 65% used [0x00000000a0000000,0x00000000a7facbe0,0x00000000ac180000)
 Metaspace       used 127671K, capacity 134937K, committed 135208K, reserved 1167360K
  class space    used 16186K, capacity 17633K, committed 17704K, reserved 1048576K
}
Event: 3378.454 GC heap before
{Heap before GC invocations=49 (full 5):
 PSYoungGen      total 403968K, used 403942K [0x00000000e0000000, 0x00000000ff480000, 0x0000000100000000)
  eden space 342016K, 100% used [0x00000000e0000000,0x00000000f4e00000,0x00000000f4e00000)
  from space 61952K, 99% used [0x00000000f4e00000,0x00000000f8a79af8,0x00000000f8a80000)
  to   space 72192K, 0% used [0x00000000fae00000,0x00000000fae00000,0x00000000ff480000)
 ParOldGen       total 198144K, used 130738K [0x00000000a0000000, 0x00000000ac180000, 0x00000000e0000000)
  object space 198144K, 65% used [0x00000000a0000000,0x00000000a7facbe0,0x00000000ac180000)
 Metaspace       used 130301K, capacity 137777K, committed 138152K, reserved 1169408K
  class space    used 16457K, capacity 17935K, committed 18088K, reserved 1048576K
Event: 3378.545 GC heap after
Heap after GC invocations=49 (full 5):
 PSYoungGen      total 436224K, used 55701K [0x00000000e0000000, 0x00000000ff780000, 0x0000000100000000)
  eden space 364032K, 0% used [0x00000000e0000000,0x00000000e0000000,0x00000000f6380000)
  from space 72192K, 77% used [0x00000000fae00000,0x00000000fe465608,0x00000000ff480000)
  to   space 75776K, 0% used [0x00000000f6380000,0x00000000f6380000,0x00000000fad80000)
 ParOldGen       total 198144K, used 130746K [0x00000000a0000000, 0x00000000ac180000, 0x00000000e0000000)
  object space 198144K, 65% used [0x00000000a0000000,0x00000000a7faebe0,0x00000000ac180000)
 Metaspace       used 130301K, capacity 137777K, committed 138152K, reserved 1169408K
  class space    used 16457K, capacity 17935K, committed 18088K, reserved 1048576K
}

Deoptimization events (10 events):
Event: 3398.214 Thread 0x00000000194da000 Uncommon trap: reason=class_check action=maybe_recompile pc=0x00000000049262d4 method=java.io.ObjectOutputStream.writeObject0(Ljava/lang/Object;Z)V @ 240
Event: 3398.810 Thread 0x00000000194da000 Uncommon trap: reason=bimorphic action=maybe_recompile pc=0x0000000006492718 method=java.io.ObjectInputStream$PeekInputStream.read()I @ 23
Event: 3398.810 Thread 0x00000000194da000 Uncommon trap: reason=bimorphic action=maybe_recompile pc=0x0000000006492718 method=java.io.ObjectInputStream$PeekInputStream.read()I @ 23
Event: 3398.825 Thread 0x00000000194da000 Uncommon trap: reason=bimorphic action=maybe_recompile pc=0x0000000006492718 method=java.io.ObjectInputStream$PeekInputStream.read()I @ 23
Event: 3398.826 Thread 0x00000000194da000 Uncommon trap: reason=bimorphic action=maybe_recompile pc=0x0000000006492718 method=java.io.ObjectInputStream$PeekInputStream.read()I @ 23
Event: 3399.044 Thread 0x00000000194da000 Uncommon trap: reason=class_check action=maybe_recompile pc=0x00000000049262d4 method=java.io.ObjectOutputStream.writeObject0(Ljava/lang/Object;Z)V @ 240
Event: 3399.048 Thread 0x00000000194da000 Uncommon trap: reason=class_check action=maybe_recompile pc=0x00000000049262d4 method=java.io.ObjectOutputStream.writeObject0(Ljava/lang/Object;Z)V @ 240
Event: 3399.051 Thread 0x00000000194da000 Uncommon trap: reason=class_check action=maybe_recompile pc=0x00000000049262d4 method=java.io.ObjectOutputStream.writeObject0(Ljava/lang/Object;Z)V @ 240
Event: 3399.099 Thread 0x00000000194da000 Uncommon trap: reason=unstable_if action=reinterpret pc=0x000000000560231c method=java.io.ObjectInputStream.filterCheck(Ljava/lang/Class;I)V @ 4
Event: 3399.115 Thread 0x00000000194da000 Uncommon trap: reason=bimorphic action=maybe_recompile pc=0x0000000002efa178 method=java.io.DataOutputStream.writeShort(I)V @ 12

Classes redefined (0 events):
No events

Internal exceptions (10 events):
Event: 3295.513 Thread 0x00000000194da000 Exception <a 'java/lang/NoSuchMethodError': <clinit>> (0x00000000ecf26a78) thrown at [D:\src\AOSP-openjdk-cygwin\jdk8u\hotspot\src\share\vm\prims\jni.cpp, line 1614]
Event: 3330.230 Thread 0x00000000194df800 Exception <a 'java/lang/NoSuchMethodError': <clinit>> (0x00000000efbc0300) thrown at [D:\src\AOSP-openjdk-cygwin\jdk8u\hotspot\src\share\vm\prims\jni.cpp, line 1614]
Event: 3338.023 Thread 0x00000000194da000 Exception <a 'java/lang/NoSuchMethodError': <clinit>> (0x00000000f374be10) thrown at [D:\src\AOSP-openjdk-cygwin\jdk8u\hotspot\src\share\vm\prims\jni.cpp, line 1614]
Event: 3338.025 Thread 0x00000000194da000 Exception <a 'java/lang/NoSuchMethodError': <clinit>> (0x00000000f3765090) thrown at [D:\src\AOSP-openjdk-cygwin\jdk8u\hotspot\src\share\vm\prims\jni.cpp, line 1614]
Event: 3338.026 Thread 0x00000000194da000 Exception <a 'java/lang/NoSuchMethodError': <clinit>> (0x00000000f377d478) thrown at [D:\src\AOSP-openjdk-cygwin\jdk8u\hotspot\src\share\vm\prims\jni.cpp, line 1614]
Event: 3338.029 Thread 0x00000000194da000 Exception <a 'java/lang/NoSuchMethodError': <clinit>> (0x00000000f37ad9d8) thrown at [D:\src\AOSP-openjdk-cygwin\jdk8u\hotspot\src\share\vm\prims\jni.cpp, line 1614]
Event: 3397.825 Thread 0x00000000194da000 JVM_StopThread thread JavaThread 0x000000001fc19800 as oop 0x00000000e63b0aa0 [exception 0x000000002a89b0f8]
Event: 3398.830 Thread 0x00000000194da000 Exception <a 'java/lang/NoSuchMethodError': <clinit>> (0x00000000e65b2b98) thrown at [D:\src\AOSP-openjdk-cygwin\jdk8u\hotspot\src\share\vm\prims\jni.cpp, line 1614]
Event: 3399.045 Thread 0x00000000194da000 Exception <a 'java/lang/NoSuchMethodError': <clinit>> (0x00000000e65c83e8) thrown at [D:\src\AOSP-openjdk-cygwin\jdk8u\hotspot\src\share\vm\prims\jni.cpp, line 1614]
Event: 3399.108 Thread 0x000000001fc1f800 Exception <a 'java/lang/InterruptedException'> (0x00000000e67f8000) thrown at [D:\src\AOSP-openjdk-cygwin\jdk8u\hotspot\src\share\vm\runtime\objectMonitor.cpp, line 1680]

Events (10 events):
Event: 3399.115 Thread 0x00000000194da000 DEOPT PACKING pc=0x0000000002efa178 sp=0x000000002a89aae0
Event: 3399.116 Thread 0x00000000194da000 DEOPT UNPACKING pc=0x000000000270557b sp=0x000000002a89aae0 mode 2
Event: 3399.116 loading class org/jetbrains/kotlin/daemon/common/DaemonWithMetadata
Event: 3399.116 loading class org/jetbrains/kotlin/daemon/common/DaemonWithMetadata done
Event: 3399.153 loading class sun/rmi/server/WeakClassHashMap$ValueCell
Event: 3399.154 loading class sun/rmi/server/WeakClassHashMap$ValueCell done
Event: 3399.154 loading class java/rmi/server/RemoteObjectInvocationHandler$MethodToHash_Maps$1
Event: 3399.154 loading class java/rmi/server/RemoteObjectInvocationHandler$MethodToHash_Maps$1 done
Event: 3399.154 loading class java/security/DigestOutputStream
Event: 3399.154 loading class java/security/DigestOutputStream done


Dynamic libraries:
0x00007ff61d360000 - 0x00007ff61d391000 	C:\Program Files\Android\Android Studio2\jre\bin\java.exe
0x00007ffc11d30000 - 0x00007ffc11ef2000 	C:\Windows\SYSTEM32\ntdll.dll
0x00007ffc10e40000 - 0x00007ffc10eed000 	C:\Windows\system32\KERNEL32.DLL
0x00007ffc0f0f0000 - 0x00007ffc0f2cd000 	C:\Windows\system32\KERNELBASE.dll
0x00007ffc11c80000 - 0x00007ffc11d26000 	C:\Windows\system32\ADVAPI32.dll
0x00007ffc11b70000 - 0x00007ffc11c0d000 	C:\Windows\system32\msvcrt.dll
0x00007ffc11c20000 - 0x00007ffc11c7b000 	C:\Windows\system32\sechost.dll
0x00007ffc111d0000 - 0x00007ffc112f6000 	C:\Windows\system32\RPCRT4.dll
0x00007ffc11560000 - 0x00007ffc116ae000 	C:\Windows\system32\USER32.dll
0x00007ffc116b0000 - 0x00007ffc11833000 	C:\Windows\system32\GDI32.dll
0x00007ffc04370000 - 0x00007ffc045e4000 	C:\Windows\WinSxS\amd64_microsoft.windows.common-controls_6595b64144ccf1df_6.0.10240.17184_none_f41d7a705752bce6\COMCTL32.dll
0x00007ffc10ef0000 - 0x00007ffc10f26000 	C:\Windows\system32\IMM32.DLL
0x00007ffc11a10000 - 0x00007ffc11b6c000 	C:\Windows\system32\MSCTF.dll
0x00000000562e0000 - 0x00000000563b2000 	C:\Program Files\Android\Android Studio2\jre\jre\bin\msvcr100.dll
0x00000000563c0000 - 0x0000000056c06000 	C:\Program Files\Android\Android Studio2\jre\jre\bin\server\jvm.dll
0x00007ffc11300000 - 0x00007ffc11308000 	C:\Windows\system32\PSAPI.DLL
0x00007ffc088d0000 - 0x00007ffc088d9000 	C:\Windows\SYSTEM32\WSOCK32.dll
0x00007ffc10dd0000 - 0x00007ffc10e39000 	C:\Windows\system32\WS2_32.dll
0x00007ffc110e0000 - 0x00007ffc110e8000 	C:\Windows\system32\NSI.dll
0x00007ffc0c730000 - 0x00007ffc0c753000 	C:\Windows\SYSTEM32\WINMM.dll
0x00007ffc059f0000 - 0x00007ffc059fa000 	C:\Windows\SYSTEM32\VERSION.dll
0x00007ffc0c6f0000 - 0x00007ffc0c71c000 	C:\Windows\SYSTEM32\WINMMBASE.dll
0x00007ffc0eff0000 - 0x00007ffc0f034000 	C:\Windows\system32\cfgmgr32.dll
0x00007ffc0d030000 - 0x00007ffc0d057000 	C:\Windows\SYSTEM32\DEVOBJ.dll
0x00007ffc088c0000 - 0x00007ffc088cf000 	C:\Program Files\Android\Android Studio2\jre\jre\bin\verify.dll
0x00007ffc087d0000 - 0x00007ffc087f9000 	C:\Program Files\Android\Android Studio2\jre\jre\bin\java.dll
0x00007ffc03e40000 - 0x00007ffc03e56000 	C:\Program Files\Android\Android Studio2\jre\jre\bin\zip.dll
0x00007ffc0f410000 - 0x00007ffc10933000 	C:\Windows\system32\SHELL32.dll
0x00007ffc0e7f0000 - 0x00007ffc0ee19000 	C:\Windows\system32\windows.storage.dll
0x00007ffc10940000 - 0x00007ffc10bbc000 	C:\Windows\system32\combase.dll
0x00007ffc10bc0000 - 0x00007ffc10c11000 	C:\Windows\system32\shlwapi.dll
0x00007ffc0e7e0000 - 0x00007ffc0e7ef000 	C:\Windows\system32\kernel.appcore.dll
0x00007ffc0f2d0000 - 0x00007ffc0f383000 	C:\Windows\system32\shcore.dll
0x00007ffc0e770000 - 0x00007ffc0e7ba000 	C:\Windows\system32\powrprof.dll
0x00007ffc0e750000 - 0x00007ffc0e763000 	C:\Windows\system32\profapi.dll
0x00007ffc02eb0000 - 0x00007ffc02eca000 	C:\Program Files\Android\Android Studio2\jre\jre\bin\net.dll
0x00007ffc0dfc0000 - 0x00007ffc0e01d000 	C:\Windows\system32\mswsock.dll
0x00007ffc02920000 - 0x00007ffc02931000 	C:\Program Files\Android\Android Studio2\jre\jre\bin\nio.dll
0x00007ffbfc490000 - 0x00007ffbfc4b6000 	C:\Users\ALEXANDRE\FamilyLife\.gradle\native\29\windows-amd64\native-platform.dll
0x00007ffc08820000 - 0x00007ffc0882d000 	C:\Program Files\Android\Android Studio2\jre\jre\bin\management.dll
0x00007ffc0e020000 - 0x00007ffc0e037000 	C:\Windows\SYSTEM32\CRYPTSP.dll
0x00007ffc0e680000 - 0x00007ffc0e6a8000 	C:\Windows\SYSTEM32\bcrypt.dll
0x00007ffc0dc10000 - 0x00007ffc0dc43000 	C:\Windows\system32\rsaenh.dll
0x00007ffc0ddb0000 - 0x00007ffc0ddcf000 	C:\Windows\SYSTEM32\USERENV.dll
0x00007ffc0e570000 - 0x00007ffc0e5db000 	C:\Windows\system32\bcryptprimitives.dll
0x00007ffc0e190000 - 0x00007ffc0e19b000 	C:\Windows\SYSTEM32\CRYPTBASE.dll
0x00007ffc0c510000 - 0x00007ffc0c548000 	C:\Windows\SYSTEM32\IPHLPAPI.DLL
0x00007ffc0c500000 - 0x00007ffc0c50b000 	C:\Windows\SYSTEM32\WINNSI.DLL
0x00007ffc09680000 - 0x00007ffc09696000 	C:\Windows\SYSTEM32\dhcpcsvc6.DLL
0x00007ffc095b0000 - 0x00007ffc095ca000 	C:\Windows\SYSTEM32\dhcpcsvc.DLL
0x00007ffbfcad0000 - 0x00007ffbfcaf4000 	C:\Program Files\Android\Android Studio2\jre\jre\bin\sunec.dll
0x00007ffc0dd00000 - 0x00007ffc0dda8000 	C:\Windows\SYSTEM32\DNSAPI.dll
0x0000000056c60000 - 0x0000000056c86000 	C:\Program Files\Bonjour\mdnsNSP.dll
0x00007ffc054c0000 - 0x00007ffc054ca000 	C:\Windows\System32\rasadhlp.dll
0x00007ffc09fe0000 - 0x00007ffc0a048000 	C:\Windows\System32\fwpuclnt.dll
0x00007ffc00790000 - 0x00007ffc0079b000 	C:\Program Files\Android\Android Studio2\jre\jre\bin\sunmscapi.dll
0x00007ffc0ee20000 - 0x00007ffc0efe1000 	C:\Windows\system32\CRYPT32.dll
0x00007ffc0e7c0000 - 0x00007ffc0e7d1000 	C:\Windows\system32\MSASN1.dll
0x00007ffc0cf20000 - 0x00007ffc0cf98000 	C:\Windows\system32\apphelp.dll
0x00007ffbfce80000 - 0x00007ffbfce9e000 	C:\Users\ALEXANDRE\AppData\Local\Temp\native-platform7602028057006449439dir\native-platform.dll

VM Arguments:
jvm_args: -Xmx1536m -Dfile.encoding=windows-1252 -Duser.country=US -Duser.language=en -Duser.variant 
java_command: org.gradle.launcher.daemon.bootstrap.GradleDaemon 5.4.1
java_class_path (initial): C:\Users\ALEXANDRE\FamilyLife\.gradle\wrapper\dists\gradle-5.4.1-all\3221gyojl5jsh0helicew7rwx\gradle-5.4.1\lib\gradle-launcher-5.4.1.jar
Launcher Type: SUN_STANDARD

Environment Variables:
JAVA_HOME=C:\Program Files\Java\jdk1.8.0_121
PATH=C:\ProgramData\Oracle\Java\javapath;C:\Windows\system32;C:\Windows;C:\Windows\System32\Wbem;C:\Windows\System32\WindowsPowerShell\v1.0\;C:\Qt\Qt5.6.2\5.6\mingw49_32\bin;C:\Qt\Qt5.6.2\Tools\QtCreator\bin;C:\vstudio;C:\Program Files\Java\jdk1.8.0_121\bin;C:\Qt\Qt5.6.2\5.6\mingw49_32\bin;C:\Qt\Qt5.6.2\Tools\mingw492_32;C:\Program Files (x86)\Windows Kits\8.1\Windows Performance Toolkit\;C:\Program Files (x86)\Microsoft Emulator Manager\1.0\C:\MinGW\bin;C:\MinGW\include;C:\MinGW\mingw32\bin;C:\Qt\Qt5.6.2\Tools\mingw492_32\bin;C:\Users\ALEXANDRE\Desktop\gradle-3.5\bin;C:\Program Files\Android\Android Studio\bin;C:\Program Files\Microsoft\Web Platform Installer\;C:\Program Files (x86)\Microsoft ASP.NET\ASP.NET Web Pages\v1.0\;C:\Program Files\Microsoft SQL Server\110\Tools\Binn\;C:\Program Files (x86)\MATLAB\R2013\runtime\win32;C:\Program Files (x86)\MATLAB\R2013\bin;C:\Program Files (x86)\Common Files\lenovo\easyplussdk\bin;C:\android-studio-ide-162.3934792-windows\android-studio\gradle\gradle-4.6-bin;C:\Users\ALEXANDRE\Desktop\bin;C:\Program Files (x86)\Git\cmd;C:\Program Files\Java\jre7\bin;C:\Program Files (x86)\MiKTeX 2.9\miktex\bin\;C:\Program Files\MATLAB\R2017a\runtime\win64;C:\Program Files\MATLAB\R2017a\bin;C:\Program Files\MiKTeX 2.9\miktex\bin\x64\;C:\Program Files\nodejs\;C:\ProgramData\chocolatey\bin;C:\Program Files\PuTTY\;C:\Users\ALEXANDRE\AppData\Local\Programs\Python\Python37\Scripts\;C:\Users\ALEXANDRE\AppData\Local\Programs\Python\Python37\;C:\Program Files (x86)\Microsoft VS Code\bin;C:\Users\ALEXANDRE\AppData\Roaming\npm
USERNAME=ALEXANDRE
OS=Windows_NT
PROCESSOR_IDENTIFIER=Intel64 Family 6 Model 42 Stepping 7, GenuineIntel



---------------  S Y S T E M  ---------------

OS: Windows 10.0 , 64 bit Build 10240 (10.0.10240.17113)

CPU:total 4 (initial active 4) (2 cores per cpu, 2 threads per core) family 6 model 42 stepping 7, cmov, cx8, fxsr, mmx, sse, sse2, sse3, ssse3, sse4.1, sse4.2, popcnt, avx, clmul, ht, tsc, tscinvbit

Memory: 4k page, physical 4140908k(269832k free), swap 5575532k(3184k free)

vm_info: OpenJDK 64-Bit Server VM (25.202-b03) for windows-amd64 JRE (1.8.0_202-release-1483-b03), built by "builder" with MS VC++ 10.0 (VS2010)

time: Mon Aug 03 16:33:23 2020
timezone: W. Central Africa Standard Time
elapsed time: 3399 seconds (0d 0h 56m 39s)

