#
# There is insufficient memory for the Java Runtime Environment to continue.
# Native memory allocation (malloc) failed to allocate 1048576 bytes for AllocateHeap
# Possible reasons:
#   The system is out of physical RAM or swap space
#   The process is running with CompressedOops enabled, and the Java Heap may be blocking the growth of the native heap
# Possible solutions:
#   Reduce memory load on the system
#   Increase physical memory or swap space
#   Check if swap backing store is full
#   Decrease Java heap size (-Xmx/-Xms)
#   Decrease number of Java threads
#   Decrease Java thread stack sizes (-Xss)
#   Set larger code cache with -XX:ReservedCodeCacheSize=
#   JVM is running with Unscaled Compressed Oops mode in which the Java heap is
#     placed in the first 4GB address space. The Java Heap base address is the
#     maximum limit for the native heap growth. Please use -XX:HeapBaseMinAddress
#     to set the Java Heap base and to place the Java Heap above 4GB virtual address.
# This output file may be truncated or incomplete.
#
#  Out of Memory Error (memory/allocation.inline.hpp:61), pid=6752, tid=0x0000000000001440
#
# JRE version:  (8.0_202-b03) (build )
# Java VM: OpenJDK 64-Bit Server VM (25.202-b03 mixed mode windows-amd64 compressed oops)
# Failed to write core dump. Minidumps are not enabled by default on client versions of Windows
#

---------------  T H R E A D  ---------------

Current thread (0x0000000001ff2800):  JavaThread "Unknown thread" [_thread_in_vm, id=5184, stack(0x0000000001ed0000,0x0000000001fd0000)]

Stack: [0x0000000001ed0000,0x0000000001fd0000]
[error occurred during error reporting (printing stack bounds), id 0xc0000005]

Native frames: (J=compiled Java code, j=interpreted, Vv=VM code, C=native code)


---------------  P R O C E S S  ---------------

Java Threads: ( => current thread )

Other Threads:

=>0x0000000001ff2800 (exited) JavaThread "Unknown thread" [_thread_in_vm, id=5184, stack(0x0000000001ed0000,0x0000000001fd0000)]

VM state:not at safepoint (normal execution)

VM Mutex/Monitor currently owned by a thread: None

heap address: 0x00000000c0c00000, size: 1012 MB, Compressed Oops mode: 32-bit
Narrow klass base: 0x0000000000000000, Narrow klass shift: 3
Compressed class space size: 1073741824 Address: 0x0000000100000000

Heap:
 PSYoungGen      total 18944K, used 327K [0x00000000eaf00000, 0x00000000ec400000, 0x0000000100000000)
  eden space 16384K, 2% used [0x00000000eaf00000,0x00000000eaf51ec8,0x00000000ebf00000)
  from space 2560K, 0% used [0x00000000ec180000,0x00000000ec180000,0x00000000ec400000)
  to   space 2560K, 0% used [0x00000000ebf00000,0x00000000ebf00000,0x00000000ec180000)
 ParOldGen       total 44032K, used 0K [0x00000000c0c00000, 0x00000000c3700000, 0x00000000eaf00000)
  object space 44032K, 0% used [0x00000000c0c00000,0x00000000c0c00000,0x00000000c3700000)
 Metaspace       used 778K, capacity 4480K, committed 4480K, reserved 1056768K
  class space    used 74K, capacity 384K, committed 384K, reserved 1048576K

Card table byte_map: [0x00000000114c0000,0x00000000116c0000] byte_map_base: 0x0000000010eba000

Marking Bits: (ParMarkBitMap*) 0x0000000063ac9f30
 Begin Bits: [0x0000000011c20000, 0x0000000012bf0000)
 End Bits:   [0x0000000012bf0000, 0x0000000013bc0000)

Polling page: 0x0000000001fd0000

CodeCache: size=245760Kb used=328Kb max_used=328Kb free=245431Kb
 bounds [0x0000000002100000, 0x0000000002370000, 0x0000000011100000]
 total_blobs=57 nmethods=0 adapters=38
 compilation: enabled

Compilation events (0 events):
No events

GC Heap History (0 events):
No events

Deoptimization events (0 events):
No events

Classes redefined (0 events):
No events

Internal exceptions (0 events):
No events

Events (10 events):
Event: 0.161 loading class java/lang/Short
Event: 0.161 loading class java/lang/Short done
Event: 0.161 loading class java/lang/Integer
Event: 0.162 loading class java/lang/Integer done
Event: 0.162 loading class java/lang/Long
Event: 0.162 loading class java/lang/Long done
Event: 0.163 loading class java/lang/NullPointerException
Event: 0.163 loading class java/lang/NullPointerException done
Event: 0.163 loading class java/lang/ArithmeticException
Event: 0.163 loading class java/lang/ArithmeticException done


Dynamic libraries:
0x00007ff674160000 - 0x00007ff674191000 	C:\Program Files\Android\Android Studio2\jre\jre\bin\java.exe
0x00007ffa36b00000 - 0x00007ffa36cc2000 	C:\Windows\SYSTEM32\ntdll.dll
0x00007ffa34350000 - 0x00007ffa343fd000 	C:\Windows\system32\KERNEL32.DLL
0x00007ffa33790000 - 0x00007ffa3396d000 	C:\Windows\system32\KERNELBASE.dll
0x00007ffa36a20000 - 0x00007ffa36ac6000 	C:\Windows\system32\ADVAPI32.dll
0x00007ffa36530000 - 0x00007ffa365cd000 	C:\Windows\system32\msvcrt.dll
0x00007ffa36190000 - 0x00007ffa361eb000 	C:\Windows\system32\sechost.dll
0x00007ffa34400000 - 0x00007ffa34526000 	C:\Windows\system32\RPCRT4.dll
0x00007ffa34950000 - 0x00007ffa34a9e000 	C:\Windows\system32\USER32.dll
0x00007ffa341c0000 - 0x00007ffa34343000 	C:\Windows\system32\GDI32.dll
0x00007ffa2a530000 - 0x00007ffa2a7a4000 	C:\Windows\WinSxS\amd64_microsoft.windows.common-controls_6595b64144ccf1df_6.0.10240.17184_none_f41d7a705752bce6\COMCTL32.dll
0x00007ffa361f0000 - 0x00007ffa36226000 	C:\Windows\system32\IMM32.DLL
0x00007ffa368c0000 - 0x00007ffa36a1c000 	C:\Windows\system32\MSCTF.dll
0x00000000628d0000 - 0x00000000629a2000 	C:\Program Files\Android\Android Studio2\jre\jre\bin\msvcr100.dll
0x0000000063300000 - 0x0000000063b46000 	C:\Program Files\Android\Android Studio2\jre\jre\bin\server\jvm.dll
0x00007ffa364b0000 - 0x00007ffa364b8000 	C:\Windows\system32\PSAPI.DLL
0x00007ffa317c0000 - 0x00007ffa317e3000 	C:\Windows\SYSTEM32\WINMM.dll
0x00007ffa31c90000 - 0x00007ffa31c99000 	C:\Windows\SYSTEM32\WSOCK32.dll
0x00007ffa29b70000 - 0x00007ffa29b7a000 	C:\Windows\SYSTEM32\VERSION.dll
0x00007ffa364c0000 - 0x00007ffa36529000 	C:\Windows\system32\WS2_32.dll
0x00007ffa36180000 - 0x00007ffa36188000 	C:\Windows\system32\NSI.dll
0x0000000001ea0000 - 0x0000000001ecc000 	C:\Windows\SYSTEM32\WINMMBASE.dll
0x00007ffa33a80000 - 0x00007ffa33ac4000 	C:\Windows\system32\cfgmgr32.dll
0x00007ffa31d60000 - 0x00007ffa31d87000 	C:\Windows\SYSTEM32\DEVOBJ.dll
0x00007ffa31590000 - 0x00007ffa3159f000 	C:\Program Files\Android\Android Studio2\jre\jre\bin\verify.dll
0x00007ffa31560000 - 0x00007ffa31589000 	C:\Program Files\Android\Android Studio2\jre\jre\bin\java.dll
0x00007ffa31320000 - 0x00007ffa31336000 	C:\Program Files\Android\Android Studio2\jre\jre\bin\zip.dll

VM Arguments:
java_command: org.jetbrains.git4idea.http.GitAskPassApp Username for 'https://github.com': 
java_class_path (initial): C:/Program Files/Android/Android Studio2/plugins/git4idea/lib/git4idea-rt.jar;C:/Program Files/Android/Android Studio2/lib/xmlrpc-2.0.1.jar;C:/Program Files/Android/Android Studio2/lib/commons-codec-1.10.jar;C:/Program Files/Android/Android Studio2/lib/util.jar
Launcher Type: SUN_STANDARD

Environment Variables:
JAVA_HOME=C:\Program Files\Java\jdk1.8.0_121
PATH=C:/Program Files/Git/mingw64/libexec/git-core;C:/Program Files/Git/mingw64/libexec/git-core;C:\Program Files\Git\mingw64\bin;C:\Program Files\Git\usr\bin;C:\Users\ALEXANDRE\bin;C:\Python27\;C:\Python27\Scripts;C:\ProgramData\Oracle\Java\javapath;C:\Windows\system32;C:\Windows;C:\Windows\System32\Wbem;C:\Windows\System32\WindowsPowerShell\v1.0\;C:\Qt\Qt5.6.2\5.6\mingw49_32\bin;C:\Qt\Qt5.6.2\Tools\QtCreator\bin;C:\vstudio;C:\Program Files\Java\jdk1.8.0_121\bin;C:\Qt\Qt5.6.2\5.6\mingw49_32\bin;C:\Qt\Qt5.6.2\Tools\mingw492_32;C:\Program Files (x86)\Windows Kits\8.1\Windows Performance Toolkit\;C:\Program Files (x86)\Microsoft Emulator Manager\1.0\C:\MinGW\bin;C:\MinGW\include;C:\MinGW\mingw32\bin;C:\Qt\Qt5.6.2\Tools\mingw492_32\bin;C:\Users\ALEXANDRE\Desktop\gradle-3.5\bin;C:\Program Files\Android\Android Studio\bin;C:\Program Files\Microsoft\Web Platform Installer\;C:\Program Files (x86)\Microsoft ASP.NET\ASP.NET Web Pages\v1.0\;C:\Program Files\Microsoft SQL Server\110\Tools\Binn\;C:\Program Files (x86)\MATLAB\R2013\runtime\win32;C:\Program Files (x86)\MATLAB\R2013\bin;C:\Program Files (x86)\Common Files\lenovo\easyplussdk\bin;C:\android-studio-ide-162.3934792-windows\android-studio\gradle\gradle-4.6-bin;C:\Users\ALEXANDRE\Desktop\bin;C:\Program Files\Java\jre7\bin;C:\Program Files (x86)\MiKTeX 2.9\miktex\bin\;C:\Program Files\MATLAB\R2017a\runtime\win64;C:\Program Files\MATLAB\R2017a\bin;C:\Program Files\MiKTeX 2.9\miktex\bin\x64\;C:\Program Files\nodejs\;C:\ProgramData\chocolatey\bin;C:\Program Files\PuTTY\;C:\Program Files\Git\cmd;C:\Program Files\Git\bin;C:\Users\ALEXANDRE\AppData\Local\Programs\Python\Python37\Scripts\;C:\Users\ALEXANDRE\AppData\Local\Programs\Python\Python37\;C:\Program Files (x86)\Microsoft VS Code\bin;C:\Users\ALEXANDRE\AppData\Roaming\npm
USERNAME=ALEXANDRE
DISPLAY=:0.0
OS=Windows_NT
PROCESSOR_IDENTIFIER=Intel64 Family 6 Model 42 Stepping 7, GenuineIntel



---------------  S Y S T E M  ---------------

OS: Windows 10.0 , 64 bit Build 10240 (10.0.10240.17113)

CPU:total 4 (initial active 4) (2 cores per cpu, 2 threads per core) family 6 model 42 stepping 7, cmov, cx8, fxsr, mmx, sse, sse2, sse3, ssse3, sse4.1, sse4.2, popcnt, avx, clmul, ht, tsc, tscinvbit

Memory: 4k page, physical 4140908k(1126108k free), swap 5575532k(5380k free)

vm_info: OpenJDK 64-Bit Server VM (25.202-b03) for windows-amd64 JRE (1.8.0_202-release-1483-b03), built by "builder" with MS VC++ 10.0 (VS2010)

time: Wed Oct 14 15:55:54 2020
timezone: W. Central Africa Standard Time
elapsed time: 0 seconds (0d 0h 0m 0s)

