#
# There is insufficient memory for the Java Runtime Environment to continue.
# Native memory allocation (malloc) failed to allocate 159840 bytes for Chunk::new
# Possible reasons:
#   The system is out of physical RAM or swap space
#   In 32 bit mode, the process size limit was hit
# Possible solutions:
#   Reduce memory load on the system
#   Increase physical memory or swap space
#   Check if swap backing store is full
#   Use 64 bit Java on a 64 bit OS
#   Decrease Java heap size (-Xmx/-Xms)
#   Decrease number of Java threads
#   Decrease Java thread stack sizes (-Xss)
#   Set larger code cache with -XX:ReservedCodeCacheSize=
# This output file may be truncated or incomplete.
#
#  Out of Memory Error (allocation.cpp:390), pid=4936, tid=0x0000000000001b48
#
# JRE version: Java(TM) SE Runtime Environment (8.0_121-b13) (build 1.8.0_121-b13)
# Java VM: Java HotSpot(TM) 64-Bit Server VM (25.121-b13 mixed mode windows-amd64 compressed oops)
# Failed to write core dump. Minidumps are not enabled by default on client versions of Windows
#

---------------  T H R E A D  ---------------

Current thread (0x0000000015c61000):  JavaThread "C2 CompilerThread1" daemon [_thread_in_native, id=6984, stack(0x0000000017390000,0x0000000017490000)]

Stack: [0x0000000017390000,0x0000000017490000]
[error occurred during error reporting (printing stack bounds), id 0xc0000005]

Native frames: (J=compiled Java code, j=interpreted, Vv=VM code, C=native code)


Current CompileTask:
C2:3579170 18915       4       com.android.build.gradle.internal.packaging.ParsedPackagingOptions::getAction (162 bytes)


---------------  P R O C E S S  ---------------

Java Threads: ( => current thread )
  0x000000001c222000 JavaThread "ForkJoinPool.commonPool-worker-2" daemon [_thread_blocked, id=5348, stack(0x0000000025cb0000,0x0000000025db0000)]
  0x000000001c21f000 JavaThread "ForkJoinPool.commonPool-worker-1" daemon [_thread_blocked, id=7732, stack(0x00000000246b0000,0x00000000247b0000)]
  0x000000001c21e000 JavaThread "WorkerExecutor Queue Thread 5" [_thread_blocked, id=2056, stack(0x0000000025bb0000,0x0000000025cb0000)]
  0x000000001c21c800 JavaThread "Cache worker for Java compile cache (C:\Users\ALEXANDRE\sms\.gradle\5.4.1\javaCompile)" [_thread_blocked, id=6080, stack(0x00000000252b0000,0x00000000253b0000)]
  0x000000001c21a800 JavaThread "Cache worker for Java compile cache (C:\Users\ALEXANDRE\FamilyLife\.gradle\caches\5.4.1\javaCompile)" [_thread_blocked, id=4568, stack(0x000000001a280000,0x000000001a380000)]
  0x000000001c21b000 JavaThread "stdout" [_thread_in_native, id=5896, stack(0x00000000251b0000,0x00000000252b0000)]
  0x000000001c21d800 JavaThread "stdout" [_thread_in_native, id=3652, stack(0x00000000250b0000,0x00000000251b0000)]
  0x000000001c218000 JavaThread "stderr" [_thread_in_native, id=2216, stack(0x0000000024fb0000,0x00000000250b0000)]
  0x000000001c217800 JavaThread "stderr" [_thread_in_native, id=3148, stack(0x0000000024eb0000,0x0000000024fb0000)]
  0x000000001c219800 JavaThread "stdout" [_thread_in_native, id=3892, stack(0x0000000024db0000,0x0000000024eb0000)]
  0x000000001c219000 JavaThread "stderr" [_thread_in_native, id=6000, stack(0x0000000024cb0000,0x0000000024db0000)]
  0x0000000018e8d800 JavaThread "stdout" [_thread_in_native, id=3024, stack(0x0000000024bb0000,0x0000000024cb0000)]
  0x0000000018e8e000 JavaThread "stderr" [_thread_in_native, id=4560, stack(0x0000000024ab0000,0x0000000024bb0000)]
  0x0000000018e89800 JavaThread "pool-8-thread-1" [_thread_blocked, id=6328, stack(0x00000000249b0000,0x0000000024ab0000)]
  0x000000001b17d800 JavaThread "WorkerExecutor Queue Thread 4" [_thread_blocked, id=6200, stack(0x00000000248b0000,0x00000000249b0000)]
  0x000000001b17b000 JavaThread "WorkerExecutor Queue Thread 3" [_thread_in_native, id=3320, stack(0x00000000247b0000,0x00000000248b0000)]
  0x000000001b17a800 JavaThread "WorkerExecutor Queue" [_thread_in_native, id=6844, stack(0x00000000243b0000,0x00000000244b0000)]
  0x000000001b180000 JavaThread "Cache worker for execution history cache (C:\Users\ALEXANDRE\sms\.gradle\5.4.1\executionHistory)" [_thread_blocked, id=7880, stack(0x0000000023eb0000,0x0000000023fb0000)]
  0x000000001b172000 JavaThread "Execution worker for ':' Thread 3" [_thread_blocked, id=7348, stack(0x0000000023db0000,0x0000000023eb0000)]
  0x000000001b171800 JavaThread "Execution worker for ':' Thread 2" [_thread_blocked, id=3968, stack(0x0000000023cb0000,0x0000000023db0000)]
  0x000000001b178000 JavaThread "Execution worker for ':'" [_thread_in_native, id=6704, stack(0x0000000023bb0000,0x0000000023cb0000)]
  0x000000001b176800 JavaThread "Cache worker for file content cache (C:\Users\ALEXANDRE\sms\.gradle\5.4.1\fileContent)" [_thread_blocked, id=6440, stack(0x00000000234a0000,0x00000000235a0000)]
  0x000000001b173800 JavaThread "Cache worker for file content cache (C:\Users\ALEXANDRE\FamilyLife\.gradle\caches\5.4.1\fileContent)" [_thread_blocked, id=6944, stack(0x0000000022fa0000,0x00000000230a0000)]
  0x000000001b174800 JavaThread "Cache worker for Build Output Cleanup Cache (C:\Users\ALEXANDRE\sms\.gradle\buildOutputCleanup)" [_thread_blocked, id=3576, stack(0x0000000022ea0000,0x0000000022fa0000)]
  0x000000001b173000 JavaThread "pool-7-thread-1" [_thread_blocked, id=6376, stack(0x0000000021040000,0x0000000021140000)]
  0x000000001b276000 JavaThread "Build operations Thread 4" [_thread_blocked, id=7592, stack(0x0000000020d40000,0x0000000020e40000)]
  0x000000001b276800 JavaThread "Build operations Thread 3" [_thread_blocked, id=876, stack(0x0000000020570000,0x0000000020670000)]
  0x000000001b26e800 JavaThread "Build operations Thread 2" [_thread_blocked, id=4024, stack(0x000000001f460000,0x000000001f560000)]
  0x000000001b270000 JavaThread "Build operations" [_thread_blocked, id=476, stack(0x000000001ea60000,0x000000001eb60000)]
  0x000000001b273800 JavaThread "Cache worker for cache directory md-rule (C:\Users\ALEXANDRE\FamilyLife\.gradle\caches\5.4.1\md-rule)" [_thread_blocked, id=3228, stack(0x000000001cec0000,0x000000001cfc0000)]
  0x000000001b275000 JavaThread "Cache worker for cache directory md-supplier (C:\Users\ALEXANDRE\FamilyLife\.gradle\caches\5.4.1\md-supplier)" [_thread_blocked, id=7848, stack(0x000000001bd50000,0x000000001be50000)]
  0x000000001b26f000 JavaThread "Cache worker for file hash cache (C:\Users\ALEXANDRE\sms\.gradle\5.4.1\fileHashes)" [_thread_blocked, id=5196, stack(0x000000001a480000,0x000000001a580000)]
  0x000000001b26d800 JavaThread "Thread-65" [_thread_blocked, id=5180, stack(0x000000001a380000,0x000000001a480000)]
  0x000000001b268000 JavaThread "Asynchronous log dispatcher for DefaultDaemonConnection: socket connection from /127.0.0.1:15956 to /127.0.0.1:19405" [_thread_blocked, id=7412, stack(0x000000001a180000,0x000000001a280000)]
  0x000000001b267800 JavaThread "Daemon worker Thread 4" [_thread_blocked, id=3204, stack(0x000000001a080000,0x000000001a180000)]
  0x000000001b26d000 JavaThread "Cancel handler" [_thread_blocked, id=7232, stack(0x0000000019d80000,0x0000000019e80000)]
  0x000000001b26a800 JavaThread "Handler for socket connection from /127.0.0.1:15956 to /127.0.0.1:19405" [_thread_in_native, id=7652, stack(0x0000000019c80000,0x0000000019d80000)]
  0x000000001b26b000 JavaThread "Daemon Thread 4" [_thread_blocked, id=4328, stack(0x0000000000770000,0x0000000000870000)]
  0x000000001b269000 JavaThread "Memory manager" [_thread_blocked, id=3904, stack(0x0000000021940000,0x0000000021a40000)]
  0x0000000018e8b800 JavaThread "Cache worker for execution history cache (C:\Users\ALEXANDRE\FamilyLife\.gradle\caches\5.4.1\executionHistory)" [_thread_blocked, id=4496, stack(0x000000001eb60000,0x000000001ec60000)]
  0x0000000018e8c800 JavaThread "Cache worker for journal cache (C:\Users\ALEXANDRE\FamilyLife\.gradle\caches\journal-1)" [_thread_blocked, id=1988, stack(0x000000001a780000,0x000000001a880000)]
  0x0000000018e8f800 JavaThread "File lock request listener" [_thread_in_native, id=3296, stack(0x000000001a680000,0x000000001a780000)]
  0x0000000018e8f000 JavaThread "Cache worker for file hash cache (C:\Users\ALEXANDRE\FamilyLife\.gradle\caches\5.4.1\fileHashes)" [_thread_blocked, id=5300, stack(0x000000001a580000,0x000000001a680000)]
  0x0000000018b9d000 JavaThread "Daemon periodic checks" [_thread_blocked, id=6584, stack(0x0000000019b80000,0x0000000019c80000)]
  0x0000000018ba4800 JavaThread "Incoming local TCP Connector on port 15956" [_thread_in_native, id=4140, stack(0x00000000199a0000,0x0000000019aa0000)]
  0x0000000018742800 JavaThread "Daemon health stats" [_thread_blocked, id=7224, stack(0x0000000019360000,0x0000000019460000)]
  0x00000000175b8800 JavaThread "Service Thread" daemon [_thread_blocked, id=3244, stack(0x0000000017990000,0x0000000017a90000)]
  0x0000000015c67000 JavaThread "C1 CompilerThread2" daemon [_thread_blocked, id=5852, stack(0x0000000017490000,0x0000000017590000)]
=>0x0000000015c61000 JavaThread "C2 CompilerThread1" daemon [_thread_in_native, id=6984, stack(0x0000000017390000,0x0000000017490000)]
  0x0000000015c5d800 JavaThread "C2 CompilerThread0" daemon [_thread_in_native, id=7056, stack(0x0000000017290000,0x0000000017390000)]
  0x0000000015c5c000 JavaThread "Attach Listener" daemon [_thread_blocked, id=7072, stack(0x0000000017190000,0x0000000017290000)]
  0x0000000015c5a800 JavaThread "Signal Dispatcher" daemon [_thread_blocked, id=1444, stack(0x0000000017090000,0x0000000017190000)]
  0x00000000022ea000 JavaThread "Finalizer" daemon [_thread_blocked, id=4396, stack(0x0000000016eb0000,0x0000000016fb0000)]
  0x00000000022e1000 JavaThread "Reference Handler" daemon [_thread_blocked, id=3488, stack(0x0000000016db0000,0x0000000016eb0000)]
  0x00000000020ee000 JavaThread "main" [_thread_blocked, id=6768, stack(0x00000000020f0000,0x00000000021f0000)]

Other Threads:
  0x0000000015c27000 VMThread [stack: 0x0000000016cb0000,0x0000000016db0000] [id=8172]
  0x0000000015cbe800 WatcherThread [stack: 0x0000000017a90000,0x0000000017b90000] [id=1472]

VM state:not at safepoint (normal execution)

VM Mutex/Monitor currently owned by a thread: None

Heap:
 PSYoungGen      total 246784K, used 174785K [0x00000000e0000000, 0x00000000f3500000, 0x0000000100000000)
  eden space 177152K, 90% used [0x00000000e0000000,0x00000000e9ca1da8,0x00000000ead00000)
  from space 69632K, 20% used [0x00000000ef100000,0x00000000eff0e6b8,0x00000000f3500000)
  to   space 59904K, 0% used [0x00000000eb400000,0x00000000eb400000,0x00000000eee80000)
 ParOldGen       total 186368K, used 72080K [0x00000000a0000000, 0x00000000ab600000, 0x00000000e0000000)
  object space 186368K, 38% used [0x00000000a0000000,0x00000000a4664148,0x00000000ab600000)
 Metaspace       used 89355K, capacity 92786K, committed 94552K, reserved 1130496K
  class space    used 11598K, capacity 12318K, committed 12672K, reserved 1048576K

Card table byte_map: [0x00000000116b0000,0x00000000119c0000] byte_map_base: 0x00000000111b0000

Marking Bits: (ParMarkBitMap*) 0x000000006400b6d0
 Begin Bits: [0x0000000011fc0000, 0x00000000137c0000)
 End Bits:   [0x00000000137c0000, 0x0000000014fc0000)

Polling page: 0x00000000008b0000

CodeCache: size=245760Kb used=54242Kb max_used=55581Kb free=191517Kb
 bounds [0x00000000022f0000, 0x00000000059b0000, 0x00000000112f0000]
 total_blobs=15786 nmethods=14908 adapters=789
 compilation: enabled

Compilation events (10 events):
Event: 3579.058 Thread 0x0000000015c67000 18937       3       sun.util.calendar.Gregorian::newCalendarDate (9 bytes)
Event: 3579.059 Thread 0x0000000015c67000 nmethod 18937 0x00000000052aad50 code [0x00000000052aaec0, 0x00000000052ab108]
Event: 3579.059 Thread 0x0000000015c67000 18938       3       sun.util.calendar.Gregorian$Date::<init> (6 bytes)
Event: 3579.059 Thread 0x0000000015c67000 nmethod 18938 0x00000000052ac210 code [0x00000000052ac380, 0x00000000052ac630]
Event: 3579.059 Thread 0x0000000015c67000 18939       3       java.util.Date::<init> (8 bytes)
Event: 3579.059 Thread 0x0000000015c67000 nmethod 18939 0x00000000052abd90 code [0x00000000052abf00, 0x00000000052ac130]
Event: 3579.061 Thread 0x0000000015c67000 18941       3       com.google.common.io.ByteSource$ConcatenatedByteSource::size (55 bytes)
Event: 3579.061 Thread 0x0000000015c67000 nmethod 18941 0x0000000004a18490 code [0x0000000004a18640, 0x0000000004a18c98]
Event: 3579.061 Thread 0x0000000015c67000 18940       3       com.android.tools.build.apkzlib.zip.utils.CloseableDelegateByteSource::size (8 bytes)
Event: 3579.062 Thread 0x0000000015c67000 nmethod 18940 0x0000000004a17b90 code [0x0000000004a17d20, 0x0000000004a18238]

GC Heap History (10 events):
Event: 3549.209 GC heap before
{Heap before GC invocations=25 (full 3):
 PSYoungGen      total 237056K, used 236154K [0x00000000e0000000, 0x00000000f3500000, 0x0000000100000000)
  eden space 177152K, 100% used [0x00000000e0000000,0x00000000ead00000,0x00000000ead00000)
  from space 59904K, 98% used [0x00000000eb400000,0x00000000eed9e870,0x00000000eee80000)
  to   space 69632K, 0% used [0x00000000ef100000,0x00000000ef100000,0x00000000f3500000)
 ParOldGen       total 95232K, used 77713K [0x00000000a0000000, 0x00000000a5d00000, 0x00000000e0000000)
  object space 95232K, 81% used [0x00000000a0000000,0x00000000a4be4640,0x00000000a5d00000)
 Metaspace       used 86507K, capacity 90506K, committed 90840K, reserved 1128448K
  class space    used 11335K, capacity 12201K, committed 12288K, reserved 1048576K
Event: 3549.380 GC heap after
Heap after GC invocations=25 (full 3):
 PSYoungGen      total 246784K, used 69602K [0x00000000e0000000, 0x00000000f3500000, 0x0000000100000000)
  eden space 177152K, 0% used [0x00000000e0000000,0x00000000e0000000,0x00000000ead00000)
  from space 69632K, 99% used [0x00000000ef100000,0x00000000f34f89a8,0x00000000f3500000)
  to   space 59904K, 0% used [0x00000000eb400000,0x00000000eb400000,0x00000000eee80000)
 ParOldGen       total 123392K, used 123067K [0x00000000a0000000, 0x00000000a7880000, 0x00000000e0000000)
  object space 123392K, 99% used [0x00000000a0000000,0x00000000a782ef30,0x00000000a7880000)
 Metaspace       used 86507K, capacity 90506K, committed 90840K, reserved 1128448K
  class space    used 11335K, capacity 12201K, committed 12288K, reserved 1048576K
}
Event: 3549.380 GC heap before
{Heap before GC invocations=26 (full 4):
 PSYoungGen      total 246784K, used 69602K [0x00000000e0000000, 0x00000000f3500000, 0x0000000100000000)
  eden space 177152K, 0% used [0x00000000e0000000,0x00000000e0000000,0x00000000ead00000)
  from space 69632K, 99% used [0x00000000ef100000,0x00000000f34f89a8,0x00000000f3500000)
  to   space 59904K, 0% used [0x00000000eb400000,0x00000000eb400000,0x00000000eee80000)
 ParOldGen       total 123392K, used 123067K [0x00000000a0000000, 0x00000000a7880000, 0x00000000e0000000)
  object space 123392K, 99% used [0x00000000a0000000,0x00000000a782ef30,0x00000000a7880000)
 Metaspace       used 86507K, capacity 90506K, committed 90840K, reserved 1128448K
  class space    used 11335K, capacity 12201K, committed 12288K, reserved 1048576K
Event: 3550.525 GC heap after
Heap after GC invocations=26 (full 4):
 PSYoungGen      total 246784K, used 15248K [0x00000000e0000000, 0x00000000f3500000, 0x0000000100000000)
  eden space 177152K, 0% used [0x00000000e0000000,0x00000000e0000000,0x00000000ead00000)
  from space 69632K, 21% used [0x00000000ef100000,0x00000000effe43f0,0x00000000f3500000)
  to   space 59904K, 0% used [0x00000000eb400000,0x00000000eb400000,0x00000000eee80000)
 ParOldGen       total 123392K, used 122856K [0x00000000a0000000, 0x00000000a7880000, 0x00000000e0000000)
  object space 123392K, 99% used [0x00000000a0000000,0x00000000a77fa1c0,0x00000000a7880000)
 Metaspace       used 85106K, capacity 88104K, committed 90840K, reserved 1128448K
  class space    used 11035K, capacity 11721K, committed 12288K, reserved 1048576K
}
Event: 3561.927 GC heap before
{Heap before GC invocations=27 (full 5):
 PSYoungGen      total 246784K, used 192400K [0x00000000e0000000, 0x00000000f3500000, 0x0000000100000000)
  eden space 177152K, 100% used [0x00000000e0000000,0x00000000ead00000,0x00000000ead00000)
  from space 69632K, 21% used [0x00000000ef100000,0x00000000effe43f0,0x00000000f3500000)
  to   space 59904K, 0% used [0x00000000eb400000,0x00000000eb400000,0x00000000eee80000)
 ParOldGen       total 123392K, used 122856K [0x00000000a0000000, 0x00000000a7880000, 0x00000000e0000000)
  object space 123392K, 99% used [0x00000000a0000000,0x00000000a77fa1c0,0x00000000a7880000)
 Metaspace       used 85963K, capacity 89016K, committed 91352K, reserved 1128448K
  class space    used 11118K, capacity 11799K, committed 12288K, reserved 1048576K
Event: 3562.242 GC heap after
Heap after GC invocations=27 (full 5):
 PSYoungGen      total 246784K, used 0K [0x00000000e0000000, 0x00000000f3500000, 0x0000000100000000)
  eden space 177152K, 0% used [0x00000000e0000000,0x00000000e0000000,0x00000000ead00000)
  from space 69632K, 0% used [0x00000000ef100000,0x00000000ef100000,0x00000000f3500000)
  to   space 59904K, 0% used [0x00000000eb400000,0x00000000eb400000,0x00000000eee80000)
 ParOldGen       total 186368K, used 72064K [0x00000000a0000000, 0x00000000ab600000, 0x00000000e0000000)
  object space 186368K, 38% used [0x00000000a0000000,0x00000000a4660148,0x00000000ab600000)
 Metaspace       used 85963K, capacity 89016K, committed 91352K, reserved 1128448K
  class space    used 11118K, capacity 11799K, committed 12288K, reserved 1048576K
}
Event: 3562.656 GC heap before
{Heap before GC invocations=28 (full 5):
 PSYoungGen      total 246784K, used 177152K [0x00000000e0000000, 0x00000000f3500000, 0x0000000100000000)
  eden space 177152K, 100% used [0x00000000e0000000,0x00000000ead00000,0x00000000ead00000)
  from space 69632K, 0% used [0x00000000ef100000,0x00000000ef100000,0x00000000f3500000)
  to   space 59904K, 0% used [0x00000000eb400000,0x00000000eb400000,0x00000000eee80000)
 ParOldGen       total 186368K, used 72064K [0x00000000a0000000, 0x00000000ab600000, 0x00000000e0000000)
  object space 186368K, 38% used [0x00000000a0000000,0x00000000a4660148,0x00000000ab600000)
 Metaspace       used 85996K, capacity 89040K, committed 91352K, reserved 1128448K
  class space    used 11121K, capacity 11803K, committed 12288K, reserved 1048576K
Event: 3562.666 GC heap after
Heap after GC invocations=28 (full 5):
 PSYoungGen      total 237056K, used 7840K [0x00000000e0000000, 0x00000000f3500000, 0x0000000100000000)
  eden space 177152K, 0% used [0x00000000e0000000,0x00000000e0000000,0x00000000ead00000)
  from space 59904K, 13% used [0x00000000eb400000,0x00000000ebba8000,0x00000000eee80000)
  to   space 69632K, 0% used [0x00000000ef100000,0x00000000ef100000,0x00000000f3500000)
 ParOldGen       total 186368K, used 72072K [0x00000000a0000000, 0x00000000ab600000, 0x00000000e0000000)
  object space 186368K, 38% used [0x00000000a0000000,0x00000000a4662148,0x00000000ab600000)
 Metaspace       used 85996K, capacity 89040K, committed 91352K, reserved 1128448K
  class space    used 11121K, capacity 11803K, committed 12288K, reserved 1048576K
}
Event: 3575.366 GC heap before
{Heap before GC invocations=29 (full 5):
 PSYoungGen      total 237056K, used 184992K [0x00000000e0000000, 0x00000000f3500000, 0x0000000100000000)
  eden space 177152K, 100% used [0x00000000e0000000,0x00000000ead00000,0x00000000ead00000)
  from space 59904K, 13% used [0x00000000eb400000,0x00000000ebba8000,0x00000000eee80000)
  to   space 69632K, 0% used [0x00000000ef100000,0x00000000ef100000,0x00000000f3500000)
 ParOldGen       total 186368K, used 72072K [0x00000000a0000000, 0x00000000ab600000, 0x00000000e0000000)
  object space 186368K, 38% used [0x00000000a0000000,0x00000000a4662148,0x00000000ab600000)
 Metaspace       used 87561K, capacity 90698K, committed 92888K, reserved 1130496K
  class space    used 11330K, capacity 12020K, committed 12544K, reserved 1048576K
Event: 3575.400 GC heap after
Heap after GC invocations=29 (full 5):
 PSYoungGen      total 246784K, used 14393K [0x00000000e0000000, 0x00000000f3500000, 0x0000000100000000)
  eden space 177152K, 0% used [0x00000000e0000000,0x00000000e0000000,0x00000000ead00000)
  from space 69632K, 20% used [0x00000000ef100000,0x00000000eff0e6b8,0x00000000f3500000)
  to   space 59904K, 0% used [0x00000000eb400000,0x00000000eb400000,0x00000000eee80000)
 ParOldGen       total 186368K, used 72080K [0x00000000a0000000, 0x00000000ab600000, 0x00000000e0000000)
  object space 186368K, 38% used [0x00000000a0000000,0x00000000a4664148,0x00000000ab600000)
 Metaspace       used 87561K, capacity 90698K, committed 92888K, reserved 1130496K
  class space    used 11330K, capacity 12020K, committed 12544K, reserved 1048576K
}

Deoptimization events (10 events):
Event: 3578.766 Thread 0x000000001c21e000 Uncommon trap: reason=class_check action=maybe_recompile pc=0x00000000030337a4 method=java.util.TreeMap$KeySet.iterator()Ljava/util/Iterator; @ 25
Event: 3578.766 Thread 0x000000001c21e000 Uncommon trap: reason=class_check action=maybe_recompile pc=0x0000000004ee526c method=com.google.common.collect.ImmutableList.copyIntoArray([Ljava/lang/Object;I)I @ 1
Event: 3578.782 Thread 0x000000001c21e000 Uncommon trap: reason=bimorphic action=maybe_recompile pc=0x0000000003d84158 method=java.util.TreeSet.iterator()Ljava/util/Iterator; @ 4
Event: 3578.782 Thread 0x000000001c21e000 Uncommon trap: reason=class_check action=maybe_recompile pc=0x00000000030337a4 method=java.util.TreeMap$KeySet.iterator()Ljava/util/Iterator; @ 25
Event: 3578.790 Thread 0x000000001c21e000 Uncommon trap: reason=bimorphic action=maybe_recompile pc=0x0000000003d84158 method=java.util.TreeSet.iterator()Ljava/util/Iterator; @ 4
Event: 3578.790 Thread 0x000000001c21e000 Uncommon trap: reason=class_check action=maybe_recompile pc=0x00000000030337a4 method=java.util.TreeMap$KeySet.iterator()Ljava/util/Iterator; @ 25
Event: 3578.984 Thread 0x000000001c21e000 Uncommon trap: reason=class_check action=maybe_recompile pc=0x0000000004a87e48 method=java.util.Spliterators.spliterator(Ljava/util/Collection;I)Ljava/util/Spliterator; @ 8
Event: 3578.984 Thread 0x000000001c21e000 Uncommon trap: reason=class_check action=maybe_recompile pc=0x0000000004a87e48 method=java.util.Spliterators.spliterator(Ljava/util/Collection;I)Ljava/util/Spliterator; @ 8
Event: 3578.984 Thread 0x000000001c21e000 Uncommon trap: reason=class_check action=maybe_recompile pc=0x0000000004a87e48 method=java.util.Spliterators.spliterator(Ljava/util/Collection;I)Ljava/util/Spliterator; @ 8
Event: 3578.984 Thread 0x000000001c21e000 Uncommon trap: reason=class_check action=maybe_recompile pc=0x0000000004a87e48 method=java.util.Spliterators.spliterator(Ljava/util/Collection;I)Ljava/util/Spliterator; @ 8

Internal exceptions (10 events):
Event: 3575.208 Thread 0x000000001b171800 Exception <a 'sun/nio/fs/WindowsException'> (0x00000000ea576a68) thrown at [C:\re\workspace\8-2-build-windows-amd64-cygwin\jdk8u121\8372\hotspot\src\share\vm\prims\jni.cpp, line 709]
Event: 3575.357 Thread 0x000000001b171800 Exception <a 'java/lang/NoSuchMethodError': <clinit>> (0x00000000eab5d328) thrown at [C:\re\workspace\8-2-build-windows-amd64-cygwin\jdk8u121\8372\hotspot\src\share\vm\prims\jni.cpp, line 1613]
Event: 3575.359 Thread 0x000000001b171800 Exception <a 'java/lang/NoSuchMethodError': <clinit>> (0x00000000eabdefe0) thrown at [C:\re\workspace\8-2-build-windows-amd64-cygwin\jdk8u121\8372\hotspot\src\share\vm\prims\jni.cpp, line 1613]
Event: 3575.362 Thread 0x000000001b171800 Exception <a 'java/lang/NoSuchMethodError': <clinit>> (0x00000000eac89338) thrown at [C:\re\workspace\8-2-build-windows-amd64-cygwin\jdk8u121\8372\hotspot\src\share\vm\prims\jni.cpp, line 1613]
Event: 3575.363 Thread 0x000000001b171800 Exception <a 'java/lang/NoSuchMethodError': <clinit>> (0x00000000eac8d400) thrown at [C:\re\workspace\8-2-build-windows-amd64-cygwin\jdk8u121\8372\hotspot\src\share\vm\prims\jni.cpp, line 1613]
Event: 3576.014 Thread 0x000000001b17d800 Exception <a 'sun/nio/fs/WindowsException'> (0x00000000e188cc70) thrown at [C:\re\workspace\8-2-build-windows-amd64-cygwin\jdk8u121\8372\hotspot\src\share\vm\prims\jni.cpp, line 709]
Event: 3576.014 Thread 0x000000001b17b000 Exception <a 'sun/nio/fs/WindowsException'> (0x00000000e18bbcf0) thrown at [C:\re\workspace\8-2-build-windows-amd64-cygwin\jdk8u121\8372\hotspot\src\share\vm\prims\jni.cpp, line 709]
Event: 3578.671 Thread 0x000000001c21e000 Implicit null exception at 0x000000000520e02a to 0x000000000520e079
Event: 3578.671 Thread 0x000000001c21e000 Implicit null exception at 0x0000000004b79bf0 to 0x0000000004b79c00
Event: 3579.063 Thread 0x000000001c21e000 Exception <a 'java/lang/OutOfMemoryError'> (0x00000000e9a55ef8) thrown at [C:\re\workspace\8-2-build-windows-amd64-cygwin\jdk8u121\8372\hotspot\src\share\vm\prims\jni.cpp, line 735]

Events (10 events):
Event: 3579.014 loading class com/android/tools/r8/m/a/a/a/y
Event: 3579.014 loading class com/android/tools/r8/m/a/a/a/y done
Event: 3579.041 loading class com/android/tools/r8/m/a/a/a/z
Event: 3579.041 loading class com/android/tools/r8/m/a/a/a/z done
Event: 3579.042 loading class com/android/tools/r8/m/a/a/a/A$a
Event: 3579.042 loading class com/android/tools/r8/m/a/a/a/A$a done
Event: 3579.042 loading class com/android/tools/r8/graph/DexAnnotation
Event: 3579.042 loading class com/android/tools/r8/graph/DexAnnotation done
Event: 3579.063 loading class com/google/common/util/concurrent/AbstractFuture$Failure$1
Event: 3579.063 loading class com/google/common/util/concurrent/AbstractFuture$Failure$1 done


Dynamic libraries:
0x00007ff748c50000 - 0x00007ff748c87000 	C:\Program Files\Java\jdk1.8.0_121\bin\java.exe
0x00007ff9ab9a0000 - 0x00007ff9abb62000 	C:\Windows\SYSTEM32\ntdll.dll
0x00007ff9a9060000 - 0x00007ff9a910d000 	C:\Windows\system32\KERNEL32.DLL
0x00007ff9a8e80000 - 0x00007ff9a905d000 	C:\Windows\system32\KERNELBASE.dll
0x00007ff9a9d10000 - 0x00007ff9a9db6000 	C:\Windows\system32\ADVAPI32.dll
0x00007ff9a9670000 - 0x00007ff9a970d000 	C:\Windows\system32\msvcrt.dll
0x00007ff9aa050000 - 0x00007ff9aa0ab000 	C:\Windows\system32\sechost.dll
0x00007ff9ab870000 - 0x00007ff9ab996000 	C:\Windows\system32\RPCRT4.dll
0x00007ff9a9370000 - 0x00007ff9a94be000 	C:\Windows\system32\USER32.dll
0x00007ff9a9930000 - 0x00007ff9a9ab3000 	C:\Windows\system32\GDI32.dll
0x00007ff99f2b0000 - 0x00007ff99f524000 	C:\Windows\WinSxS\amd64_microsoft.windows.common-controls_6595b64144ccf1df_6.0.10240.17184_none_f41d7a705752bce6\COMCTL32.dll
0x00007ff9ab650000 - 0x00007ff9ab686000 	C:\Windows\system32\IMM32.DLL
0x00007ff9a97d0000 - 0x00007ff9a992c000 	C:\Windows\system32\MSCTF.dll
0x0000000064090000 - 0x0000000064162000 	C:\Program Files\Java\jdk1.8.0_121\jre\bin\msvcr100.dll
0x00000000637f0000 - 0x000000006408b000 	C:\Program Files\Java\jdk1.8.0_121\jre\bin\server\jvm.dll
0x00007ff9ab860000 - 0x00007ff9ab868000 	C:\Windows\system32\PSAPI.DLL
0x00007ff9a6a20000 - 0x00007ff9a6a43000 	C:\Windows\SYSTEM32\WINMM.dll
0x00007ff9a35e0000 - 0x00007ff9a35e9000 	C:\Windows\SYSTEM32\WSOCK32.dll
0x00007ff99e320000 - 0x00007ff99e32a000 	C:\Windows\SYSTEM32\VERSION.dll
0x00007ff9a9ac0000 - 0x00007ff9a9b29000 	C:\Windows\system32\WS2_32.dll
0x00007ff9a9dc0000 - 0x00007ff9a9dc8000 	C:\Windows\system32\NSI.dll
0x00007ff9a69c0000 - 0x00007ff9a69ec000 	C:\Windows\SYSTEM32\WINMMBASE.dll
0x00007ff9a8740000 - 0x00007ff9a8784000 	C:\Windows\system32\cfgmgr32.dll
0x00007ff9a6c80000 - 0x00007ff9a6ca7000 	C:\Windows\SYSTEM32\DEVOBJ.dll
0x00000000637e0000 - 0x00000000637ef000 	C:\Program Files\Java\jdk1.8.0_121\jre\bin\verify.dll
0x00000000637b0000 - 0x00000000637d9000 	C:\Program Files\Java\jdk1.8.0_121\jre\bin\java.dll
0x0000000063790000 - 0x00000000637a6000 	C:\Program Files\Java\jdk1.8.0_121\jre\bin\zip.dll
0x00007ff9aa120000 - 0x00007ff9ab643000 	C:\Windows\system32\SHELL32.dll
0x00007ff9a8850000 - 0x00007ff9a8e79000 	C:\Windows\system32\windows.storage.dll
0x00007ff9a9dd0000 - 0x00007ff9aa04c000 	C:\Windows\system32\combase.dll
0x00007ff9a9610000 - 0x00007ff9a9661000 	C:\Windows\system32\shlwapi.dll
0x00007ff9a83e0000 - 0x00007ff9a83ef000 	C:\Windows\system32\kernel.appcore.dll
0x00007ff9a8790000 - 0x00007ff9a8843000 	C:\Windows\system32\shcore.dll
0x00007ff9a83f0000 - 0x00007ff9a843a000 	C:\Windows\system32\powrprof.dll
0x00007ff9a83c0000 - 0x00007ff9a83d3000 	C:\Windows\system32\profapi.dll
0x0000000063770000 - 0x000000006378a000 	C:\Program Files\Java\jdk1.8.0_121\jre\bin\net.dll
0x00007ff9a7c30000 - 0x00007ff9a7c8d000 	C:\Windows\system32\mswsock.dll
0x0000000063750000 - 0x0000000063761000 	C:\Program Files\Java\jdk1.8.0_121\jre\bin\nio.dll
0x00007ff9a0af0000 - 0x00007ff9a0b16000 	C:\Users\ALEXANDRE\FamilyLife\.gradle\native\29\windows-amd64\native-platform.dll
0x0000000063740000 - 0x000000006374d000 	C:\Program Files\Java\jdk1.8.0_121\jre\bin\management.dll
0x00007ff9a7c90000 - 0x00007ff9a7ca7000 	C:\Windows\SYSTEM32\CRYPTSP.dll
0x00007ff9a7f00000 - 0x00007ff9a7f28000 	C:\Windows\SYSTEM32\bcrypt.dll
0x00007ff9a7880000 - 0x00007ff9a78b3000 	C:\Windows\system32\rsaenh.dll
0x00007ff9a7ac0000 - 0x00007ff9a7adf000 	C:\Windows\SYSTEM32\USERENV.dll
0x00007ff9a8210000 - 0x00007ff9a827b000 	C:\Windows\system32\bcryptprimitives.dll
0x00007ff9a7e00000 - 0x00007ff9a7e0b000 	C:\Windows\SYSTEM32\CRYPTBASE.dll
0x00007ff9a6120000 - 0x00007ff9a6158000 	C:\Windows\SYSTEM32\IPHLPAPI.DLL
0x00007ff9a6100000 - 0x00007ff9a610b000 	C:\Windows\SYSTEM32\WINNSI.DLL
0x00007ff9a16f0000 - 0x00007ff9a1706000 	C:\Windows\SYSTEM32\dhcpcsvc6.DLL
0x00007ff9a16d0000 - 0x00007ff9a16ea000 	C:\Windows\SYSTEM32\dhcpcsvc.DLL
0x00007ff9a7700000 - 0x00007ff9a7732000 	C:\Windows\SYSTEM32\ntmarta.dll

VM Arguments:
jvm_args: -Xmx1536m -Dfile.encoding=windows-1252 -Duser.country=US -Duser.language=en -Duser.variant 
java_command: org.gradle.launcher.daemon.bootstrap.GradleDaemon 5.4.1
java_class_path (initial): C:\Users\ALEXANDRE\FamilyLife\.gradle\wrapper\dists\gradle-5.4.1-all\3221gyojl5jsh0helicew7rwx\gradle-5.4.1\lib\gradle-launcher-5.4.1.jar
Launcher Type: SUN_STANDARD

Environment Variables:
JAVA_HOME=C:\Program Files\Java\jdk1.8.0_121
PATH=C:\ProgramData\Oracle\Java\javapath;C:\Windows\system32;C:\Windows;C:\Windows\System32\Wbem;C:\Windows\System32\WindowsPowerShell\v1.0\;C:\Qt\Qt5.6.2\5.6\mingw49_32\bin;C:\Qt\Qt5.6.2\Tools\QtCreator\bin;C:\vstudio;C:\Program Files\Java\jdk1.8.0_121\bin;C:\Qt\Qt5.6.2\5.6\mingw49_32\bin;C:\Qt\Qt5.6.2\Tools\mingw492_32;C:\Program Files (x86)\Windows Kits\8.1\Windows Performance Toolkit\;C:\Program Files (x86)\Microsoft Emulator Manager\1.0\C:\MinGW\bin;C:\MinGW\include;C:\MinGW\mingw32\bin;C:\Qt\Qt5.6.2\Tools\mingw492_32\bin;C:\Users\ALEXANDRE\Desktop\gradle-3.5\bin;C:\Program Files\Android\Android Studio\bin;C:\Program Files\Microsoft\Web Platform Installer\;C:\Program Files (x86)\Microsoft ASP.NET\ASP.NET Web Pages\v1.0\;C:\Program Files\Microsoft SQL Server\110\Tools\Binn\;C:\Program Files (x86)\MATLAB\R2013\runtime\win32;C:\Program Files (x86)\MATLAB\R2013\bin;C:\Program Files (x86)\Common Files\lenovo\easyplussdk\bin;C:\android-studio-ide-162.3934792-windows\android-studio\gradle\gradle-4.6-bin;C:\Users\ALEXANDRE\Desktop\bin;C:\Program Files (x86)\Git\cmd;C:\Program Files\Java\jre7\bin;C:\Program Files (x86)\MiKTeX 2.9\miktex\bin\;C:\Program Files\MATLAB\R2017a\runtime\win64;C:\Program Files\MATLAB\R2017a\bin;C:\Program Files\MiKTeX 2.9\miktex\bin\x64\;C:\Program Files\nodejs\;C:\ProgramData\chocolatey\bin;C:\Program Files\PuTTY\;C:\Users\ALEXANDRE\AppData\Local\Programs\Python\Python37\Scripts\;C:\Users\ALEXANDRE\AppData\Local\Programs\Python\Python37\;C:\Program Files (x86)\Microsoft VS Code\bin;C:\Users\ALEXANDRE\AppData\Roaming\npm
USERNAME=ALEXANDRE
OS=Windows_NT
PROCESSOR_IDENTIFIER=Intel64 Family 6 Model 42 Stepping 7, GenuineIntel



---------------  S Y S T E M  ---------------

OS: Windows 10.0 , 64 bit Build 10240 (10.0.10240.17113)

CPU:total 4 (2 cores per cpu, 2 threads per core) family 6 model 42 stepping 7, cmov, cx8, fxsr, mmx, sse, sse2, sse3, ssse3, sse4.1, sse4.2, popcnt, avx, clmul, ht, tsc, tscinvbit

Memory: 4k page, physical 4140908k(812408k free), swap 5575532k(2360k free)

vm_info: Java HotSpot(TM) 64-Bit Server VM (25.121-b13) for windows-amd64 JRE (1.8.0_121-b13), built on Dec 12 2016 18:21:36 by "java_re" with MS VC++ 10.0 (VS2010)

time: Sat Aug 22 14:22:35 2020
elapsed time: 3579 seconds (0d 0h 59m 39s)

