#
# There is insufficient memory for the Java Runtime Environment to continue.
# Native memory allocation (malloc) failed to allocate 1100256 bytes for Chunk::new
# Possible reasons:
#   The system is out of physical RAM or swap space
#   In 32 bit mode, the process size limit was hit
# Possible solutions:
#   Reduce memory load on the system
#   Increase physical memory or swap space
#   Check if swap backing store is full
#   Use 64 bit Java on a 64 bit OS
#   Decrease Java heap size (-Xmx/-Xms)
#   Decrease number of Java threads
#   Decrease Java thread stack sizes (-Xss)
#   Set larger code cache with -XX:ReservedCodeCacheSize=
# This output file may be truncated or incomplete.
#
#  Out of Memory Error (allocation.cpp:390), pid=4708, tid=0x00000000000004d8
#
# JRE version: Java(TM) SE Runtime Environment (8.0_121-b13) (build 1.8.0_121-b13)
# Java VM: Java HotSpot(TM) 64-Bit Server VM (25.121-b13 mixed mode windows-amd64 compressed oops)
# Failed to write core dump. Minidumps are not enabled by default on client versions of Windows
#

---------------  T H R E A D  ---------------

Current thread (0x0000000018300800):  JavaThread "C2 CompilerThread1" daemon [_thread_in_native, id=1240, stack(0x0000000019a30000,0x0000000019b30000)]

Stack: [0x0000000019a30000,0x0000000019b30000]
[error occurred during error reporting (printing stack bounds), id 0xc0000005]

Native frames: (J=compiled Java code, j=interpreted, Vv=VM code, C=native code)


Current CompileTask:
C2:3394330 28805       4       com.android.tools.r8.ir.optimize.P::a (840 bytes)


---------------  P R O C E S S  ---------------

Java Threads: ( => current thread )
  0x000000001e266800 JavaThread "WorkerExecutor Queue Thread 3" [_thread_blocked, id=5592, stack(0x000000002f9f0000,0x000000002faf0000)]
  0x000000001e265800 JavaThread "WorkerExecutor Queue Thread 2" [_thread_blocked, id=1004, stack(0x000000002f8f0000,0x000000002f9f0000)]
  0x000000001e268000 JavaThread "WorkerExecutor Queue" [_thread_blocked, id=4824, stack(0x0000000028cc0000,0x0000000028dc0000)]
  0x000000001e264000 JavaThread "ForkJoinPool.commonPool-worker-1" daemon [_thread_blocked, id=508, stack(0x0000000027800000,0x0000000027900000)]
  0x000000001ed92000 JavaThread "ForkJoinPool.commonPool-worker-0" daemon [_thread_blocked, id=5896, stack(0x0000000027700000,0x0000000027800000)]
  0x000000001ed90000 JavaThread "Cache worker for Java compile cache (C:\Users\ALEXANDRE\AndroidStudioProjects\Estello\.gradle\5.4.1\javaCompile)" [_thread_blocked, id=5684, stack(0x0000000026360000,0x0000000026460000)]
  0x000000001ed87000 JavaThread "Cache worker for execution history cache (C:\Users\ALEXANDRE\AndroidStudioProjects\Estello\.gradle\5.4.1\executionHistory)" [_thread_blocked, id=5052, stack(0x0000000024b30000,0x0000000024c30000)]
  0x000000001ed88800 JavaThread "Execution worker for ':' Thread 3" [_thread_blocked, id=6104, stack(0x0000000024230000,0x0000000024330000)]
  0x000000001ed8d800 JavaThread "Execution worker for ':' Thread 2" [_thread_blocked, id=5348, stack(0x0000000023530000,0x0000000023630000)]
  0x000000001ed86000 JavaThread "Execution worker for ':'" [_thread_in_native, id=204, stack(0x0000000023230000,0x0000000023330000)]
  0x000000001ed8a000 JavaThread "Cache worker for file content cache (C:\Users\ALEXANDRE\AndroidStudioProjects\Estello\.gradle\5.4.1\fileContent)" [_thread_blocked, id=5136, stack(0x0000000023130000,0x0000000023230000)]
  0x000000001ed8d000 JavaThread "Cache worker for Build Output Cleanup Cache (C:\Users\ALEXANDRE\AndroidStudioProjects\Estello\.gradle\buildOutputCleanup)" [_thread_blocked, id=1508, stack(0x0000000023030000,0x0000000023130000)]
  0x000000001ed85000 JavaThread "pool-25-thread-1" [_thread_blocked, id=1496, stack(0x0000000022b30000,0x0000000022c30000)]
  0x000000001ed8a800 JavaThread "Build operations Thread 4" [_thread_blocked, id=4004, stack(0x00000000218f0000,0x00000000219f0000)]
  0x000000001ed27800 JavaThread "Build operations Thread 3" [_thread_blocked, id=4528, stack(0x00000000217f0000,0x00000000218f0000)]
  0x000000001ed2c800 JavaThread "Build operations Thread 2" [_thread_blocked, id=1948, stack(0x00000000216f0000,0x00000000217f0000)]
  0x000000001ed2b000 JavaThread "Build operations" [_thread_blocked, id=584, stack(0x00000000211f0000,0x00000000212f0000)]
  0x000000001ed26800 JavaThread "Cache worker for cache directory md-rule (C:\Users\ALEXANDRE\FamilyLife\.gradle\caches\5.4.1\md-rule)" [_thread_blocked, id=2704, stack(0x000000001f4c0000,0x000000001f5c0000)]
  0x000000001ed21800 JavaThread "Cache worker for cache directory md-supplier (C:\Users\ALEXANDRE\FamilyLife\.gradle\caches\5.4.1\md-supplier)" [_thread_blocked, id=3924, stack(0x000000001f3c0000,0x000000001f4c0000)]
  0x000000001ed1f000 JavaThread "Cache worker for file hash cache (C:\Users\ALEXANDRE\AndroidStudioProjects\Estello\.gradle\5.4.1\fileHashes)" [_thread_blocked, id=5344, stack(0x000000001cb20000,0x000000001cc20000)]
  0x000000001ed26000 JavaThread "Thread-254" [_thread_blocked, id=3028, stack(0x000000001ca20000,0x000000001cb20000)]
  0x000000001ed20800 JavaThread "Stdin handler" [_thread_blocked, id=3524, stack(0x000000001c920000,0x000000001ca20000)]
  0x000000001ed25000 JavaThread "Asynchronous log dispatcher for DefaultDaemonConnection: socket connection from /127.0.0.1:8584 to /127.0.0.1:12829" [_thread_blocked, id=6048, stack(0x000000001c820000,0x000000001c920000)]
  0x000000001ed1d800 JavaThread "Daemon worker Thread 9" [_thread_blocked, id=5972, stack(0x000000001c720000,0x000000001c820000)]
  0x000000001ed24800 JavaThread "Cancel handler" [_thread_blocked, id=5556, stack(0x000000001c420000,0x000000001c520000)]
  0x000000001ed23800 JavaThread "Handler for socket connection from /127.0.0.1:8584 to /127.0.0.1:12829" [_thread_in_native, id=5076, stack(0x000000001c320000,0x000000001c420000)]
  0x000000001ed22000 JavaThread "Daemon Thread 9" [_thread_blocked, id=5440, stack(0x00000000008d0000,0x00000000009d0000)]
  0x000000001e25f800 JavaThread "Cache worker for Java compile cache (C:\Users\ALEXANDRE\FamilyLife\.gradle\caches\5.4.1\javaCompile)" [_thread_blocked, id=5264, stack(0x0000000026260000,0x0000000026360000)]
  0x000000001ed23000 JavaThread "Cache worker for file content cache (C:\Users\ALEXANDRE\FamilyLife\.gradle\caches\5.4.1\fileContent)" [_thread_blocked, id=6020, stack(0x0000000024130000,0x0000000024230000)]
  0x000000001ed29000 JavaThread "Memory manager" [_thread_blocked, id=3432, stack(0x0000000024030000,0x0000000024130000)]
  0x000000001ed20000 JavaThread "Cache worker for execution history cache (C:\Users\ALEXANDRE\FamilyLife\.gradle\caches\5.4.1\executionHistory)" [_thread_blocked, id=3928, stack(0x0000000021a60000,0x0000000021b60000)]
  0x000000001830f800 JavaThread "Cache worker for journal cache (C:\Users\ALEXANDRE\FamilyLife\.gradle\caches\journal-1)" [_thread_blocked, id=4424, stack(0x000000001ce20000,0x000000001cf20000)]
  0x000000001830b000 JavaThread "File lock request listener" [_thread_in_native, id=5840, stack(0x000000001cd20000,0x000000001ce20000)]
  0x000000001830e800 JavaThread "Cache worker for file hash cache (C:\Users\ALEXANDRE\FamilyLife\.gradle\caches\5.4.1\fileHashes)" [_thread_blocked, id=4444, stack(0x000000001cc20000,0x000000001cd20000)]
  0x000000001a620000 JavaThread "Daemon periodic checks" [_thread_blocked, id=4016, stack(0x000000001c220000,0x000000001c320000)]
  0x000000001a61d000 JavaThread "Incoming local TCP Connector on port 8584" [_thread_in_native, id=5356, stack(0x000000001c040000,0x000000001c140000)]
  0x000000001b191800 JavaThread "Daemon health stats" [_thread_blocked, id=6032, stack(0x000000001ba00000,0x000000001bb00000)]
  0x0000000019c60800 JavaThread "Service Thread" daemon [_thread_blocked, id=6084, stack(0x000000001a030000,0x000000001a130000)]
  0x000000001830b800 JavaThread "C1 CompilerThread2" daemon [_thread_blocked, id=2624, stack(0x0000000019b30000,0x0000000019c30000)]
=>0x0000000018300800 JavaThread "C2 CompilerThread1" daemon [_thread_in_native, id=1240, stack(0x0000000019a30000,0x0000000019b30000)]
  0x00000000182fd000 JavaThread "C2 CompilerThread0" daemon [_thread_in_native, id=5424, stack(0x0000000019930000,0x0000000019a30000)]
  0x00000000182fb800 JavaThread "Attach Listener" daemon [_thread_blocked, id=4176, stack(0x0000000019830000,0x0000000019930000)]
  0x00000000182fa000 JavaThread "Signal Dispatcher" daemon [_thread_blocked, id=3404, stack(0x0000000019730000,0x0000000019830000)]
  0x000000000250a000 JavaThread "Finalizer" daemon [_thread_blocked, id=3304, stack(0x0000000019550000,0x0000000019650000)]
  0x0000000002501000 JavaThread "Reference Handler" daemon [_thread_blocked, id=3212, stack(0x0000000019450000,0x0000000019550000)]
  0x000000000240e000 JavaThread "main" [_thread_blocked, id=5488, stack(0x00000000022a0000,0x00000000023a0000)]

Other Threads:
  0x00000000182c7000 VMThread [stack: 0x0000000019350000,0x0000000019450000] [id=3352]
  0x0000000019c63800 WatcherThread [stack: 0x000000001a130000,0x000000001a230000] [id=5112]

VM state:not at safepoint (normal execution)

VM Mutex/Monitor currently owned by a thread: None

Heap:
 PSYoungGen      total 670208K, used 622531K [0x000000078b300000, 0x00000007c0000000, 0x00000007c0000000)
  eden space 501248K, 97% used [0x000000078b300000,0x00000007a8f642a8,0x00000007a9c80000)
  from space 168960K, 79% used [0x00000007a9c80000,0x00000007b200cc28,0x00000007b4180000)
  to   space 181248K, 0% used [0x00000007b4f00000,0x00000007b4f00000,0x00000007c0000000)
 ParOldGen       total 335872K, used 240839K [0x0000000721800000, 0x0000000736000000, 0x000000078b300000)
  object space 335872K, 71% used [0x0000000721800000,0x0000000730331d78,0x0000000736000000)
 Metaspace       used 94882K, capacity 100580K, committed 100608K, reserved 1136640K
  class space    used 12249K, capacity 13290K, committed 13312K, reserved 1048576K

Card table byte_map: [0x00000000118d0000,0x0000000011dd0000] byte_map_base: 0x000000000dfc4000

Marking Bits: (ParMarkBitMap*) 0x0000000055abb6d0
 Begin Bits: [0x0000000012520000, 0x0000000014cc0000)
 End Bits:   [0x0000000014cc0000, 0x0000000017460000)

Polling page: 0x0000000000aa0000

CodeCache: size=245760Kb used=77443Kb max_used=77473Kb free=168316Kb
 bounds [0x0000000002510000, 0x0000000007190000, 0x0000000011510000]
 total_blobs=21821 nmethods=20944 adapters=785
 compilation: enabled

Compilation events (10 events):
Event: 3393.632 Thread 0x000000001830b800 28838 %     2       com.android.tools.r8.ir.optimize.CodeRewriter::i @ 62 (1031 bytes)
Event: 3393.643 Thread 0x000000001830b800 nmethod 28838% 0x000000000716fcd0 code [0x00000000071703e0, 0x0000000007173108]
Event: 3393.645 Thread 0x000000001830b800 28839  s    3       com.android.tools.r8.graph.DexItemFactory::d (58 bytes)
Event: 3393.647 Thread 0x000000001830b800 nmethod 28839 0x0000000004c709d0 code [0x0000000004c70c80, 0x0000000004c72158]
Event: 3393.649 Thread 0x00000000182fd000 nmethod 28779 0x0000000007177710 code [0x0000000007177a00, 0x0000000007179a60]
Event: 3393.649 Thread 0x00000000182fd000 28796 %     4       com.android.tools.r8.ir.optimize.f::a @ 174 (383 bytes)
Event: 3393.650 Thread 0x000000001830b800 28840       1       com.android.tools.r8.graph.DexApplication$a::a (5 bytes)
Event: 3393.650 Thread 0x000000001830b800 nmethod 28840 0x0000000004122c10 code [0x0000000004122d60, 0x0000000004122e70]
Event: 3393.653 Thread 0x0000000018300800 nmethod 28770 0x000000000717cd90 code [0x000000000717d080, 0x00000000071800a0]
Event: 3393.655 Thread 0x0000000018300800 28805       4       com.android.tools.r8.ir.optimize.P::a (840 bytes)

GC Heap History (10 events):
Event: 2307.949 GC heap before
{Heap before GC invocations=103 (full 8):
 PSYoungGen      total 623616K, used 521260K [0x000000078b300000, 0x00000007bd880000, 0x00000007c0000000)
  eden space 449024K, 100% used [0x000000078b300000,0x00000007a6980000,0x00000007a6980000)
  from space 174592K, 41% used [0x00000007b2e00000,0x00000007b748b2c0,0x00000007bd880000)
  to   space 187904K, 0% used [0x00000007a6980000,0x00000007a6980000,0x00000007b2100000)
 ParOldGen       total 335872K, used 240767K [0x0000000721800000, 0x0000000736000000, 0x000000078b300000)
  object space 335872K, 71% used [0x0000000721800000,0x000000073031fd78,0x0000000736000000)
 Metaspace       used 93671K, capacity 98574K, committed 98816K, reserved 1134592K
  class space    used 12115K, capacity 13055K, committed 13056K, reserved 1048576K
Event: 2308.054 GC heap after
Heap after GC invocations=103 (full 8):
 PSYoungGen      total 636928K, used 64982K [0x000000078b300000, 0x00000007beb00000, 0x00000007c0000000)
  eden space 449024K, 0% used [0x000000078b300000,0x000000078b300000,0x00000007a6980000)
  from space 187904K, 34% used [0x00000007a6980000,0x00000007aa8f5b18,0x00000007b2100000)
  to   space 180736K, 0% used [0x00000007b3a80000,0x00000007b3a80000,0x00000007beb00000)
 ParOldGen       total 335872K, used 240767K [0x0000000721800000, 0x0000000736000000, 0x000000078b300000)
  object space 335872K, 71% used [0x0000000721800000,0x000000073031fd78,0x0000000736000000)
 Metaspace       used 93671K, capacity 98574K, committed 98816K, reserved 1134592K
  class space    used 12115K, capacity 13055K, committed 13056K, reserved 1048576K
}
Event: 2321.149 GC heap before
{Heap before GC invocations=104 (full 8):
 PSYoungGen      total 636928K, used 514006K [0x000000078b300000, 0x00000007beb00000, 0x00000007c0000000)
  eden space 449024K, 100% used [0x000000078b300000,0x00000007a6980000,0x00000007a6980000)
  from space 187904K, 34% used [0x00000007a6980000,0x00000007aa8f5b18,0x00000007b2100000)
  to   space 180736K, 0% used [0x00000007b3a80000,0x00000007b3a80000,0x00000007beb00000)
 ParOldGen       total 335872K, used 240767K [0x0000000721800000, 0x0000000736000000, 0x000000078b300000)
  object space 335872K, 71% used [0x0000000721800000,0x000000073031fd78,0x0000000736000000)
 Metaspace       used 93692K, capacity 98582K, committed 98816K, reserved 1134592K
  class space    used 12116K, capacity 13055K, committed 13056K, reserved 1048576K
Event: 2321.272 GC heap after
Heap after GC invocations=104 (full 8):
 PSYoungGen      total 649728K, used 98769K [0x000000078b300000, 0x00000007be100000, 0x00000007c0000000)
  eden space 479232K, 0% used [0x000000078b300000,0x000000078b300000,0x00000007a8700000)
  from space 170496K, 57% used [0x00000007b3a80000,0x00000007b9af47f8,0x00000007be100000)
  to   space 177152K, 0% used [0x00000007a8700000,0x00000007a8700000,0x00000007b3400000)
 ParOldGen       total 335872K, used 240767K [0x0000000721800000, 0x0000000736000000, 0x000000078b300000)
  object space 335872K, 71% used [0x0000000721800000,0x000000073031fd78,0x0000000736000000)
 Metaspace       used 93692K, capacity 98582K, committed 98816K, reserved 1134592K
  class space    used 12116K, capacity 13055K, committed 13056K, reserved 1048576K
}
Event: 2535.417 GC heap before
{Heap before GC invocations=105 (full 8):
 PSYoungGen      total 649728K, used 578001K [0x000000078b300000, 0x00000007be100000, 0x00000007c0000000)
  eden space 479232K, 100% used [0x000000078b300000,0x00000007a8700000,0x00000007a8700000)
  from space 170496K, 57% used [0x00000007b3a80000,0x00000007b9af47f8,0x00000007be100000)
  to   space 177152K, 0% used [0x00000007a8700000,0x00000007a8700000,0x00000007b3400000)
 ParOldGen       total 335872K, used 240767K [0x0000000721800000, 0x0000000736000000, 0x000000078b300000)
  object space 335872K, 71% used [0x0000000721800000,0x000000073031fd78,0x0000000736000000)
 Metaspace       used 94570K, capacity 100168K, committed 100352K, reserved 1136640K
  class space    used 12247K, capacity 13286K, committed 13312K, reserved 1048576K
Event: 2535.753 GC heap after
Heap after GC invocations=105 (full 8):
 PSYoungGen      total 656384K, used 39769K [0x000000078b300000, 0x00000007bf780000, 0x00000007c0000000)
  eden space 479232K, 0% used [0x000000078b300000,0x000000078b300000,0x00000007a8700000)
  from space 177152K, 22% used [0x00000007a8700000,0x00000007aadd64b0,0x00000007b3400000)
  to   space 175104K, 0% used [0x00000007b4c80000,0x00000007b4c80000,0x00000007bf780000)
 ParOldGen       total 335872K, used 240775K [0x0000000721800000, 0x0000000736000000, 0x000000078b300000)
  object space 335872K, 71% used [0x0000000721800000,0x0000000730321d78,0x0000000736000000)
 Metaspace       used 94570K, capacity 100168K, committed 100352K, reserved 1136640K
  class space    used 12247K, capacity 13286K, committed 13312K, reserved 1048576K
}
Event: 2657.466 GC heap before
{Heap before GC invocations=106 (full 8):
 PSYoungGen      total 656384K, used 519001K [0x000000078b300000, 0x00000007bf780000, 0x00000007c0000000)
  eden space 479232K, 100% used [0x000000078b300000,0x00000007a8700000,0x00000007a8700000)
  from space 177152K, 22% used [0x00000007a8700000,0x00000007aadd64b0,0x00000007b3400000)
  to   space 175104K, 0% used [0x00000007b4c80000,0x00000007b4c80000,0x00000007bf780000)
 ParOldGen       total 335872K, used 240775K [0x0000000721800000, 0x0000000736000000, 0x000000078b300000)
  object space 335872K, 71% used [0x0000000721800000,0x0000000730321d78,0x0000000736000000)
 Metaspace       used 94701K, capacity 100236K, committed 100352K, reserved 1136640K
  class space    used 12247K, capacity 13286K, committed 13312K, reserved 1048576K
Event: 2657.617 GC heap after
Heap after GC invocations=106 (full 8):
 PSYoungGen      total 658944K, used 57707K [0x000000078b300000, 0x00000007be680000, 0x00000007c0000000)
  eden space 501248K, 0% used [0x000000078b300000,0x000000078b300000,0x00000007a9c80000)
  from space 157696K, 36% used [0x00000007b4c80000,0x00000007b84dadb0,0x00000007be680000)
  to   space 168960K, 0% used [0x00000007a9c80000,0x00000007a9c80000,0x00000007b4180000)
 ParOldGen       total 335872K, used 240783K [0x0000000721800000, 0x0000000736000000, 0x000000078b300000)
  object space 335872K, 71% used [0x0000000721800000,0x0000000730323d78,0x0000000736000000)
 Metaspace       used 94701K, capacity 100236K, committed 100352K, reserved 1136640K
  class space    used 12247K, capacity 13286K, committed 13312K, reserved 1048576K
}
Event: 2706.197 GC heap before
{Heap before GC invocations=107 (full 8):
 PSYoungGen      total 658944K, used 558492K [0x000000078b300000, 0x00000007be680000, 0x00000007c0000000)
  eden space 501248K, 99% used [0x000000078b300000,0x00000007a9c0c500,0x00000007a9c80000)
  from space 157696K, 36% used [0x00000007b4c80000,0x00000007b84dadb0,0x00000007be680000)
  to   space 168960K, 0% used [0x00000007a9c80000,0x00000007a9c80000,0x00000007b4180000)
 ParOldGen       total 335872K, used 240783K [0x0000000721800000, 0x0000000736000000, 0x000000078b300000)
  object space 335872K, 71% used [0x0000000721800000,0x0000000730323d78,0x0000000736000000)
 Metaspace       used 94774K, capacity 100306K, committed 100352K, reserved 1136640K
  class space    used 12247K, capacity 13287K, committed 13312K, reserved 1048576K
Event: 2706.457 GC heap after
Heap after GC invocations=107 (full 8):
 PSYoungGen      total 670208K, used 134707K [0x000000078b300000, 0x00000007c0000000, 0x00000007c0000000)
  eden space 501248K, 0% used [0x000000078b300000,0x000000078b300000,0x00000007a9c80000)
  from space 168960K, 79% used [0x00000007a9c80000,0x00000007b200cc28,0x00000007b4180000)
  to   space 181248K, 0% used [0x00000007b4f00000,0x00000007b4f00000,0x00000007c0000000)
 ParOldGen       total 335872K, used 240839K [0x0000000721800000, 0x0000000736000000, 0x000000078b300000)
  object space 335872K, 71% used [0x0000000721800000,0x0000000730331d78,0x0000000736000000)
 Metaspace       used 94774K, capacity 100306K, committed 100352K, reserved 1136640K
  class space    used 12247K, capacity 13287K, committed 13312K, reserved 1048576K
}

Deoptimization events (10 events):
Event: 3368.757 Thread 0x000000001ed8d800 Uncommon trap: reason=array_check action=maybe_recompile pc=0x0000000002cc3770 method=java.util.ComparableTimSort.mergeHi(IIII)V @ 245
Event: 3368.757 Thread 0x000000001ed8d800 Uncommon trap: reason=array_check action=maybe_recompile pc=0x0000000002cc3770 method=java.util.ComparableTimSort.mergeHi(IIII)V @ 245
Event: 3368.766 Thread 0x000000001ed8d800 Uncommon trap: reason=array_check action=maybe_recompile pc=0x0000000002cc694c method=java.util.ComparableTimSort.mergeLo(IIII)V @ 465
Event: 3368.769 Thread 0x000000001ed8d800 Uncommon trap: reason=array_check action=maybe_recompile pc=0x0000000002cc694c method=java.util.ComparableTimSort.mergeLo(IIII)V @ 465
Event: 3368.856 Thread 0x000000001ed8d800 Uncommon trap: reason=array_check action=maybe_recompile pc=0x0000000004db2c40 method=java.util.ComparableTimSort.mergeLo(IIII)V @ 465
Event: 3368.892 Thread 0x000000001ed8d800 Uncommon trap: reason=array_check action=maybe_recompile pc=0x0000000004b600b4 method=java.util.ComparableTimSort.mergeHi(IIII)V @ 415
Event: 3368.913 Thread 0x000000001ed8d800 Uncommon trap: reason=array_check action=maybe_recompile pc=0x0000000004b5fee4 method=java.util.ComparableTimSort.mergeHi(IIII)V @ 277
Event: 3374.594 Thread 0x000000001ed8d800 Uncommon trap: reason=class_check action=maybe_recompile pc=0x0000000002b17d80 method=java.lang.AbstractStringBuilder.append(Ljava/lang/CharSequence;II)Ljava/lang/AbstractStringBuilder; @ 18
Event: 3390.066 Thread 0x000000001ed86000 Uncommon trap: reason=class_check action=maybe_recompile pc=0x0000000003b4e6dc method=java.lang.StringCoding.encode(Ljava/nio/charset/Charset;[CII)[B @ 1
Event: 3393.530 Thread 0x000000001e265800 Uncommon trap: reason=predicate action=maybe_recompile pc=0x00000000069c7c74 method=com.android.tools.r8.ir.regalloc.LinearScanRegisterAllocator.a(Lcom/android/tools/r8/utils/InternalOptions;Lcom/android/tools/r8/ir/code/IRCode;Ljava/util/Map;Ljava/util/L

Internal exceptions (10 events):
Event: 3393.659 Thread 0x000000001e265800 Exception <a 'sun/nio/fs/WindowsException'> (0x00000007a8c40e00) thrown at [C:\re\workspace\8-2-build-windows-amd64-cygwin\jdk8u121\8372\hotspot\src\share\vm\prims\jni.cpp, line 709]
Event: 3393.660 Thread 0x000000001e265800 Exception <a 'sun/nio/fs/WindowsException'> (0x00000007a8c87ba8) thrown at [C:\re\workspace\8-2-build-windows-amd64-cygwin\jdk8u121\8372\hotspot\src\share\vm\prims\jni.cpp, line 709]
Event: 3393.662 Thread 0x000000001e265800 Exception <a 'sun/nio/fs/WindowsException'> (0x00000007a8c8e928) thrown at [C:\re\workspace\8-2-build-windows-amd64-cygwin\jdk8u121\8372\hotspot\src\share\vm\prims\jni.cpp, line 709]
Event: 3393.663 Thread 0x000000001e265800 Exception <a 'sun/nio/fs/WindowsException'> (0x00000007a8c97608) thrown at [C:\re\workspace\8-2-build-windows-amd64-cygwin\jdk8u121\8372\hotspot\src\share\vm\prims\jni.cpp, line 709]
Event: 3393.664 Thread 0x000000001e265800 Exception <a 'sun/nio/fs/WindowsException'> (0x00000007a8c9e388) thrown at [C:\re\workspace\8-2-build-windows-amd64-cygwin\jdk8u121\8372\hotspot\src\share\vm\prims\jni.cpp, line 709]
Event: 3393.666 Thread 0x000000001e265800 Exception <a 'sun/nio/fs/WindowsException'> (0x00000007a8ca6e88) thrown at [C:\re\workspace\8-2-build-windows-amd64-cygwin\jdk8u121\8372\hotspot\src\share\vm\prims\jni.cpp, line 709]
Event: 3393.667 Thread 0x000000001e265800 Exception <a 'sun/nio/fs/WindowsException'> (0x00000007a8cadc08) thrown at [C:\re\workspace\8-2-build-windows-amd64-cygwin\jdk8u121\8372\hotspot\src\share\vm\prims\jni.cpp, line 709]
Event: 3393.669 Thread 0x000000001e265800 Exception <a 'sun/nio/fs/WindowsException'> (0x00000007a8cb5628) thrown at [C:\re\workspace\8-2-build-windows-amd64-cygwin\jdk8u121\8372\hotspot\src\share\vm\prims\jni.cpp, line 709]
Event: 3393.670 Thread 0x000000001e265800 Exception <a 'sun/nio/fs/WindowsException'> (0x00000007a8e7d318) thrown at [C:\re\workspace\8-2-build-windows-amd64-cygwin\jdk8u121\8372\hotspot\src\share\vm\prims\jni.cpp, line 709]
Event: 3393.672 Thread 0x000000001e265800 Exception <a 'sun/nio/fs/WindowsException'> (0x00000007a8e84d90) thrown at [C:\re\workspace\8-2-build-windows-amd64-cygwin\jdk8u121\8372\hotspot\src\share\vm\prims\jni.cpp, line 709]

Events (10 events):
Event: 3393.596 Thread 0x000000001830b800 flushing nmethod 0x00000000062e2910
Event: 3393.598 Thread 0x000000001830b800 flushing nmethod 0x000000000660a210
Event: 3393.600 Thread 0x000000001830b800 flushing nmethod 0x00000000069dfe50
Event: 3393.603 Thread 0x000000001830b800 flushing nmethod 0x0000000006f4ab10
Event: 3393.626 Thread 0x000000001e265800 DEOPT PACKING pc=0x00000000065369a6 sp=0x000000002f9ed250
Event: 3393.626 Thread 0x000000001e265800 DEOPT UNPACKING pc=0x000000000255787f sp=0x000000002f9ed260 mode 0
Event: 3393.636 Executing VM operation: RevokeBias
Event: 3393.637 Executing VM operation: RevokeBias done
Event: 3393.649 Thread 0x000000001830b800 flushing nmethod 0x00000000029e8f50
Event: 3393.654 Thread 0x0000000018300800 flushing nmethod 0x000000000325e510


Dynamic libraries:
0x00007ff65ba60000 - 0x00007ff65ba97000 	C:\Program Files\Java\jdk1.8.0_121\bin\java.exe
0x00007ffa857e0000 - 0x00007ffa859a2000 	C:\Windows\SYSTEM32\ntdll.dll
0x00007ffa834e0000 - 0x00007ffa8358d000 	C:\Windows\system32\KERNEL32.DLL
0x00007ffa82300000 - 0x00007ffa824dd000 	C:\Windows\system32\KERNELBASE.dll
0x00007ffa84b90000 - 0x00007ffa84c36000 	C:\Windows\system32\ADVAPI32.dll
0x00007ffa84e00000 - 0x00007ffa84e9d000 	C:\Windows\system32\msvcrt.dll
0x00007ffa84f10000 - 0x00007ffa84f6b000 	C:\Windows\system32\sechost.dll
0x00007ffa83070000 - 0x00007ffa83196000 	C:\Windows\system32\RPCRT4.dll
0x00007ffa84f70000 - 0x00007ffa850be000 	C:\Windows\system32\USER32.dll
0x00007ffa853c0000 - 0x00007ffa85543000 	C:\Windows\system32\GDI32.dll
0x00007ffa78070000 - 0x00007ffa782e4000 	C:\Windows\WinSxS\amd64_microsoft.windows.common-controls_6595b64144ccf1df_6.0.10240.17184_none_f41d7a705752bce6\COMCTL32.dll
0x00007ffa84dc0000 - 0x00007ffa84df6000 	C:\Windows\system32\IMM32.DLL
0x00007ffa84c40000 - 0x00007ffa84d9c000 	C:\Windows\system32\MSCTF.dll
0x0000000055b40000 - 0x0000000055c12000 	C:\Program Files\Java\jdk1.8.0_121\jre\bin\msvcr100.dll
0x00000000552a0000 - 0x0000000055b3b000 	C:\Program Files\Java\jdk1.8.0_121\jre\bin\server\jvm.dll
0x00007ffa834d0000 - 0x00007ffa834d8000 	C:\Windows\system32\PSAPI.DLL
0x00007ffa808d0000 - 0x00007ffa808f3000 	C:\Windows\SYSTEM32\WINMM.dll
0x00007ffa78d90000 - 0x00007ffa78d9a000 	C:\Windows\SYSTEM32\VERSION.dll
0x00007ffa7a640000 - 0x00007ffa7a649000 	C:\Windows\SYSTEM32\WSOCK32.dll
0x0000000000a50000 - 0x0000000000a7c000 	C:\Windows\SYSTEM32\WINMMBASE.dll
0x00007ffa835f0000 - 0x00007ffa83659000 	C:\Windows\system32\WS2_32.dll
0x00007ffa82b10000 - 0x00007ffa82b54000 	C:\Windows\system32\cfgmgr32.dll
0x00007ffa855b0000 - 0x00007ffa855b8000 	C:\Windows\system32\NSI.dll
0x00007ffa80ac0000 - 0x00007ffa80ae7000 	C:\Windows\SYSTEM32\DEVOBJ.dll
0x0000000055290000 - 0x000000005529f000 	C:\Program Files\Java\jdk1.8.0_121\jre\bin\verify.dll
0x0000000055260000 - 0x0000000055289000 	C:\Program Files\Java\jdk1.8.0_121\jre\bin\java.dll
0x0000000055240000 - 0x0000000055256000 	C:\Program Files\Java\jdk1.8.0_121\jre\bin\zip.dll
0x00007ffa83660000 - 0x00007ffa84b83000 	C:\Windows\system32\SHELL32.dll
0x00007ffa824e0000 - 0x00007ffa82b09000 	C:\Windows\system32\windows.storage.dll
0x00007ffa83250000 - 0x00007ffa834cc000 	C:\Windows\system32\combase.dll
0x00007ffa83590000 - 0x00007ffa835e1000 	C:\Windows\system32\shlwapi.dll
0x00007ffa82270000 - 0x00007ffa8227f000 	C:\Windows\system32\kernel.appcore.dll
0x00007ffa82c10000 - 0x00007ffa82cc3000 	C:\Windows\system32\shcore.dll
0x00007ffa82200000 - 0x00007ffa8224a000 	C:\Windows\system32\powrprof.dll
0x00007ffa82280000 - 0x00007ffa82293000 	C:\Windows\system32\profapi.dll
0x0000000055220000 - 0x000000005523a000 	C:\Program Files\Java\jdk1.8.0_121\jre\bin\net.dll
0x00007ffa81a10000 - 0x00007ffa81a6d000 	C:\Windows\system32\mswsock.dll
0x0000000055200000 - 0x0000000055211000 	C:\Program Files\Java\jdk1.8.0_121\jre\bin\nio.dll
0x00007ffa6cb50000 - 0x00007ffa6cb76000 	C:\Users\ALEXANDRE\FamilyLife\.gradle\native\29\windows-amd64\native-platform.dll
0x00000000551f0000 - 0x00000000551fd000 	C:\Program Files\Java\jdk1.8.0_121\jre\bin\management.dll
0x00007ffa81a70000 - 0x00007ffa81a87000 	C:\Windows\SYSTEM32\CRYPTSP.dll
0x00007ffa82130000 - 0x00007ffa82158000 	C:\Windows\SYSTEM32\bcrypt.dll
0x00007ffa816c0000 - 0x00007ffa816f3000 	C:\Windows\system32\rsaenh.dll
0x00007ffa81860000 - 0x00007ffa8187f000 	C:\Windows\SYSTEM32\USERENV.dll
0x00007ffa81fc0000 - 0x00007ffa8202b000 	C:\Windows\system32\bcryptprimitives.dll
0x00007ffa81be0000 - 0x00007ffa81beb000 	C:\Windows\SYSTEM32\CRYPTBASE.dll
0x00007ffa7fd20000 - 0x00007ffa7fd58000 	C:\Windows\SYSTEM32\IPHLPAPI.DLL
0x00007ffa7fd00000 - 0x00007ffa7fd0b000 	C:\Windows\SYSTEM32\WINNSI.DLL
0x00007ffa7d3f0000 - 0x00007ffa7d406000 	C:\Windows\SYSTEM32\dhcpcsvc6.DLL
0x00007ffa7d360000 - 0x00007ffa7d37a000 	C:\Windows\SYSTEM32\dhcpcsvc.DLL

VM Arguments:
jvm_args: -Xmx2536m -Dfile.encoding=windows-1252 -Duser.country=US -Duser.language=en -Duser.variant 
java_command: org.gradle.launcher.daemon.bootstrap.GradleDaemon 5.4.1
java_class_path (initial): C:\Users\ALEXANDRE\FamilyLife\.gradle\wrapper\dists\gradle-5.4.1-all\3221gyojl5jsh0helicew7rwx\gradle-5.4.1\lib\gradle-launcher-5.4.1.jar
Launcher Type: SUN_STANDARD

Environment Variables:
JAVA_HOME=C:\Program Files\Java\jdk1.8.0_121
PATH=C:\Python27\;C:\Python27\Scripts;C:\ProgramData\Oracle\Java\javapath;C:\Windows\system32;C:\Windows;C:\Windows\System32\Wbem;C:\Windows\System32\WindowsPowerShell\v1.0\;C:\Qt\Qt5.6.2\5.6\mingw49_32\bin;C:\Qt\Qt5.6.2\Tools\QtCreator\bin;C:\vstudio;C:\Program Files\Java\jdk1.8.0_121\bin;C:\Qt\Qt5.6.2\5.6\mingw49_32\bin;C:\Qt\Qt5.6.2\Tools\mingw492_32;C:\Program Files (x86)\Windows Kits\8.1\Windows Performance Toolkit\;C:\Program Files (x86)\Microsoft Emulator Manager\1.0\C:\MinGW\bin;C:\MinGW\include;C:\MinGW\mingw32\bin;C:\Qt\Qt5.6.2\Tools\mingw492_32\bin;C:\Users\ALEXANDRE\Desktop\gradle-3.5\bin;C:\Program Files\Android\Android Studio\bin;C:\Program Files\Microsoft\Web Platform Installer\;C:\Program Files (x86)\Microsoft ASP.NET\ASP.NET Web Pages\v1.0\;C:\Program Files\Microsoft SQL Server\110\Tools\Binn\;C:\Program Files (x86)\MATLAB\R2013\runtime\win32;C:\Program Files (x86)\MATLAB\R2013\bin;C:\android-studio-ide-162.3934792-windows\android-studio\gradle\gradle-4.6-bin;C:\Users\ALEXANDRE\Desktop\bin;C:\Program Files\Java\jre7\bin;C:\Program Files (x86)\MiKTeX 2.9\miktex\bin\;C:\Program Files\MATLAB\R2017a\runtime\win64;C:\Program Files\MATLAB\R2017a\bin;C:\Program Files\MiKTeX 2.9\miktex\bin\x64\;C:\Program Files\nodejs\;C:\ProgramData\chocolatey\bin;C:\Program Files\PuTTY\;C:\Program Files\Git\cmd;C:\Program Files\Git\bin;C:\Users\ALEXANDRE\AppData\Local\Programs\Python\Python37\Scripts\;C:\Users\ALEXANDRE\AppData\Local\Programs\Python\Python37\;C:\Program Files (x86)\Microsoft VS Code\bin;C:\Users\ALEXANDRE\AppData\Roaming\npm
USERNAME=ALEXANDRE
OS=Windows_NT
PROCESSOR_IDENTIFIER=Intel64 Family 6 Model 42 Stepping 7, GenuineIntel



---------------  S Y S T E M  ---------------

OS: Windows 10.0 , 64 bit Build 10240 (10.0.10240.17113)

CPU:total 4 (2 cores per cpu, 2 threads per core) family 6 model 42 stepping 7, cmov, cx8, fxsr, mmx, sse, sse2, sse3, ssse3, sse4.1, sse4.2, popcnt, avx, clmul, ht, tsc, tscinvbit

Memory: 4k page, physical 4140908k(406468k free), swap 5575532k(4096k free)

vm_info: Java HotSpot(TM) 64-Bit Server VM (25.121-b13) for windows-amd64 JRE (1.8.0_121-b13), built on Dec 12 2016 18:21:36 by "java_re" with MS VC++ 10.0 (VS2010)

time: Tue Nov 10 10:52:01 2020
elapsed time: 3394 seconds (0d 0h 56m 34s)

