#
# There is insufficient memory for the Java Runtime Environment to continue.
# Native memory allocation (malloc) failed to allocate 1194736 bytes for Chunk::new
# Possible reasons:
#   The system is out of physical RAM or swap space
#   The process is running with CompressedOops enabled, and the Java Heap may be blocking the growth of the native heap
# Possible solutions:
#   Reduce memory load on the system
#   Increase physical memory or swap space
#   Check if swap backing store is full
#   Decrease Java heap size (-Xmx/-Xms)
#   Decrease number of Java threads
#   Decrease Java thread stack sizes (-Xss)
#   Set larger code cache with -XX:ReservedCodeCacheSize=
#   JVM is running with Unscaled Compressed Oops mode in which the Java heap is
#     placed in the first 4GB address space. The Java Heap base address is the
#     maximum limit for the native heap growth. Please use -XX:HeapBaseMinAddress
#     to set the Java Heap base and to place the Java Heap above 4GB virtual address.
# This output file may be truncated or incomplete.
#
#  Out of Memory Error (allocation.cpp:389), pid=1280, tid=0x00000000000011d4
#
# JRE version: OpenJDK Runtime Environment (8.0_202-b03) (build 1.8.0_202-release-1483-b03)
# Java VM: OpenJDK 64-Bit Server VM (25.202-b03 mixed mode windows-amd64 compressed oops)
# Failed to write core dump. Minidumps are not enabled by default on client versions of Windows
#

---------------  T H R E A D  ---------------

Current thread (0x0000000016002800):  JavaThread "C2 CompilerThread1" daemon [_thread_in_native, id=4564, stack(0x0000000017750000,0x0000000017850000)]

Stack: [0x0000000017750000,0x0000000017850000]
[error occurred during error reporting (printing stack bounds), id 0xc0000005]

Native frames: (J=compiled Java code, j=interpreted, Vv=VM code, C=native code)


Current CompileTask:
C2:3498573 14632   !   4       java.net.URLClassLoader$1::run (63 bytes)


---------------  P R O C E S S  ---------------

Java Threads: ( => current thread )
  0x000000001c269000 JavaThread "Cache worker for Java compile cache (C:\Users\ALEXANDRE\sms\.gradle\5.4.1\javaCompile)" [_thread_blocked, id=6396, stack(0x0000000024c10000,0x0000000024d10000)]
  0x0000000019322800 JavaThread "Cache worker for Java compile cache (C:\Users\ALEXANDRE\FamilyLife\.gradle\caches\5.4.1\javaCompile)" [_thread_blocked, id=6800, stack(0x0000000024b10000,0x0000000024c10000)]
  0x000000001d5e1000 JavaThread "WorkerExecutor Queue Thread 3" [_thread_blocked, id=5856, stack(0x000000001a440000,0x000000001a540000)]
  0x000000001d5e5800 JavaThread "stdout" [_thread_in_native, id=5752, stack(0x0000000024a10000,0x0000000024b10000)]
  0x000000001d5de800 JavaThread "stderr" [_thread_in_native, id=2508, stack(0x0000000024910000,0x0000000024a10000)]
  0x000000001d5e4800 JavaThread "stdout" [_thread_in_native, id=4092, stack(0x0000000024810000,0x0000000024910000)]
  0x000000001d5e3000 JavaThread "stderr" [_thread_in_native, id=4416, stack(0x0000000024710000,0x0000000024810000)]
  0x000000001d5e4000 JavaThread "pool-6-thread-1" [_thread_blocked, id=7076, stack(0x0000000024410000,0x0000000024510000)]
  0x000000001d5e2800 JavaThread "WorkerExecutor Queue Thread 2" [_thread_blocked, id=6024, stack(0x0000000024310000,0x0000000024410000)]
  0x000000001d5e1800 JavaThread "WorkerExecutor Queue" [_thread_blocked, id=3576, stack(0x0000000024210000,0x0000000024310000)]
  0x000000001d5d7800 JavaThread "Cache worker for execution history cache (C:\Users\ALEXANDRE\sms\.gradle\5.4.1\executionHistory)" [_thread_blocked, id=1684, stack(0x0000000023f10000,0x0000000024010000)]
  0x000000001d5de000 JavaThread "Execution worker for ':' Thread 3" [_thread_blocked, id=5400, stack(0x0000000023e10000,0x0000000023f10000)]
  0x000000001d5da000 JavaThread "Execution worker for ':' Thread 2" [_thread_in_Java, id=4872, stack(0x0000000023d10000,0x0000000023e10000)]
  0x000000001c270800 JavaThread "Execution worker for ':'" [_thread_blocked, id=472, stack(0x0000000023c10000,0x0000000023d10000)]
  0x000000001c26f800 JavaThread "Cache worker for file content cache (C:\Users\ALEXANDRE\sms\.gradle\5.4.1\fileContent)" [_thread_blocked, id=6280, stack(0x0000000023b10000,0x0000000023c10000)]
  0x000000001c26d800 JavaThread "Cache worker for file content cache (C:\Users\ALEXANDRE\FamilyLife\.gradle\caches\5.4.1\fileContent)" [_thread_blocked, id=6056, stack(0x0000000023010000,0x0000000023110000)]
  0x000000001c26c000 JavaThread "Cache worker for Build Output Cleanup Cache (C:\Users\ALEXANDRE\sms\.gradle\buildOutputCleanup)" [_thread_blocked, id=2664, stack(0x0000000022f10000,0x0000000023010000)]
  0x000000001c26c800 JavaThread "pool-5-thread-1" [_thread_blocked, id=1816, stack(0x0000000022280000,0x0000000022380000)]
  0x000000001c26b000 JavaThread "Build operations Thread 4" [_thread_blocked, id=2616, stack(0x0000000021d80000,0x0000000021e80000)]
  0x000000001c26f000 JavaThread "Build operations Thread 3" [_thread_blocked, id=6184, stack(0x0000000021a80000,0x0000000021b80000)]
  0x000000001c26e000 JavaThread "Build operations Thread 2" [_thread_blocked, id=5484, stack(0x0000000020740000,0x0000000020840000)]
  0x000000001c263800 JavaThread "Build operations" [_thread_blocked, id=6036, stack(0x000000001eae0000,0x000000001ebe0000)]
  0x000000001c26a800 JavaThread "Cache worker for cache directory md-rule (C:\Users\ALEXANDRE\FamilyLife\.gradle\caches\5.4.1\md-rule)" [_thread_blocked, id=3884, stack(0x000000001e7e0000,0x000000001e8e0000)]
  0x000000001c263000 JavaThread "Cache worker for cache directory md-supplier (C:\Users\ALEXANDRE\FamilyLife\.gradle\caches\5.4.1\md-supplier)" [_thread_blocked, id=4932, stack(0x000000001e4b0000,0x000000001e5b0000)]
  0x000000001c269800 JavaThread "Cache worker for file hash cache (C:\Users\ALEXANDRE\sms\.gradle\5.4.1\fileHashes)" [_thread_blocked, id=6308, stack(0x000000001a840000,0x000000001a940000)]
  0x000000001c265000 JavaThread "Thread-50" [_thread_blocked, id=220, stack(0x000000001a540000,0x000000001a640000)]
  0x000000001c264800 JavaThread "Asynchronous log dispatcher for DefaultDaemonConnection: socket connection from /127.0.0.1:14160 to /127.0.0.1:17570" [_thread_blocked, id=3336, stack(0x000000001a140000,0x000000001a240000)]
  0x000000001c266800 JavaThread "Daemon worker Thread 3" [_thread_blocked, id=6188, stack(0x000000001a040000,0x000000001a140000)]
  0x000000001c267800 JavaThread "Cancel handler" [_thread_blocked, id=6664, stack(0x0000000000b40000,0x0000000000c40000)]
  0x000000001c268000 JavaThread "Handler for socket connection from /127.0.0.1:14160 to /127.0.0.1:17570" [_thread_in_native, id=6760, stack(0x0000000000a40000,0x0000000000b40000)]
  0x000000001c262000 JavaThread "Daemon Thread 3" [_thread_blocked, id=4436, stack(0x0000000000820000,0x0000000000920000)]
  0x000000001d5e0000 JavaThread "Memory manager" [_thread_blocked, id=1016, stack(0x0000000022980000,0x0000000022a80000)]
  0x000000001d5dd000 JavaThread "Cache worker for execution history cache (C:\Users\ALEXANDRE\FamilyLife\.gradle\caches\5.4.1\executionHistory)" [_thread_blocked, id=5912, stack(0x000000001fc40000,0x000000001fd40000)]
  0x000000001931d000 JavaThread "Cache worker for journal cache (C:\Users\ALEXANDRE\FamilyLife\.gradle\caches\journal-1)" [_thread_blocked, id=3988, stack(0x000000001ad40000,0x000000001ae40000)]
  0x000000001931c000 JavaThread "File lock request listener" [_thread_in_native, id=5756, stack(0x000000001aa40000,0x000000001ab40000)]
  0x000000001931e800 JavaThread "Cache worker for file hash cache (C:\Users\ALEXANDRE\FamilyLife\.gradle\caches\5.4.1\fileHashes)" [_thread_blocked, id=3360, stack(0x000000001a940000,0x000000001aa40000)]
  0x0000000018ffd000 JavaThread "Daemon periodic checks" [_thread_blocked, id=3228, stack(0x0000000019f40000,0x000000001a040000)]
  0x0000000018ffb800 JavaThread "Incoming local TCP Connector on port 14160" [_thread_in_native, id=5988, stack(0x0000000019d60000,0x0000000019e60000)]
  0x0000000018f6e000 JavaThread "Daemon health stats" [_thread_blocked, id=3088, stack(0x0000000019720000,0x0000000019820000)]
  0x0000000017970800 JavaThread "Service Thread" daemon [_thread_blocked, id=3276, stack(0x0000000017d50000,0x0000000017e50000)]
  0x0000000016007800 JavaThread "C1 CompilerThread2" daemon [_thread_in_native, id=2828, stack(0x0000000017850000,0x0000000017950000)]
=>0x0000000016002800 JavaThread "C2 CompilerThread1" daemon [_thread_in_native, id=4564, stack(0x0000000017750000,0x0000000017850000)]
  0x0000000015ffe800 JavaThread "C2 CompilerThread0" daemon [_thread_in_native, id=5660, stack(0x0000000017650000,0x0000000017750000)]
  0x0000000015ffd800 JavaThread "Attach Listener" daemon [_thread_blocked, id=200, stack(0x0000000017550000,0x0000000017650000)]
  0x0000000015ffc000 JavaThread "Signal Dispatcher" daemon [_thread_blocked, id=6676, stack(0x0000000017450000,0x0000000017550000)]
  0x000000000268e000 JavaThread "Finalizer" daemon [_thread_blocked, id=5764, stack(0x0000000017260000,0x0000000017360000)]
  0x0000000015fe9000 JavaThread "Reference Handler" daemon [_thread_blocked, id=6804, stack(0x0000000017160000,0x0000000017260000)]
  0x0000000002592800 JavaThread "main" [_thread_blocked, id=6248, stack(0x0000000002490000,0x0000000002590000)]

Other Threads:
  0x0000000015fc6800 VMThread [stack: 0x0000000017060000,0x0000000017160000] [id=7012]
  0x0000000017979000 WatcherThread [stack: 0x0000000017e50000,0x0000000017f50000] [id=5696]

VM state:not at safepoint (normal execution)

VM Mutex/Monitor currently owned by a thread: None

heap address: 0x00000000a0000000, size: 1536 MB, Compressed Oops mode: 32-bit
Narrow klass base: 0x0000000000000000, Narrow klass shift: 3
Compressed class space size: 1073741824 Address: 0x0000000100000000

Heap:
 PSYoungGen      total 263168K, used 176350K [0x00000000e0000000, 0x00000000f2380000, 0x0000000100000000)
  eden space 227840K, 69% used [0x00000000e0000000,0x00000000e9acb6b0,0x00000000ede80000)
  from space 35328K, 50% used [0x00000000f0100000,0x00000000f126c4f0,0x00000000f2380000)
  to   space 23552K, 0% used [0x00000000ee800000,0x00000000ee800000,0x00000000eff00000)
 ParOldGen       total 130560K, used 61785K [0x00000000a0000000, 0x00000000a7f80000, 0x00000000e0000000)
  object space 130560K, 47% used [0x00000000a0000000,0x00000000a3c567c8,0x00000000a7f80000)
 Metaspace       used 81055K, capacity 83786K, committed 85208K, reserved 1124352K
  class space    used 10322K, capacity 10936K, committed 11264K, reserved 1048576K

Card table byte_map: [0x0000000011a50000,0x0000000011d60000] byte_map_base: 0x0000000011550000

Marking Bits: (ParMarkBitMap*) 0x00000000609e9f30
 Begin Bits: [0x0000000012360000, 0x0000000013b60000)
 End Bits:   [0x0000000013b60000, 0x0000000015360000)

Polling page: 0x0000000000cf0000

CodeCache: size=245760Kb used=41972Kb max_used=41972Kb free=203787Kb
 bounds [0x0000000002690000, 0x0000000004fd0000, 0x0000000011690000]
 total_blobs=13156 nmethods=12299 adapters=769
 compilation: enabled

Compilation events (10 events):
Event: 3498.478 Thread 0x0000000016007800 nmethod 14826 0x0000000004fb52d0 code [0x0000000004fb5420, 0x0000000004fb5530]
Event: 3498.478 Thread 0x0000000016007800 14827       3       com.sun.tools.javac.code.Lint::augment (58 bytes)
Event: 3498.480 Thread 0x0000000016007800 nmethod 14827 0x0000000004fb5590 code [0x0000000004fb57a0, 0x0000000004fb6368]
Event: 3498.480 Thread 0x0000000016007800 14829       3       com.sun.tools.javac.code.Lint$AugmentVisitor::augment (64 bytes)
Event: 3498.482 Thread 0x0000000016007800 nmethod 14829 0x0000000004fb6850 code [0x0000000004fb6a60, 0x0000000004fb76a8]
Event: 3498.482 Thread 0x0000000016007800 14830       3       com.sun.tools.javac.code.Scope$CompoundScope$CompoundScopeIterator::hasNext (13 bytes)
Event: 3498.482 Thread 0x0000000016007800 nmethod 14830 0x0000000004fb7c10 code [0x0000000004fb7d60, 0x0000000004fb7f10]
Event: 3498.482 Thread 0x0000000016007800 14828       3       com.sun.tools.javac.code.Symbol::getDeclarationAttributes (21 bytes)
Event: 3498.482 Thread 0x0000000016007800 nmethod 14828 0x0000000004fb7f90 code [0x0000000004fb8120, 0x0000000004fb84f0]
Event: 3498.482 Thread 0x0000000016007800 14836       3       com.sun.tools.javac.comp.Check::checkFlags (799 bytes)

GC Heap History (10 events):
Event: 49.210 GC heap before
{Heap before GC invocations=20 (full 3):
 PSYoungGen      total 218624K, used 218605K [0x00000000e0000000, 0x00000000eeb80000, 0x0000000100000000)
  eden space 203776K, 100% used [0x00000000e0000000,0x00000000ec700000,0x00000000ec700000)
  from space 14848K, 99% used [0x00000000edd00000,0x00000000eeb7b670,0x00000000eeb80000)
  to   space 17408K, 0% used [0x00000000ec980000,0x00000000ec980000,0x00000000eda80000)
 ParOldGen       total 80896K, used 34383K [0x00000000a0000000, 0x00000000a4f00000, 0x00000000e0000000)
  object space 80896K, 42% used [0x00000000a0000000,0x00000000a2193f20,0x00000000a4f00000)
 Metaspace       used 68387K, capacity 71184K, committed 71512K, reserved 1112064K
  class space    used 9162K, capacity 9771K, committed 9856K, reserved 1048576K
Event: 49.259 GC heap after
Heap after GC invocations=20 (full 3):
 PSYoungGen      total 223744K, used 14029K [0x00000000e0000000, 0x00000000f1180000, 0x0000000100000000)
  eden space 206336K, 0% used [0x00000000e0000000,0x00000000e0000000,0x00000000ec980000)
  from space 17408K, 80% used [0x00000000ec980000,0x00000000ed7336c8,0x00000000eda80000)
  to   space 18944K, 0% used [0x00000000eff00000,0x00000000eff00000,0x00000000f1180000)
 ParOldGen       total 80896K, used 42785K [0x00000000a0000000, 0x00000000a4f00000, 0x00000000e0000000)
  object space 80896K, 52% used [0x00000000a0000000,0x00000000a29c8478,0x00000000a4f00000)
 Metaspace       used 68387K, capacity 71184K, committed 71512K, reserved 1112064K
  class space    used 9162K, capacity 9771K, committed 9856K, reserved 1048576K
}
Event: 447.118 GC heap before
{Heap before GC invocations=21 (full 3):
 PSYoungGen      total 223744K, used 220365K [0x00000000e0000000, 0x00000000f1180000, 0x0000000100000000)
  eden space 206336K, 100% used [0x00000000e0000000,0x00000000ec980000,0x00000000ec980000)
  from space 17408K, 80% used [0x00000000ec980000,0x00000000ed7336c8,0x00000000eda80000)
  to   space 18944K, 0% used [0x00000000eff00000,0x00000000eff00000,0x00000000f1180000)
 ParOldGen       total 80896K, used 42785K [0x00000000a0000000, 0x00000000a4f00000, 0x00000000e0000000)
  object space 80896K, 52% used [0x00000000a0000000,0x00000000a29c8478,0x00000000a4f00000)
 Metaspace       used 72267K, capacity 75294K, committed 75608K, reserved 1114112K
  class space    used 9401K, capacity 10035K, committed 10112K, reserved 1048576K
Event: 447.216 GC heap after
Heap after GC invocations=21 (full 3):
 PSYoungGen      total 256512K, used 18928K [0x00000000e0000000, 0x00000000f1800000, 0x0000000100000000)
  eden space 237568K, 0% used [0x00000000e0000000,0x00000000e0000000,0x00000000ee800000)
  from space 18944K, 99% used [0x00000000eff00000,0x00000000f117c050,0x00000000f1180000)
  to   space 23552K, 0% used [0x00000000ee800000,0x00000000ee800000,0x00000000eff00000)
 ParOldGen       total 80896K, used 47031K [0x00000000a0000000, 0x00000000a4f00000, 0x00000000e0000000)
  object space 80896K, 58% used [0x00000000a0000000,0x00000000a2dedc88,0x00000000a4f00000)
 Metaspace       used 72267K, capacity 75294K, committed 75608K, reserved 1114112K
  class space    used 9401K, capacity 10035K, committed 10112K, reserved 1048576K
}
Event: 3392.562 GC heap before
{Heap before GC invocations=22 (full 3):
 PSYoungGen      total 256512K, used 256496K [0x00000000e0000000, 0x00000000f1800000, 0x0000000100000000)
  eden space 237568K, 100% used [0x00000000e0000000,0x00000000ee800000,0x00000000ee800000)
  from space 18944K, 99% used [0x00000000eff00000,0x00000000f117c050,0x00000000f1180000)
  to   space 23552K, 0% used [0x00000000ee800000,0x00000000ee800000,0x00000000eff00000)
 ParOldGen       total 80896K, used 47031K [0x00000000a0000000, 0x00000000a4f00000, 0x00000000e0000000)
  object space 80896K, 58% used [0x00000000a0000000,0x00000000a2dedc88,0x00000000a4f00000)
 Metaspace       used 74440K, capacity 77834K, committed 78040K, reserved 1116160K
  class space    used 9642K, capacity 10377K, committed 10496K, reserved 1048576K
Event: 3392.788 GC heap after
Heap after GC invocations=22 (full 3):
 PSYoungGen      total 251392K, used 23536K [0x00000000e0000000, 0x00000000f2380000, 0x0000000100000000)
  eden space 227840K, 0% used [0x00000000e0000000,0x00000000e0000000,0x00000000ede80000)
  from space 23552K, 99% used [0x00000000ee800000,0x00000000efefc158,0x00000000eff00000)
  to   space 35328K, 0% used [0x00000000f0100000,0x00000000f0100000,0x00000000f2380000)
 ParOldGen       total 80896K, used 68930K [0x00000000a0000000, 0x00000000a4f00000, 0x00000000e0000000)
  object space 80896K, 85% used [0x00000000a0000000,0x00000000a4350838,0x00000000a4f00000)
 Metaspace       used 74440K, capacity 77834K, committed 78040K, reserved 1116160K
  class space    used 9642K, capacity 10377K, committed 10496K, reserved 1048576K
}
Event: 3392.788 GC heap before
{Heap before GC invocations=23 (full 4):
 PSYoungGen      total 251392K, used 23536K [0x00000000e0000000, 0x00000000f2380000, 0x0000000100000000)
  eden space 227840K, 0% used [0x00000000e0000000,0x00000000e0000000,0x00000000ede80000)
  from space 23552K, 99% used [0x00000000ee800000,0x00000000efefc158,0x00000000eff00000)
  to   space 35328K, 0% used [0x00000000f0100000,0x00000000f0100000,0x00000000f2380000)
 ParOldGen       total 80896K, used 68930K [0x00000000a0000000, 0x00000000a4f00000, 0x00000000e0000000)
  object space 80896K, 85% used [0x00000000a0000000,0x00000000a4350838,0x00000000a4f00000)
 Metaspace       used 74440K, capacity 77834K, committed 78040K, reserved 1116160K
  class space    used 9642K, capacity 10377K, committed 10496K, reserved 1048576K
Event: 3393.568 GC heap after
Heap after GC invocations=23 (full 4):
 PSYoungGen      total 251392K, used 0K [0x00000000e0000000, 0x00000000f2380000, 0x0000000100000000)
  eden space 227840K, 0% used [0x00000000e0000000,0x00000000e0000000,0x00000000ede80000)
  from space 23552K, 0% used [0x00000000ee800000,0x00000000ee800000,0x00000000eff00000)
  to   space 35328K, 0% used [0x00000000f0100000,0x00000000f0100000,0x00000000f2380000)
 ParOldGen       total 130560K, used 61777K [0x00000000a0000000, 0x00000000a7f80000, 0x00000000e0000000)
  object space 130560K, 47% used [0x00000000a0000000,0x00000000a3c547c8,0x00000000a7f80000)
 Metaspace       used 73413K, capacity 75920K, committed 78040K, reserved 1116160K
  class space    used 9448K, capacity 10023K, committed 10496K, reserved 1048576K
}
Event: 3494.535 GC heap before
{Heap before GC invocations=24 (full 4):
 PSYoungGen      total 251392K, used 227840K [0x00000000e0000000, 0x00000000f2380000, 0x0000000100000000)
  eden space 227840K, 100% used [0x00000000e0000000,0x00000000ede80000,0x00000000ede80000)
  from space 23552K, 0% used [0x00000000ee800000,0x00000000ee800000,0x00000000eff00000)
  to   space 35328K, 0% used [0x00000000f0100000,0x00000000f0100000,0x00000000f2380000)
 ParOldGen       total 130560K, used 61777K [0x00000000a0000000, 0x00000000a7f80000, 0x00000000e0000000)
  object space 130560K, 47% used [0x00000000a0000000,0x00000000a3c547c8,0x00000000a7f80000)
 Metaspace       used 79802K, capacity 82474K, committed 83800K, reserved 1122304K
  class space    used 10227K, capacity 10840K, committed 11136K, reserved 1048576K
Event: 3494.605 GC heap after
Heap after GC invocations=24 (full 4):
 PSYoungGen      total 263168K, used 17841K [0x00000000e0000000, 0x00000000f2380000, 0x0000000100000000)
  eden space 227840K, 0% used [0x00000000e0000000,0x00000000e0000000,0x00000000ede80000)
  from space 35328K, 50% used [0x00000000f0100000,0x00000000f126c4f0,0x00000000f2380000)
  to   space 23552K, 0% used [0x00000000ee800000,0x00000000ee800000,0x00000000eff00000)
 ParOldGen       total 130560K, used 61785K [0x00000000a0000000, 0x00000000a7f80000, 0x00000000e0000000)
  object space 130560K, 47% used [0x00000000a0000000,0x00000000a3c567c8,0x00000000a7f80000)
 Metaspace       used 79802K, capacity 82474K, committed 83800K, reserved 1122304K
  class space    used 10227K, capacity 10840K, committed 11136K, reserved 1048576K
}

Deoptimization events (10 events):
Event: 3497.941 Thread 0x000000001d5da000 Uncommon trap: reason=class_check action=maybe_recompile pc=0x0000000004e4289c method=com.sun.tools.javac.code.Type.containsAny(Lcom/sun/tools/javac/util/List;)Z @ 6
Event: 3497.941 Thread 0x000000001d5da000 Uncommon trap: reason=class_check action=maybe_recompile pc=0x0000000004e4289c method=com.sun.tools.javac.code.Type.containsAny(Lcom/sun/tools/javac/util/List;)Z @ 6
Event: 3498.029 Thread 0x000000001d5da000 Uncommon trap: reason=unstable_if action=reinterpret pc=0x0000000004d60b90 method=com.sun.tools.javac.code.Scope.enter(Lcom/sun/tools/javac/code/Symbol;Lcom/sun/tools/javac/code/Scope;Lcom/sun/tools/javac/code/Scope;Z)V @ 116
Event: 3498.149 Thread 0x000000001d5da000 Uncommon trap: reason=class_check action=maybe_recompile pc=0x0000000004c40518 method=com.sun.tools.javac.tree.JCTree$Visitor.visitLiteral(Lcom/sun/tools/javac/tree/JCTree$JCLiteral;)V @ 2
Event: 3498.153 Thread 0x000000001d5da000 Uncommon trap: reason=class_check action=maybe_recompile pc=0x0000000004c40518 method=com.sun.tools.javac.tree.JCTree$Visitor.visitLiteral(Lcom/sun/tools/javac/tree/JCTree$JCLiteral;)V @ 2
Event: 3498.166 Thread 0x000000001d5da000 Uncommon trap: reason=class_check action=maybe_recompile pc=0x0000000004c40518 method=com.sun.tools.javac.tree.JCTree$Visitor.visitLiteral(Lcom/sun/tools/javac/tree/JCTree$JCLiteral;)V @ 2
Event: 3498.199 Thread 0x000000001d5da000 Uncommon trap: reason=class_check action=maybe_recompile pc=0x0000000004ec9268 method=com.sun.tools.javac.tree.TreeInfo.isEnumInit(Lcom/sun/tools/javac/tree/JCTree;)Z @ 4
Event: 3498.246 Thread 0x000000001d5da000 Uncommon trap: reason=class_check action=maybe_recompile pc=0x0000000004c40518 method=com.sun.tools.javac.tree.JCTree$Visitor.visitLiteral(Lcom/sun/tools/javac/tree/JCTree$JCLiteral;)V @ 2
Event: 3498.275 Thread 0x000000001d5da000 Uncommon trap: reason=class_check action=maybe_recompile pc=0x0000000004ec9268 method=com.sun.tools.javac.tree.TreeInfo.isEnumInit(Lcom/sun/tools/javac/tree/JCTree;)Z @ 4
Event: 3498.404 Thread 0x000000001d5da000 Uncommon trap: reason=class_check action=maybe_recompile pc=0x0000000004ec9268 method=com.sun.tools.javac.tree.TreeInfo.isEnumInit(Lcom/sun/tools/javac/tree/JCTree;)Z @ 4

Classes redefined (0 events):
No events

Internal exceptions (10 events):
Event: 3404.841 Thread 0x000000001c266800 Implicit null exception at 0x00000000033ca2f6 to 0x00000000033ce11d
Event: 3415.079 Thread 0x000000001c266800 Implicit null exception at 0x0000000002977116 to 0x00000000029774a5
Event: 3415.080 Thread 0x000000001c266800 Implicit null exception at 0x00000000028c4396 to 0x00000000028c471d
Event: 3415.080 Thread 0x000000001c266800 Implicit null exception at 0x00000000047027da to 0x0000000004702b85
Event: 3429.927 Thread 0x000000001d5da000 Exception <a 'java/lang/NoSuchMethodError': <clinit>> (0x00000000e52869a0) thrown at [D:\src\AOSP-openjdk-cygwin\jdk8u\hotspot\src\share\vm\prims\jni.cpp, line 1614]
Event: 3429.929 Thread 0x000000001d5da000 Exception <a 'java/lang/NoSuchMethodError': <clinit>> (0x00000000e529fd88) thrown at [D:\src\AOSP-openjdk-cygwin\jdk8u\hotspot\src\share\vm\prims\jni.cpp, line 1614]
Event: 3429.930 Thread 0x000000001d5da000 Exception <a 'java/lang/NoSuchMethodError': <clinit>> (0x00000000e52b8230) thrown at [D:\src\AOSP-openjdk-cygwin\jdk8u\hotspot\src\share\vm\prims\jni.cpp, line 1614]
Event: 3429.942 Thread 0x000000001d5da000 Exception <a 'java/lang/NoSuchMethodError': <clinit>> (0x00000000e531ab68) thrown at [D:\src\AOSP-openjdk-cygwin\jdk8u\hotspot\src\share\vm\prims\jni.cpp, line 1614]
Event: 3483.639 Thread 0x000000001d5da000 Implicit null exception at 0x00000000034d6677 to 0x00000000034d7069
Event: 3483.640 Thread 0x000000001d5da000 Implicit null exception at 0x0000000002beede3 to 0x0000000002bef445

Events (10 events):
Event: 3498.199 Thread 0x000000001d5da000 DEOPT UNPACKING pc=0x00000000026d557b sp=0x0000000023e0a2e0 mode 2
Event: 3498.246 Thread 0x000000001d5da000 Uncommon trap: trap_request=0xffffffde fr.pc=0x0000000004c40518
Event: 3498.246 Thread 0x000000001d5da000 DEOPT PACKING pc=0x0000000004c40518 sp=0x0000000023e0a270
Event: 3498.246 Thread 0x000000001d5da000 DEOPT UNPACKING pc=0x00000000026d557b sp=0x0000000023e0a210 mode 2
Event: 3498.275 Thread 0x000000001d5da000 Uncommon trap: trap_request=0xffffffde fr.pc=0x0000000004ec9268
Event: 3498.275 Thread 0x000000001d5da000 DEOPT PACKING pc=0x0000000004ec9268 sp=0x0000000023e0a340
Event: 3498.275 Thread 0x000000001d5da000 DEOPT UNPACKING pc=0x00000000026d557b sp=0x0000000023e0a2e0 mode 2
Event: 3498.404 Thread 0x000000001d5da000 Uncommon trap: trap_request=0xffffffde fr.pc=0x0000000004ec9268
Event: 3498.404 Thread 0x000000001d5da000 DEOPT PACKING pc=0x0000000004ec9268 sp=0x0000000023e0a340
Event: 3498.404 Thread 0x000000001d5da000 DEOPT UNPACKING pc=0x00000000026d557b sp=0x0000000023e0a2e0 mode 2


Dynamic libraries:
0x00007ff664800000 - 0x00007ff664831000 	C:\Program Files\Android\Android Studio2\jre\bin\java.exe
0x00007ffa2af80000 - 0x00007ffa2b142000 	C:\Windows\SYSTEM32\ntdll.dll
0x00007ffa28830000 - 0x00007ffa288dd000 	C:\Windows\system32\KERNEL32.DLL
0x00007ffa28460000 - 0x00007ffa2863d000 	C:\Windows\system32\KERNELBASE.dll
0x00007ffa2a960000 - 0x00007ffa2aa06000 	C:\Windows\system32\ADVAPI32.dll
0x00007ffa28bc0000 - 0x00007ffa28c5d000 	C:\Windows\system32\msvcrt.dll
0x00007ffa2abc0000 - 0x00007ffa2ac1b000 	C:\Windows\system32\sechost.dll
0x00007ffa29170000 - 0x00007ffa29296000 	C:\Windows\system32\RPCRT4.dll
0x00007ffa2ac20000 - 0x00007ffa2ad6e000 	C:\Windows\system32\USER32.dll
0x00007ffa2a7d0000 - 0x00007ffa2a953000 	C:\Windows\system32\GDI32.dll
0x00007ffa1d500000 - 0x00007ffa1d774000 	C:\Windows\WinSxS\amd64_microsoft.windows.common-controls_6595b64144ccf1df_6.0.10240.17184_none_f41d7a705752bce6\COMCTL32.dll
0x00007ffa28e90000 - 0x00007ffa28ec6000 	C:\Windows\system32\IMM32.DLL
0x00007ffa28c60000 - 0x00007ffa28dbc000 	C:\Windows\system32\MSCTF.dll
0x0000000060050000 - 0x0000000060122000 	C:\Program Files\Android\Android Studio2\jre\jre\bin\msvcr100.dll
0x0000000060220000 - 0x0000000060a66000 	C:\Program Files\Android\Android Studio2\jre\jre\bin\server\jvm.dll
0x00007ffa2ad70000 - 0x00007ffa2ad78000 	C:\Windows\system32\PSAPI.DLL
0x00007ffa1e9c0000 - 0x00007ffa1e9ca000 	C:\Windows\SYSTEM32\VERSION.dll
0x00007ffa21d70000 - 0x00007ffa21d79000 	C:\Windows\SYSTEM32\WSOCK32.dll
0x00007ffa25f40000 - 0x00007ffa25f63000 	C:\Windows\SYSTEM32\WINMM.dll
0x00007ffa2aa10000 - 0x00007ffa2aa79000 	C:\Windows\system32\WS2_32.dll
0x00007ffa28f40000 - 0x00007ffa28f48000 	C:\Windows\system32\NSI.dll
0x00007ffa25ee0000 - 0x00007ffa25f0c000 	C:\Windows\SYSTEM32\WINMMBASE.dll
0x00007ffa27b00000 - 0x00007ffa27b44000 	C:\Windows\system32\cfgmgr32.dll
0x00007ffa26320000 - 0x00007ffa26347000 	C:\Windows\SYSTEM32\DEVOBJ.dll
0x00007ffa21cd0000 - 0x00007ffa21cdf000 	C:\Program Files\Android\Android Studio2\jre\jre\bin\verify.dll
0x00007ffa21c70000 - 0x00007ffa21c99000 	C:\Program Files\Android\Android Studio2\jre\jre\bin\java.dll
0x00007ffa21c50000 - 0x00007ffa21c66000 	C:\Program Files\Android\Android Studio2\jre\jre\bin\zip.dll
0x00007ffa292a0000 - 0x00007ffa2a7c3000 	C:\Windows\system32\SHELL32.dll
0x00007ffa27d20000 - 0x00007ffa28349000 	C:\Windows\system32\windows.storage.dll
0x00007ffa288e0000 - 0x00007ffa28b5c000 	C:\Windows\system32\combase.dll
0x00007ffa28b60000 - 0x00007ffa28bb1000 	C:\Windows\system32\shlwapi.dll
0x00007ffa279a0000 - 0x00007ffa279af000 	C:\Windows\system32\kernel.appcore.dll
0x00007ffa27a40000 - 0x00007ffa27af3000 	C:\Windows\system32\shcore.dll
0x00007ffa279b0000 - 0x00007ffa279fa000 	C:\Windows\system32\powrprof.dll
0x00007ffa27a20000 - 0x00007ffa27a33000 	C:\Windows\system32\profapi.dll
0x00007ffa21c30000 - 0x00007ffa21c4a000 	C:\Program Files\Android\Android Studio2\jre\jre\bin\net.dll
0x00007ffa271b0000 - 0x00007ffa2720d000 	C:\Windows\system32\mswsock.dll
0x00007ffa21c10000 - 0x00007ffa21c21000 	C:\Program Files\Android\Android Studio2\jre\jre\bin\nio.dll
0x00007ffa196c0000 - 0x00007ffa196e6000 	C:\Users\ALEXANDRE\FamilyLife\.gradle\native\29\windows-amd64\native-platform.dll
0x00007ffa21bf0000 - 0x00007ffa21bfd000 	C:\Program Files\Android\Android Studio2\jre\jre\bin\management.dll
0x00007ffa27210000 - 0x00007ffa27227000 	C:\Windows\SYSTEM32\CRYPTSP.dll
0x00007ffa278d0000 - 0x00007ffa278f8000 	C:\Windows\SYSTEM32\bcrypt.dll
0x00007ffa26e60000 - 0x00007ffa26e93000 	C:\Windows\system32\rsaenh.dll
0x00007ffa27040000 - 0x00007ffa2705f000 	C:\Windows\SYSTEM32\USERENV.dll
0x00007ffa27760000 - 0x00007ffa277cb000 	C:\Windows\system32\bcryptprimitives.dll
0x00007ffa27380000 - 0x00007ffa2738b000 	C:\Windows\SYSTEM32\CRYPTBASE.dll
0x00007ffa23f60000 - 0x00007ffa23f98000 	C:\Windows\SYSTEM32\IPHLPAPI.DLL
0x00007ffa23e50000 - 0x00007ffa23e5b000 	C:\Windows\SYSTEM32\WINNSI.DLL
0x00007ffa22630000 - 0x00007ffa22646000 	C:\Windows\SYSTEM32\dhcpcsvc6.DLL
0x00007ffa22570000 - 0x00007ffa2258a000 	C:\Windows\SYSTEM32\dhcpcsvc.DLL

VM Arguments:
jvm_args: -Xmx1536m -Dfile.encoding=windows-1252 -Duser.country=US -Duser.language=en -Duser.variant 
java_command: org.gradle.launcher.daemon.bootstrap.GradleDaemon 5.4.1
java_class_path (initial): C:\Users\ALEXANDRE\FamilyLife\.gradle\wrapper\dists\gradle-5.4.1-all\3221gyojl5jsh0helicew7rwx\gradle-5.4.1\lib\gradle-launcher-5.4.1.jar
Launcher Type: SUN_STANDARD

Environment Variables:
JAVA_HOME=C:\Program Files\Java\jdk1.8.0_121
PATH=C:\ProgramData\Oracle\Java\javapath;C:\Windows\system32;C:\Windows;C:\Windows\System32\Wbem;C:\Windows\System32\WindowsPowerShell\v1.0\;C:\Qt\Qt5.6.2\5.6\mingw49_32\bin;C:\Qt\Qt5.6.2\Tools\QtCreator\bin;C:\vstudio;C:\Program Files\Java\jdk1.8.0_121\bin;C:\Qt\Qt5.6.2\5.6\mingw49_32\bin;C:\Qt\Qt5.6.2\Tools\mingw492_32;C:\Program Files (x86)\Windows Kits\8.1\Windows Performance Toolkit\;C:\Program Files (x86)\Microsoft Emulator Manager\1.0\C:\MinGW\bin;C:\MinGW\include;C:\MinGW\mingw32\bin;C:\Qt\Qt5.6.2\Tools\mingw492_32\bin;C:\Users\ALEXANDRE\Desktop\gradle-3.5\bin;C:\Program Files\Android\Android Studio\bin;C:\Program Files\Microsoft\Web Platform Installer\;C:\Program Files (x86)\Microsoft ASP.NET\ASP.NET Web Pages\v1.0\;C:\Program Files\Microsoft SQL Server\110\Tools\Binn\;C:\Program Files (x86)\MATLAB\R2013\runtime\win32;C:\Program Files (x86)\MATLAB\R2013\bin;C:\Program Files (x86)\Common Files\lenovo\easyplussdk\bin;C:\android-studio-ide-162.3934792-windows\android-studio\gradle\gradle-4.6-bin;C:\Users\ALEXANDRE\Desktop\bin;C:\Program Files (x86)\Git\cmd;C:\Program Files\Java\jre7\bin;C:\Program Files (x86)\MiKTeX 2.9\miktex\bin\;C:\Program Files\MATLAB\R2017a\runtime\win64;C:\Program Files\MATLAB\R2017a\bin;C:\Program Files\MiKTeX 2.9\miktex\bin\x64\;C:\Program Files\nodejs\;C:\ProgramData\chocolatey\bin;C:\Program Files\PuTTY\;C:\Users\ALEXANDRE\AppData\Local\Programs\Python\Python37\Scripts\;C:\Users\ALEXANDRE\AppData\Local\Programs\Python\Python37\;C:\Program Files (x86)\Microsoft VS Code\bin;C:\Users\ALEXANDRE\AppData\Roaming\npm
USERNAME=ALEXANDRE
OS=Windows_NT
PROCESSOR_IDENTIFIER=Intel64 Family 6 Model 42 Stepping 7, GenuineIntel



---------------  S Y S T E M  ---------------

OS: Windows 10.0 , 64 bit Build 10240 (10.0.10240.17113)

CPU:total 4 (initial active 4) (2 cores per cpu, 2 threads per core) family 6 model 42 stepping 7, cmov, cx8, fxsr, mmx, sse, sse2, sse3, ssse3, sse4.1, sse4.2, popcnt, avx, clmul, ht, tsc, tscinvbit

Memory: 4k page, physical 4140908k(666636k free), swap 5575532k(3460k free)

vm_info: OpenJDK 64-Bit Server VM (25.202-b03) for windows-amd64 JRE (1.8.0_202-release-1483-b03), built by "builder" with MS VC++ 10.0 (VS2010)

time: Tue Aug 04 18:15:58 2020
timezone: W. Central Africa Standard Time
elapsed time: 3498 seconds (0d 0h 58m 18s)

